{"meta": {"format": 3, "version": "7.13.5", "timestamp": "2026-04-01T03:37:03.549681", "branch_coverage": false, "show_contexts": false}, "files": {"src/__init__.py": {"executed_lines": [], "summary": {"covered_lines": 0, "num_statements": 0, "percent_covered": 100.0, "percent_covered_display": "100", "missing_lines": 0, "excluded_lines": 0, "percent_statements_covered": 100.0, "percent_statements_covered_display": "100"}, "missing_lines": [], "excluded_lines": [], "functions": {"": {"executed_lines": [], "summary": {"covered_lines": 0, "num_statements": 0, "percent_covered": 100.0, "percent_covered_display": "100", "missing_lines": 0, "excluded_lines": 0, "percent_statements_covered": 100.0, "percent_statements_covered_display": "100"}, "missing_lines": [], "excluded_lines": [], "start_line": 1}}, "classes": {"": {"executed_lines": [], "summary": {"covered_lines": 0, "num_statements": 0, "percent_covered": 100.0, "percent_covered_display": "100", "missing_lines": 0, "excluded_lines": 0, "percent_statements_covered": 100.0, "percent_statements_covered_display": "100"}, "missing_lines": [], "excluded_lines": [], "start_line": 1}}}, "src/agent/__init__.py": {"executed_lines": [], "summary": {"covered_lines": 0, "num_statements": 0, "percent_covered": 100.0, "percent_covered_display": "100", "missing_lines": 0, "excluded_lines": 0, "percent_statements_covered": 100.0, "percent_statements_covered_display": "100"}, "missing_lines": [], "excluded_lines": [], "functions": {"": {"executed_lines": [], "summary": {"covered_lines": 0, "num_statements": 0, "percent_covered": 100.0, "percent_covered_display": "100", "missing_lines": 0, "excluded_lines": 0, "percent_statements_covered": 100.0, "percent_statements_covered_display": "100"}, "missing_lines": [], "excluded_lines": [], "start_line": 1}}, "classes": {"": {"executed_lines": [], "summary": {"covered_lines": 0, "num_statements": 0, "percent_covered": 100.0, "percent_covered_display": "100", "missing_lines": 0, "excluded_lines": 0, "percent_statements_covered": 100.0, "percent_statements_covered_display": "100"}, "missing_lines": [], "excluded_lines": [], "start_line": 1}}}, "src/agent/prompt.py": {"executed_lines": [8, 9, 13, 37, 255, 258, 259, 260, 261, 262, 264, 265, 267, 277, 286, 287, 289, 290, 291, 293, 297, 299, 301, 307, 308, 309, 310, 311, 317, 319, 320, 321, 326, 328, 329, 341, 343], "summary": {"covered_lines": 37, "num_statements": 45, "percent_covered": 82.22222222222223, "percent_covered_display": "82", "missing_lines": 8, "excluded_lines": 0, "percent_statements_covered": 82.22222222222223, "percent_statements_covered_display": "82"}, "missing_lines": [292, 298, 330, 331, 332, 333, 334, 336], "excluded_lines": [], "functions": {"build_system_prompt": {"executed_lines": [258, 259, 260, 261, 262, 264, 265, 267], "summary": {"covered_lines": 8, "num_statements": 8, "percent_covered": 100.0, "percent_covered_display": "100", "missing_lines": 0, "excluded_lines": 0, "percent_statements_covered": 100.0, "percent_statements_covered_display": "100"}, "missing_lines": [], "excluded_lines": [], "start_line": 255}, "build_user_section": {"executed_lines": [286, 287, 289, 290, 291, 293, 297, 299, 301, 307, 308, 309, 310, 311, 317, 319, 320, 321, 326, 328, 329, 341, 343], "summary": {"covered_lines": 23, "num_statements": 31, "percent_covered": 74.19354838709677, "percent_covered_display": "74", "missing_lines": 8, "excluded_lines": 0, "percent_statements_covered": 74.19354838709677, "percent_statements_covered_display": "74"}, "missing_lines": [292, 298, 330, 331, 332, 333, 334, 336], "excluded_lines": [], "start_line": 277}, "": {"executed_lines": [8, 9, 13, 37, 255, 277], "summary": {"covered_lines": 6, "num_statements": 6, "percent_covered": 100.0, "percent_covered_display": "100", "missing_lines": 0, "excluded_lines": 0, "percent_statements_covered": 100.0, "percent_statements_covered_display": "100"}, "missing_lines": [], "excluded_lines": [], "start_line": 1}}, "classes": {"": {"executed_lines": [8, 9, 13, 37, 255, 258, 259, 260, 261, 262, 264, 265, 267, 277, 286, 287, 289, 290, 291, 293, 297, 299, 301, 307, 308, 309, 310, 311, 317, 319, 320, 321, 326, 328, 329, 341, 343], "summary": {"covered_lines": 37, "num_statements": 45, "percent_covered": 82.22222222222223, "percent_covered_display": "82", "missing_lines": 8, "excluded_lines": 0, "percent_statements_covered": 82.22222222222223, "percent_statements_covered_display": "82"}, "missing_lines": [292, 298, 330, 331, 332, 333, 334, 336], "excluded_lines": [], "start_line": 1}}}, "src/agent/templates.py": {"executed_lines": [26, 223, 361, 462, 485, 493, 494, 495, 496, 499, 501, 505, 506, 509, 510], "summary": {"covered_lines": 15, "num_statements": 15, "percent_covered": 100.0, "percent_covered_display": "100", "missing_lines": 0, "excluded_lines": 0, "percent_statements_covered": 100.0, "percent_statements_covered_display": "100"}, "missing_lines": [], "excluded_lines": [], "functions": {"get_template": {"executed_lines": [494, 495, 496], "summary": {"covered_lines": 3, "num_statements": 3, "percent_covered": 100.0, "percent_covered_display": "100", "missing_lines": 0, "excluded_lines": 0, "percent_statements_covered": 100.0, "percent_statements_covered_display": "100"}, "missing_lines": [], "excluded_lines": [], "start_line": 493}, "get_trigger_nodes": {"executed_lines": [501], "summary": {"covered_lines": 1, "num_statements": 1, "percent_covered": 100.0, "percent_covered_display": "100", "missing_lines": 0, "excluded_lines": 0, "percent_statements_covered": 100.0, "percent_statements_covered_display": "100"}, "missing_lines": [], "excluded_lines": [], "start_line": 499}, "get_time_trigger_nodes": {"executed_lines": [506], "summary": {"covered_lines": 1, "num_statements": 1, "percent_covered": 100.0, "percent_covered_display": "100", "missing_lines": 0, "excluded_lines": 0, "percent_statements_covered": 100.0, "percent_statements_covered_display": "100"}, "missing_lines": [], "excluded_lines": [], "start_line": 505}, "get_auto_trigger_nodes": {"executed_lines": [510], "summary": {"covered_lines": 1, "num_statements": 1, "percent_covered": 100.0, "percent_covered_display": "100", "missing_lines": 0, "excluded_lines": 0, "percent_statements_covered": 100.0, "percent_statements_covered_display": "100"}, "missing_lines": [], "excluded_lines": [], "start_line": 509}, "": {"executed_lines": [26, 223, 361, 462, 485, 493, 499, 505, 509], "summary": {"covered_lines": 9, "num_statements": 9, "percent_covered": 100.0, "percent_covered_display": "100", "missing_lines": 0, "excluded_lines": 0, "percent_statements_covered": 100.0, "percent_statements_covered_display": "100"}, "missing_lines": [], "excluded_lines": [], "start_line": 1}}, "classes": {"": {"executed_lines": [26, 223, 361, 462, 485, 493, 494, 495, 496, 499, 501, 505, 506, 509, 510], "summary": {"covered_lines": 15, "num_statements": 15, "percent_covered": 100.0, "percent_covered_display": "100", "missing_lines": 0, "excluded_lines": 0, "percent_statements_covered": 100.0, "percent_statements_covered_display": "100"}, "missing_lines": [], "excluded_lines": [], "start_line": 1}}}, "src/agent/update_agent.py": {"executed_lines": [8, 9, 10, 11, 12, 13, 14, 15, 17, 18, 20, 22, 26, 27, 28, 30, 31, 32, 35, 43, 44, 45, 47, 48, 51, 52, 53, 54, 55, 58, 59, 60, 63, 64, 65, 66, 67, 68, 69, 72, 74, 75, 76, 77, 78, 79, 80, 83, 84, 87, 88, 94, 97, 99, 100, 101, 102, 103, 104, 105, 106, 107, 108, 109, 112, 117, 118, 119, 122, 123, 126, 144, 145, 147, 148, 149, 151, 152, 158, 159, 160, 161, 162, 164, 166, 169, 170, 171, 173, 174, 179, 181, 182, 184, 196, 197, 198, 201, 202, 211, 214, 226, 229, 230, 232, 233, 234, 235, 236, 239, 241, 242, 243, 244, 245, 246, 248, 249, 250, 251, 252, 254, 255, 258, 265, 266, 267, 268, 270, 271, 272, 273, 274, 275, 276, 278, 280, 283, 285, 286, 287, 300, 306, 307, 310, 311, 312, 313, 319, 326, 327, 328, 329, 330, 332, 334, 337, 341, 342, 343, 349, 350, 352, 353, 354, 355, 358, 359, 364, 365, 366, 367, 368, 370, 372, 375, 382, 384, 388, 395, 396, 397], "summary": {"covered_lines": 182, "num_statements": 187, "percent_covered": 97.32620320855615, "percent_covered_display": "97", "missing_lines": 5, "excluded_lines": 0, "percent_statements_covered": 97.32620320855615, "percent_statements_covered_display": "97"}, "missing_lines": [37, 38, 39, 40, 212], "excluded_lines": [], "functions": {"_get_gemini_client": {"executed_lines": [], "summary": {"covered_lines": 0, "num_statements": 4, "percent_covered": 0.0, "percent_covered_display": "0", "missing_lines": 4, "excluded_lines": 0, "percent_statements_covered": 0.0, "percent_statements_covered_display": "0"}, "missing_lines": [37, 38, 39, 40], "excluded_lines": [], "start_line": 35}, "_is_complex_message": {"executed_lines": [99, 100, 101, 102, 103, 104, 105, 106, 107, 108, 109], "summary": {"covered_lines": 11, "num_statements": 11, "percent_covered": 100.0, "percent_covered_display": "100", "missing_lines": 0, "excluded_lines": 0, "percent_statements_covered": 100.0, "percent_statements_covered_display": "100"}, "missing_lines": [], "excluded_lines": [], "start_line": 97}, "_select_model": {"executed_lines": [117, 118, 119], "summary": {"covered_lines": 3, "num_statements": 3, "percent_covered": 100.0, "percent_covered_display": "100", "missing_lines": 0, "excluded_lines": 0, "percent_statements_covered": 100.0, "percent_statements_covered_display": "100"}, "missing_lines": [], "excluded_lines": [], "start_line": 112}, "_is_gemini_model": {"executed_lines": [123], "summary": {"covered_lines": 1, "num_statements": 1, "percent_covered": 100.0, "percent_covered_display": "100", "missing_lines": 0, "excluded_lines": 0, "percent_statements_covered": 100.0, "percent_statements_covered_display": "100"}, "missing_lines": [], "excluded_lines": [], "start_line": 122}, "run_update_agent": {"executed_lines": [144, 145, 147, 148, 149, 151, 152, 158, 159, 160, 161, 162, 164, 166, 169, 170, 171, 173, 174, 179, 181, 182, 184, 196, 197, 198, 201, 202, 211, 214, 226], "summary": {"covered_lines": 31, "num_statements": 32, "percent_covered": 96.875, "percent_covered_display": "97", "missing_lines": 1, "excluded_lines": 0, "percent_statements_covered": 96.875, "percent_statements_covered_display": "97"}, "missing_lines": [212], "excluded_lines": [], "start_line": 126}, "_parse_raw": {"executed_lines": [241, 242, 243, 244, 245, 246, 248, 249, 250, 251, 252, 254, 255], "summary": {"covered_lines": 13, "num_statements": 13, "percent_covered": 100.0, "percent_covered_display": "100", "missing_lines": 0, "excluded_lines": 0, "percent_statements_covered": 100.0, "percent_statements_covered_display": "100"}, "missing_lines": [], "excluded_lines": [], "start_line": 239}, "_load_image": {"executed_lines": [265, 266, 267, 268, 270, 271, 272, 273, 274, 275, 276, 278, 280], "summary": {"covered_lines": 13, "num_statements": 13, "percent_covered": 100.0, "percent_covered_display": "100", "missing_lines": 0, "excluded_lines": 0, "percent_statements_covered": 100.0, "percent_statements_covered_display": "100"}, "missing_lines": [], "excluded_lines": [], "start_line": 258}, "_build_user_content": {"executed_lines": [285, 286, 287], "summary": {"covered_lines": 3, "num_statements": 3, "percent_covered": 100.0, "percent_covered_display": "100", "missing_lines": 0, "excluded_lines": 0, "percent_statements_covered": 100.0, "percent_statements_covered_display": "100"}, "missing_lines": [], "excluded_lines": [], "start_line": 283}, "_call_anthropic_with_retry": {"executed_lines": [306, 307, 310, 311, 312, 313, 319, 326, 327, 328, 329, 330, 332, 334], "summary": {"covered_lines": 14, "num_statements": 14, "percent_covered": 100.0, "percent_covered_display": "100", "missing_lines": 0, "excluded_lines": 0, "percent_statements_covered": 100.0, "percent_statements_covered_display": "100"}, "missing_lines": [], "excluded_lines": [], "start_line": 300}, "_call_gemini_with_retry": {"executed_lines": [341, 342, 343, 349, 350, 352, 353, 354, 355, 358, 359, 364, 365, 366, 367, 368, 370, 372], "summary": {"covered_lines": 18, "num_statements": 18, "percent_covered": 100.0, "percent_covered_display": "100", "missing_lines": 0, "excluded_lines": 0, "percent_statements_covered": 100.0, "percent_statements_covered_display": "100"}, "missing_lines": [], "excluded_lines": [], "start_line": 337}, "_call_with_retry": {"executed_lines": [382, 384, 388], "summary": {"covered_lines": 3, "num_statements": 3, "percent_covered": 100.0, "percent_covered_display": "100", "missing_lines": 0, "excluded_lines": 0, "percent_statements_covered": 100.0, "percent_statements_covered_display": "100"}, "missing_lines": [], "excluded_lines": [], "start_line": 375}, "_log_error": {"executed_lines": [396, 397], "summary": {"covered_lines": 2, "num_statements": 2, "percent_covered": 100.0, "percent_covered_display": "100", "missing_lines": 0, "excluded_lines": 0, "percent_statements_covered": 100.0, "percent_statements_covered_display": "100"}, "missing_lines": [], "excluded_lines": [], "start_line": 395}, "": {"executed_lines": [8, 9, 10, 11, 12, 13, 14, 15, 17, 18, 20, 22, 26, 27, 28, 30, 31, 32, 35, 43, 44, 45, 47, 48, 51, 52, 53, 54, 55, 58, 59, 60, 63, 64, 65, 66, 67, 68, 69, 72, 74, 75, 76, 77, 78, 79, 80, 83, 84, 87, 88, 94, 97, 112, 122, 126, 229, 230, 232, 233, 234, 235, 236, 239, 258, 283, 300, 337, 375, 395], "summary": {"covered_lines": 70, "num_statements": 70, "percent_covered": 100.0, "percent_covered_display": "100", "missing_lines": 0, "excluded_lines": 0, "percent_statements_covered": 100.0, "percent_statements_covered_display": "100"}, "missing_lines": [], "excluded_lines": [], "start_line": 1}}, "classes": {"NodeUpdate": {"executed_lines": [], "summary": {"covered_lines": 0, "num_statements": 0, "percent_covered": 100.0, "percent_covered_display": "100", "missing_lines": 0, "excluded_lines": 0, "percent_statements_covered": 100.0, "percent_statements_covered_display": "100"}, "missing_lines": [], "excluded_lines": [], "start_line": 43}, "AmbiguityFlag": {"executed_lines": [], "summary": {"covered_lines": 0, "num_statements": 0, "percent_covered": 100.0, "percent_covered_display": "100", "missing_lines": 0, "excluded_lines": 0, "percent_statements_covered": 100.0, "percent_statements_covered_display": "100"}, "missing_lines": [], "excluded_lines": [], "start_line": 51}, "NodeDataExtraction": {"executed_lines": [], "summary": {"covered_lines": 0, "num_statements": 0, "percent_covered": 100.0, "percent_covered_display": "100", "missing_lines": 0, "excluded_lines": 0, "percent_statements_covered": 100.0, "percent_statements_covered_display": "100"}, "missing_lines": [], "excluded_lines": [], "start_line": 58}, "ItemExtraction": {"executed_lines": [], "summary": {"covered_lines": 0, "num_statements": 0, "percent_covered": 100.0, "percent_covered_display": "100", "missing_lines": 0, "excluded_lines": 0, "percent_statements_covered": 100.0, "percent_statements_covered_display": "100"}, "missing_lines": [], "excluded_lines": [], "start_line": 63}, "TaskOutput": {"executed_lines": [], "summary": {"covered_lines": 0, "num_statements": 0, "percent_covered": 100.0, "percent_covered_display": "100", "missing_lines": 0, "excluded_lines": 0, "percent_statements_covered": 100.0, "percent_statements_covered_display": "100"}, "missing_lines": [], "excluded_lines": [], "start_line": 72}, "AgentOutput": {"executed_lines": [], "summary": {"covered_lines": 0, "num_statements": 0, "percent_covered": 100.0, "percent_covered_display": "100", "missing_lines": 0, "excluded_lines": 0, "percent_statements_covered": 100.0, "percent_statements_covered_display": "100"}, "missing_lines": [], "excluded_lines": [], "start_line": 83}, "LLMResponse": {"executed_lines": [], "summary": {"covered_lines": 0, "num_statements": 0, "percent_covered": 100.0, "percent_covered_display": "100", "missing_lines": 0, "excluded_lines": 0, "percent_statements_covered": 100.0, "percent_statements_covered_display": "100"}, "missing_lines": [], "excluded_lines": [], "start_line": 230}, "": {"executed_lines": [8, 9, 10, 11, 12, 13, 14, 15, 17, 18, 20, 22, 26, 27, 28, 30, 31, 32, 35, 43, 44, 45, 47, 48, 51, 52, 53, 54, 55, 58, 59, 60, 63, 64, 65, 66, 67, 68, 69, 72, 74, 75, 76, 77, 78, 79, 80, 83, 84, 87, 88, 94, 97, 99, 100, 101, 102, 103, 104, 105, 106, 107, 108, 109, 112, 117, 118, 119, 122, 123, 126, 144, 145, 147, 148, 149, 151, 152, 158, 159, 160, 161, 162, 164, 166, 169, 170, 171, 173, 174, 179, 181, 182, 184, 196, 197, 198, 201, 202, 211, 214, 226, 229, 230, 232, 233, 234, 235, 236, 239, 241, 242, 243, 244, 245, 246, 248, 249, 250, 251, 252, 254, 255, 258, 265, 266, 267, 268, 270, 271, 272, 273, 274, 275, 276, 278, 280, 283, 285, 286, 287, 300, 306, 307, 310, 311, 312, 313, 319, 326, 327, 328, 329, 330, 332, 334, 337, 341, 342, 343, 349, 350, 352, 353, 354, 355, 358, 359, 364, 365, 366, 367, 368, 370, 372, 375, 382, 384, 388, 395, 396, 397], "summary": {"covered_lines": 182, "num_statements": 187, "percent_covered": 97.32620320855615, "percent_covered_display": "97", "missing_lines": 5, "excluded_lines": 0, "percent_statements_covered": 97.32620320855615, "percent_statements_covered_display": "97"}, "missing_lines": [37, 38, 39, 40, 212], "excluded_lines": [], "start_line": 1}}}, "src/alerts/__init__.py": {"executed_lines": [], "summary": {"covered_lines": 0, "num_statements": 0, "percent_covered": 100.0, "percent_covered_display": "100", "missing_lines": 0, "excluded_lines": 0, "percent_statements_covered": 100.0, "percent_statements_covered_display": "100"}, "missing_lines": [], "excluded_lines": [], "functions": {"": {"executed_lines": [], "summary": {"covered_lines": 0, "num_statements": 0, "percent_covered": 100.0, "percent_covered_display": "100", "missing_lines": 0, "excluded_lines": 0, "percent_statements_covered": 100.0, "percent_statements_covered_display": "100"}, "missing_lines": [], "excluded_lines": [], "start_line": 1}}, "classes": {"": {"executed_lines": [], "summary": {"covered_lines": 0, "num_statements": 0, "percent_covered": 100.0, "percent_covered_display": "100", "missing_lines": 0, "excluded_lines": 0, "percent_statements_covered": 100.0, "percent_statements_covered_display": "100"}, "missing_lines": [], "excluded_lines": [], "start_line": 1}}}, "src/alerts/ambiguity_worker.py": {"executed_lines": [10, 11, 12, 13, 15, 19, 20, 22, 25, 26, 27, 28, 30, 33, 35, 36, 37, 40, 43, 44, 45, 46, 47, 48, 50, 51, 54, 55, 57, 58, 59, 65, 67, 68, 69, 70, 71, 81, 82, 83, 84, 94, 97, 99, 101, 102, 103, 104, 110, 112, 113, 114, 115, 123, 124, 127, 128, 142, 143, 144, 146, 147, 155, 157, 162, 163, 171, 172, 180, 190], "summary": {"covered_lines": 70, "num_statements": 80, "percent_covered": 87.5, "percent_covered_display": "88", "missing_lines": 10, "excluded_lines": 0, "percent_statements_covered": 87.5, "percent_statements_covered_display": "88"}, "missing_lines": [93, 181, 182, 183, 184, 185, 186, 187, 191, 193], "excluded_lines": [], "functions": {"check_ambiguity_queue": {"executed_lines": [26, 27, 28, 30, 33, 35, 36, 37], "summary": {"covered_lines": 8, "num_statements": 8, "percent_covered": 100.0, "percent_covered_display": "100", "missing_lines": 0, "excluded_lines": 0, "percent_statements_covered": 100.0, "percent_statements_covered_display": "100"}, "missing_lines": [], "excluded_lines": [], "start_line": 25}, "_process_entry": {"executed_lines": [44, 45, 46, 47, 48, 50, 51, 54, 55, 57, 58, 59, 65, 67, 68, 69, 70, 71, 81, 82, 83, 84, 94, 97, 99, 101, 102, 103, 104, 110, 112, 113, 114, 115, 123, 124], "summary": {"covered_lines": 36, "num_statements": 37, "percent_covered": 97.29729729729729, "percent_covered_display": "97", "missing_lines": 1, "excluded_lines": 0, "percent_statements_covered": 97.29729729729729, "percent_statements_covered_display": "97"}, "missing_lines": [93], "excluded_lines": [], "start_line": 43}, "_send_escalation": {"executed_lines": [128, 142, 143, 144, 146, 147], "summary": {"covered_lines": 6, "num_statements": 6, "percent_covered": 100.0, "percent_covered_display": "100", "missing_lines": 0, "excluded_lines": 0, "percent_statements_covered": 100.0, "percent_statements_covered_display": "100"}, "missing_lines": [], "excluded_lines": [], "start_line": 127}, "_auto_resolve": {"executed_lines": [157, 162, 163, 171, 172], "summary": {"covered_lines": 5, "num_statements": 5, "percent_covered": 100.0, "percent_covered_display": "100", "missing_lines": 0, "excluded_lines": 0, "percent_statements_covered": 100.0, "percent_statements_covered_display": "100"}, "missing_lines": [], "excluded_lines": [], "start_line": 155}, "run": {"executed_lines": [], "summary": {"covered_lines": 0, "num_statements": 7, "percent_covered": 0.0, "percent_covered_display": "0", "missing_lines": 7, "excluded_lines": 0, "percent_statements_covered": 0.0, "percent_statements_covered_display": "0"}, "missing_lines": [181, 182, 183, 184, 185, 186, 187], "excluded_lines": [], "start_line": 180}, "": {"executed_lines": [10, 11, 12, 13, 15, 19, 20, 22, 25, 40, 43, 127, 155, 180, 190], "summary": {"covered_lines": 15, "num_statements": 17, "percent_covered": 88.23529411764706, "percent_covered_display": "88", "missing_lines": 2, "excluded_lines": 0, "percent_statements_covered": 88.23529411764706, "percent_statements_covered_display": "88"}, "missing_lines": [191, 193], "excluded_lines": [], "start_line": 1}}, "classes": {"": {"executed_lines": [10, 11, 12, 13, 15, 19, 20, 22, 25, 26, 27, 28, 30, 33, 35, 36, 37, 40, 43, 44, 45, 46, 47, 48, 50, 51, 54, 55, 57, 58, 59, 65, 67, 68, 69, 70, 71, 81, 82, 83, 84, 94, 97, 99, 101, 102, 103, 104, 110, 112, 113, 114, 115, 123, 124, 127, 128, 142, 143, 144, 146, 147, 155, 157, 162, 163, 171, 172, 180, 190], "summary": {"covered_lines": 70, "num_statements": 80, "percent_covered": 87.5, "percent_covered_display": "88", "missing_lines": 10, "excluded_lines": 0, "percent_statements_covered": 87.5, "percent_statements_covered_display": "88"}, "missing_lines": [93, 181, 182, 183, 184, 185, 186, 187, 191, 193], "excluded_lines": [], "start_line": 1}}}, "src/alerts/cron_worker.py": {"executed_lines": [7, 8, 9, 10, 11, 13, 14, 15, 16, 18, 21, 23, 24, 25, 26, 29, 30, 31, 32, 33, 36, 48, 56, 61, 62, 63, 66, 67, 68, 70, 71, 72, 73, 74, 75, 76, 79, 80, 81, 82, 85, 86, 87, 89, 90, 91, 92, 93, 94, 95, 96, 97, 98, 102, 105, 106, 107, 109, 110, 111, 113, 114, 115, 116, 118, 119, 120, 121, 122, 123, 124, 126, 127, 129, 132, 133, 143, 144, 145, 146, 150, 160], "summary": {"covered_lines": 82, "num_statements": 100, "percent_covered": 82.0, "percent_covered_display": "82", "missing_lines": 18, "excluded_lines": 0, "percent_statements_covered": 82.0, "percent_statements_covered_display": "82"}, "missing_lines": [38, 39, 40, 44, 45, 49, 50, 99, 100, 151, 152, 153, 154, 155, 156, 157, 161, 163], "excluded_lines": [], "functions": {"_node_completed_at": {"executed_lines": [23, 24, 25, 26], "summary": {"covered_lines": 4, "num_statements": 4, "percent_covered": 100.0, "percent_covered_display": "100", "missing_lines": 0, "excluded_lines": 0, "percent_statements_covered": 100.0, "percent_statements_covered_display": "100"}, "missing_lines": [], "excluded_lines": [], "start_line": 21}, "_node_status": {"executed_lines": [30, 31, 32, 33], "summary": {"covered_lines": 4, "num_statements": 4, "percent_covered": 100.0, "percent_covered_display": "100", "missing_lines": 0, "excluded_lines": 0, "percent_statements_covered": 100.0, "percent_statements_covered_display": "100"}, "missing_lines": [], "excluded_lines": [], "start_line": 29}, "_alert_already_fired": {"executed_lines": [], "summary": {"covered_lines": 0, "num_statements": 5, "percent_covered": 0.0, "percent_covered_display": "0", "missing_lines": 5, "excluded_lines": 0, "percent_statements_covered": 0.0, "percent_statements_covered_display": "0"}, "missing_lines": [38, 39, 40, 44, 45], "excluded_lines": [], "start_line": 36}, "_record_alert_fired": {"executed_lines": [], "summary": {"covered_lines": 0, "num_statements": 2, "percent_covered": 0.0, "percent_covered_display": "0", "missing_lines": 2, "excluded_lines": 0, "percent_statements_covered": 0.0, "percent_statements_covered_display": "0"}, "missing_lines": [49, 50], "excluded_lines": [], "start_line": 48}, "_evaluate_time_trigger": {"executed_lines": [61, 62, 63, 66, 67, 68, 70, 71, 72, 73, 74, 75, 76, 79, 80, 81, 82, 85, 86, 87, 89, 90, 91, 92, 93, 94, 95, 96, 97, 98, 102], "summary": {"covered_lines": 31, "num_statements": 33, "percent_covered": 93.93939393939394, "percent_covered_display": "94", "missing_lines": 2, "excluded_lines": 0, "percent_statements_covered": 93.93939393939394, "percent_statements_covered_display": "94"}, "missing_lines": [99, 100], "excluded_lines": [], "start_line": 56}, "check_time_trigger_alerts": {"executed_lines": [106, 107, 109, 110, 111, 113, 114, 115, 116, 118, 119, 120, 121, 122, 123, 124, 126, 127, 129], "summary": {"covered_lines": 19, "num_statements": 19, "percent_covered": 100.0, "percent_covered_display": "100", "missing_lines": 0, "excluded_lines": 0, "percent_statements_covered": 100.0, "percent_statements_covered_display": "100"}, "missing_lines": [], "excluded_lines": [], "start_line": 105}, "_fire_alert": {"executed_lines": [133, 143, 144, 145, 146], "summary": {"covered_lines": 5, "num_statements": 5, "percent_covered": 100.0, "percent_covered_display": "100", "missing_lines": 0, "excluded_lines": 0, "percent_statements_covered": 100.0, "percent_statements_covered_display": "100"}, "missing_lines": [], "excluded_lines": [], "start_line": 132}, "run": {"executed_lines": [], "summary": {"covered_lines": 0, "num_statements": 7, "percent_covered": 0.0, "percent_covered_display": "0", "missing_lines": 7, "excluded_lines": 0, "percent_statements_covered": 0.0, "percent_statements_covered_display": "0"}, "missing_lines": [151, 152, 153, 154, 155, 156, 157], "excluded_lines": [], "start_line": 150}, "": {"executed_lines": [7, 8, 9, 10, 11, 13, 14, 15, 16, 18, 21, 29, 36, 48, 56, 105, 132, 150, 160], "summary": {"covered_lines": 19, "num_statements": 21, "percent_covered": 90.47619047619048, "percent_covered_display": "90", "missing_lines": 2, "excluded_lines": 0, "percent_statements_covered": 90.47619047619048, "percent_statements_covered_display": "90"}, "missing_lines": [161, 163], "excluded_lines": [], "start_line": 1}}, "classes": {"": {"executed_lines": [7, 8, 9, 10, 11, 13, 14, 15, 16, 18, 21, 23, 24, 25, 26, 29, 30, 31, 32, 33, 36, 48, 56, 61, 62, 63, 66, 67, 68, 70, 71, 72, 73, 74, 75, 76, 79, 80, 81, 82, 85, 86, 87, 89, 90, 91, 92, 93, 94, 95, 96, 97, 98, 102, 105, 106, 107, 109, 110, 111, 113, 114, 115, 116, 118, 119, 120, 121, 122, 123, 124, 126, 127, 129, 132, 133, 143, 144, 145, 146, 150, 160], "summary": {"covered_lines": 82, "num_statements": 100, "percent_covered": 82.0, "percent_covered_display": "82", "missing_lines": 18, "excluded_lines": 0, "percent_statements_covered": 82.0, "percent_statements_covered_display": "82"}, "missing_lines": [38, 39, 40, 44, 45, 49, 50, 99, 100, 151, 152, 153, 154, 155, 156, 157, 161, 163], "excluded_lines": [], "start_line": 1}}}, "src/alerts/escalation_router.py": {"executed_lines": [6, 9, 12, 13, 14, 15, 16, 17, 18, 19, 22, 23, 24, 27, 28, 29, 30, 31, 32, 35, 39, 40, 46, 47, 48, 55, 56, 63, 64, 69], "summary": {"covered_lines": 30, "num_statements": 30, "percent_covered": 100.0, "percent_covered_display": "100", "missing_lines": 0, "excluded_lines": 0, "percent_statements_covered": 100.0, "percent_statements_covered_display": "100"}, "missing_lines": [], "excluded_lines": [], "functions": {"route_ambiguity": {"executed_lines": [39, 40, 46, 47, 48, 55, 56, 63, 64, 69], "summary": {"covered_lines": 10, "num_statements": 10, "percent_covered": 100.0, "percent_covered_display": "100", "missing_lines": 0, "excluded_lines": 0, "percent_statements_covered": 100.0, "percent_statements_covered_display": "100"}, "missing_lines": [], "excluded_lines": [], "start_line": 35}, "": {"executed_lines": [6, 9, 12, 13, 14, 15, 16, 17, 18, 19, 22, 23, 24, 27, 28, 29, 30, 31, 32, 35], "summary": {"covered_lines": 20, "num_statements": 20, "percent_covered": 100.0, "percent_covered_display": "100", "missing_lines": 0, "excluded_lines": 0, "percent_statements_covered": 100.0, "percent_statements_covered_display": "100"}, "missing_lines": [], "excluded_lines": [], "start_line": 1}}, "classes": {"AmbiguityItem": {"executed_lines": [], "summary": {"covered_lines": 0, "num_statements": 0, "percent_covered": 100.0, "percent_covered_display": "100", "missing_lines": 0, "excluded_lines": 0, "percent_statements_covered": 100.0, "percent_statements_covered_display": "100"}, "missing_lines": [], "excluded_lines": [], "start_line": 13}, "RoutingContext": {"executed_lines": [], "summary": {"covered_lines": 0, "num_statements": 0, "percent_covered": 100.0, "percent_covered_display": "100", "missing_lines": 0, "excluded_lines": 0, "percent_statements_covered": 100.0, "percent_statements_covered_display": "100"}, "missing_lines": [], "excluded_lines": [], "start_line": 23}, "EscalationDecision": {"executed_lines": [], "summary": {"covered_lines": 0, "num_statements": 0, "percent_covered": 100.0, "percent_covered_display": "100", "missing_lines": 0, "excluded_lines": 0, "percent_statements_covered": 100.0, "percent_statements_covered_display": "100"}, "missing_lines": [], "excluded_lines": [], "start_line": 28}, "": {"executed_lines": [6, 9, 12, 13, 14, 15, 16, 17, 18, 19, 22, 23, 24, 27, 28, 29, 30, 31, 32, 35, 39, 40, 46, 47, 48, 55, 56, 63, 64, 69], "summary": {"covered_lines": 30, "num_statements": 30, "percent_covered": 100.0, "percent_covered_display": "100", "missing_lines": 0, "excluded_lines": 0, "percent_statements_covered": 100.0, "percent_statements_covered_display": "100"}, "missing_lines": [], "excluded_lines": [], "start_line": 1}}}, "src/config.py": {"executed_lines": [15, 25, 39, 56, 62, 63, 64, 65, 88, 128, 132, 138, 153, 159, 160, 161, 162, 163, 169, 170, 171, 172, 173, 179, 180, 181, 182, 188], "summary": {"covered_lines": 28, "num_statements": 28, "percent_covered": 100.0, "percent_covered_display": "100", "missing_lines": 0, "excluded_lines": 0, "percent_statements_covered": 100.0, "percent_statements_covered_display": "100"}, "missing_lines": [], "excluded_lines": [], "functions": {"": {"executed_lines": [15, 25, 39, 56, 62, 63, 64, 65, 88, 128, 132, 138, 153, 159, 160, 161, 162, 163, 169, 170, 171, 172, 173, 179, 180, 181, 182, 188], "summary": {"covered_lines": 28, "num_statements": 28, "percent_covered": 100.0, "percent_covered_display": "100", "missing_lines": 0, "excluded_lines": 0, "percent_statements_covered": 100.0, "percent_statements_covered_display": "100"}, "missing_lines": [], "excluded_lines": [], "start_line": 1}}, "classes": {"": {"executed_lines": [15, 25, 39, 56, 62, 63, 64, 65, 88, 128, 132, 138, 153, 159, 160, 161, 162, 163, 169, 170, 171, 172, 173, 179, 180, 181, 182, 188], "summary": {"covered_lines": 28, "num_statements": 28, "percent_covered": 100.0, "percent_covered_display": "100", "missing_lines": 0, "excluded_lines": 0, "percent_statements_covered": 100.0, "percent_statements_covered_display": "100"}, "missing_lines": [], "excluded_lines": [], "start_line": 1}}}, "src/ingestion/__init__.py": {"executed_lines": [], "summary": {"covered_lines": 0, "num_statements": 0, "percent_covered": 100.0, "percent_covered_display": "100", "missing_lines": 0, "excluded_lines": 0, "percent_statements_covered": 100.0, "percent_statements_covered_display": "100"}, "missing_lines": [], "excluded_lines": [], "functions": {"": {"executed_lines": [], "summary": {"covered_lines": 0, "num_statements": 0, "percent_covered": 100.0, "percent_covered_display": "100", "missing_lines": 0, "excluded_lines": 0, "percent_statements_covered": 100.0, "percent_statements_covered_display": "100"}, "missing_lines": [], "excluded_lines": [], "start_line": 1}}, "classes": {"": {"executed_lines": [], "summary": {"covered_lines": 0, "num_statements": 0, "percent_covered": 100.0, "percent_covered_display": "100", "missing_lines": 0, "excluded_lines": 0, "percent_statements_covered": 100.0, "percent_statements_covered_display": "100"}, "missing_lines": [], "excluded_lines": [], "start_line": 1}}}, "src/ingestion/ingest.py": {"executed_lines": [], "summary": {"covered_lines": 0, "num_statements": 42, "percent_covered": 0.0, "percent_covered_display": "0", "missing_lines": 42, "excluded_lines": 0, "percent_statements_covered": 0.0, "percent_statements_covered_display": "0"}, "missing_lines": [8, 9, 10, 12, 13, 14, 16, 18, 19, 20, 23, 24, 25, 26, 27, 28, 29, 30, 33, 34, 35, 38, 40, 41, 43, 45, 46, 48, 50, 52, 53, 59, 60, 61, 63, 66, 67, 68, 69, 70, 71, 72], "excluded_lines": [], "functions": {"ingest": {"executed_lines": [], "summary": {"covered_lines": 0, "num_statements": 15, "percent_covered": 0.0, "percent_covered_display": "0", "missing_lines": 15, "excluded_lines": 0, "percent_statements_covered": 0.0, "percent_statements_covered_display": "0"}, "missing_lines": [35, 38, 40, 41, 43, 45, 46, 48, 50, 52, 53, 59, 60, 61, 63], "excluded_lines": [], "start_line": 34}, "health": {"executed_lines": [], "summary": {"covered_lines": 0, "num_statements": 5, "percent_covered": 0.0, "percent_covered_display": "0", "missing_lines": 5, "excluded_lines": 0, "percent_statements_covered": 0.0, "percent_statements_covered_display": "0"}, "missing_lines": [68, 69, 70, 71, 72], "excluded_lines": [], "start_line": 67}, "": {"executed_lines": [], "summary": {"covered_lines": 0, "num_statements": 22, "percent_covered": 0.0, "percent_covered_display": "0", "missing_lines": 22, "excluded_lines": 0, "percent_statements_covered": 0.0, "percent_statements_covered_display": "0"}, "missing_lines": [8, 9, 10, 12, 13, 14, 16, 18, 19, 20, 23, 24, 25, 26, 27, 28, 29, 30, 33, 34, 66, 67], "excluded_lines": [], "start_line": 1}}, "classes": {"IncomingMessage": {"executed_lines": [], "summary": {"covered_lines": 0, "num_statements": 0, "percent_covered": 100.0, "percent_covered_display": "100", "missing_lines": 0, "excluded_lines": 0, "percent_statements_covered": 100.0, "percent_statements_covered_display": "100"}, "missing_lines": [], "excluded_lines": [], "start_line": 23}, "": {"executed_lines": [], "summary": {"covered_lines": 0, "num_statements": 42, "percent_covered": 0.0, "percent_covered_display": "0", "missing_lines": 42, "excluded_lines": 0, "percent_statements_covered": 0.0, "percent_statements_covered_display": "0"}, "missing_lines": [8, 9, 10, 12, 13, 14, 16, 18, 19, 20, 23, 24, 25, 26, 27, 28, 29, 30, 33, 34, 35, 38, 40, 41, 43, 45, 46, 48, 50, 52, 53, 59, 60, 61, 63, 66, 67, 68, 69, 70, 71, 72], "excluded_lines": [], "start_line": 1}}}, "src/linkage/__init__.py": {"executed_lines": [], "summary": {"covered_lines": 0, "num_statements": 0, "percent_covered": 100.0, "percent_covered_display": "100", "missing_lines": 0, "excluded_lines": 0, "percent_statements_covered": 100.0, "percent_statements_covered_display": "100"}, "missing_lines": [], "excluded_lines": [], "functions": {"": {"executed_lines": [], "summary": {"covered_lines": 0, "num_statements": 0, "percent_covered": 100.0, "percent_covered_display": "100", "missing_lines": 0, "excluded_lines": 0, "percent_statements_covered": 100.0, "percent_statements_covered_display": "100"}, "missing_lines": [], "excluded_lines": [], "start_line": 1}}, "classes": {"": {"executed_lines": [], "summary": {"covered_lines": 0, "num_statements": 0, "percent_covered": 100.0, "percent_covered_display": "100", "missing_lines": 0, "excluded_lines": 0, "percent_statements_covered": 100.0, "percent_statements_covered_display": "100"}, "missing_lines": [], "excluded_lines": [], "start_line": 1}}}, "src/linkage/agent.py": {"executed_lines": [13, 14, 15, 16, 18, 19, 21, 22, 26, 27, 29, 32, 35, 36, 37, 38, 39, 40, 41, 42, 43, 46, 47, 48, 49, 50, 51, 54, 55, 56, 57, 58, 59, 62, 63, 64, 65, 66, 69, 78, 79, 80, 81, 83, 84, 90, 94, 96, 97, 99, 111, 112, 113, 114, 115, 117, 118, 119, 121, 122, 123, 125, 126, 129, 130, 131], "summary": {"covered_lines": 66, "num_statements": 68, "percent_covered": 97.05882352941177, "percent_covered_display": "97", "missing_lines": 2, "excluded_lines": 0, "percent_statements_covered": 97.05882352941177, "percent_statements_covered_display": "97"}, "missing_lines": [85, 120], "excluded_lines": [], "functions": {"run_linkage_agent": {"executed_lines": [78, 79, 80, 81, 83, 84, 90, 94, 96, 97, 99, 111, 112, 113, 114, 115, 117, 118, 119, 121, 122, 123, 125, 126], "summary": {"covered_lines": 24, "num_statements": 26, "percent_covered": 92.3076923076923, "percent_covered_display": "92", "missing_lines": 2, "excluded_lines": 0, "percent_statements_covered": 92.3076923076923, "percent_statements_covered_display": "92"}, "missing_lines": [85, 120], "excluded_lines": [], "start_line": 69}, "_log_error": {"executed_lines": [130, 131], "summary": {"covered_lines": 2, "num_statements": 2, "percent_covered": 100.0, "percent_covered_display": "100", "missing_lines": 0, "excluded_lines": 0, "percent_statements_covered": 100.0, "percent_statements_covered_display": "100"}, "missing_lines": [], "excluded_lines": [], "start_line": 129}, "": {"executed_lines": [13, 14, 15, 16, 18, 19, 21, 22, 26, 27, 29, 32, 35, 36, 37, 38, 39, 40, 41, 42, 43, 46, 47, 48, 49, 50, 51, 54, 55, 56, 57, 58, 59, 62, 63, 64, 65, 66, 69, 129], "summary": {"covered_lines": 40, "num_statements": 40, "percent_covered": 100.0, "percent_covered_display": "100", "missing_lines": 0, "excluded_lines": 0, "percent_statements_covered": 100.0, "percent_statements_covered_display": "100"}, "missing_lines": [], "excluded_lines": [], "start_line": 1}}, "classes": {"LinkageUpdate": {"executed_lines": [], "summary": {"covered_lines": 0, "num_statements": 0, "percent_covered": 100.0, "percent_covered_display": "100", "missing_lines": 0, "excluded_lines": 0, "percent_statements_covered": 100.0, "percent_statements_covered_display": "100"}, "missing_lines": [], "excluded_lines": [], "start_line": 35}, "ClientOrderUpdate": {"executed_lines": [], "summary": {"covered_lines": 0, "num_statements": 0, "percent_covered": 100.0, "percent_covered_display": "100", "missing_lines": 0, "excluded_lines": 0, "percent_statements_covered": 100.0, "percent_statements_covered_display": "100"}, "missing_lines": [], "excluded_lines": [], "start_line": 46}, "LinkageAmbiguityFlag": {"executed_lines": [], "summary": {"covered_lines": 0, "num_statements": 0, "percent_covered": 100.0, "percent_covered_display": "100", "missing_lines": 0, "excluded_lines": 0, "percent_statements_covered": 100.0, "percent_statements_covered_display": "100"}, "missing_lines": [], "excluded_lines": [], "start_line": 54}, "LinkageAgentOutput": {"executed_lines": [], "summary": {"covered_lines": 0, "num_statements": 0, "percent_covered": 100.0, "percent_covered_display": "100", "missing_lines": 0, "excluded_lines": 0, "percent_statements_covered": 100.0, "percent_statements_covered_display": "100"}, "missing_lines": [], "excluded_lines": [], "start_line": 62}, "": {"executed_lines": [13, 14, 15, 16, 18, 19, 21, 22, 26, 27, 29, 32, 35, 36, 37, 38, 39, 40, 41, 42, 43, 46, 47, 48, 49, 50, 51, 54, 55, 56, 57, 58, 59, 62, 63, 64, 65, 66, 69, 78, 79, 80, 81, 83, 84, 90, 94, 96, 97, 99, 111, 112, 113, 114, 115, 117, 118, 119, 121, 122, 123, 125, 126, 129, 130, 131], "summary": {"covered_lines": 66, "num_statements": 68, "percent_covered": 97.05882352941177, "percent_covered_display": "97", "missing_lines": 2, "excluded_lines": 0, "percent_statements_covered": 97.05882352941177, "percent_statements_covered_display": "97"}, "missing_lines": [85, 120], "excluded_lines": [], "start_line": 1}}}, "src/linkage/linkage_worker.py": {"executed_lines": [27, 28, 29, 30, 32, 34, 35, 36, 37, 46, 48, 50, 51, 52, 59, 67, 75, 98, 117, 122, 123, 124, 125, 127, 128, 129, 130, 132, 133, 134, 136, 137, 138, 140, 144, 145, 146, 148, 150, 151, 152, 158, 159, 170, 177, 178, 185, 189, 190, 191, 192, 193, 194, 195, 199, 201, 202, 203, 205, 207, 212, 216, 217, 218, 224, 225, 226, 229, 232, 233, 249, 256, 286, 312], "summary": {"covered_lines": 74, "num_statements": 124, "percent_covered": 59.67741935483871, "percent_covered_display": "60", "missing_lines": 50, "excluded_lines": 0, "percent_statements_covered": 59.67741935483871, "percent_statements_covered_display": "60"}, "missing_lines": [61, 62, 63, 64, 68, 69, 70, 71, 72, 78, 79, 80, 99, 100, 110, 208, 209, 213, 257, 258, 259, 260, 261, 262, 263, 264, 265, 269, 272, 273, 274, 287, 288, 289, 291, 292, 293, 299, 300, 301, 302, 303, 304, 305, 306, 307, 308, 309, 313, 315], "excluded_lines": [], "functions": {"_get_all_fulfillment_links": {"executed_lines": [], "summary": {"covered_lines": 0, "num_statements": 4, "percent_covered": 0.0, "percent_covered_display": "0", "missing_lines": 4, "excluded_lines": 0, "percent_statements_covered": 0.0, "percent_statements_covered_display": "0"}, "missing_lines": [61, 62, 63, 64], "excluded_lines": [], "start_line": 59}, "_ensure_consumer_group": {"executed_lines": [], "summary": {"covered_lines": 0, "num_statements": 5, "percent_covered": 0.0, "percent_covered_display": "0", "missing_lines": 5, "excluded_lines": 0, "percent_statements_covered": 0.0, "percent_statements_covered_display": "0"}, "missing_lines": [68, 69, 70, 71, 72], "excluded_lines": [], "start_line": 67}, "_write_dead_letter": {"executed_lines": [], "summary": {"covered_lines": 0, "num_statements": 3, "percent_covered": 0.0, "percent_covered_display": "0", "missing_lines": 3, "excluded_lines": 0, "percent_statements_covered": 0.0, "percent_statements_covered_display": "0"}, "missing_lines": [78, 79, 80], "excluded_lines": [], "start_line": 75}, "_log_new_task_candidate": {"executed_lines": [], "summary": {"covered_lines": 0, "num_statements": 3, "percent_covered": 0.0, "percent_covered_display": "0", "missing_lines": 3, "excluded_lines": 0, "percent_statements_covered": 0.0, "percent_statements_covered_display": "0"}, "missing_lines": [99, 100, 110], "excluded_lines": [], "start_line": 98}, "process_event": {"executed_lines": [122, 123, 124, 125, 127, 128, 129, 130, 132, 133, 134, 136, 137, 138, 140, 144, 145, 146, 148, 150, 151, 152, 158, 159, 170, 177, 178, 185, 189, 190, 191, 192, 193, 194, 195, 199, 201, 202, 203, 205, 207, 212, 216, 217, 218, 224, 225, 226, 229, 232, 233, 249], "summary": {"covered_lines": 52, "num_statements": 55, "percent_covered": 94.54545454545455, "percent_covered_display": "95", "missing_lines": 3, "excluded_lines": 0, "percent_statements_covered": 94.54545454545455, "percent_statements_covered_display": "95"}, "missing_lines": [208, 209, 213], "excluded_lines": [], "start_line": 117}, "_process_with_retry": {"executed_lines": [], "summary": {"covered_lines": 0, "num_statements": 13, "percent_covered": 0.0, "percent_covered_display": "0", "missing_lines": 13, "excluded_lines": 0, "percent_statements_covered": 0.0, "percent_statements_covered_display": "0"}, "missing_lines": [257, 258, 259, 260, 261, 262, 263, 264, 265, 269, 272, 273, 274], "excluded_lines": [], "start_line": 256}, "run": {"executed_lines": [], "summary": {"covered_lines": 0, "num_statements": 17, "percent_covered": 0.0, "percent_covered_display": "0", "missing_lines": 17, "excluded_lines": 0, "percent_statements_covered": 0.0, "percent_statements_covered_display": "0"}, "missing_lines": [287, 288, 289, 291, 292, 293, 299, 300, 301, 302, 303, 304, 305, 306, 307, 308, 309], "excluded_lines": [], "start_line": 286}, "": {"executed_lines": [27, 28, 29, 30, 32, 34, 35, 36, 37, 46, 48, 50, 51, 52, 59, 67, 75, 98, 117, 256, 286, 312], "summary": {"covered_lines": 22, "num_statements": 24, "percent_covered": 91.66666666666667, "percent_covered_display": "92", "missing_lines": 2, "excluded_lines": 0, "percent_statements_covered": 91.66666666666667, "percent_statements_covered_display": "92"}, "missing_lines": [313, 315], "excluded_lines": [], "start_line": 1}}, "classes": {"": {"executed_lines": [27, 28, 29, 30, 32, 34, 35, 36, 37, 46, 48, 50, 51, 52, 59, 67, 75, 98, 117, 122, 123, 124, 125, 127, 128, 129, 130, 132, 133, 134, 136, 137, 138, 140, 144, 145, 146, 148, 150, 151, 152, 158, 159, 170, 177, 178, 185, 189, 190, 191, 192, 193, 194, 195, 199, 201, 202, 203, 205, 207, 212, 216, 217, 218, 224, 225, 226, 229, 232, 233, 249, 256, 286, 312], "summary": {"covered_lines": 74, "num_statements": 124, "percent_covered": 59.67741935483871, "percent_covered_display": "60", "missing_lines": 50, "excluded_lines": 0, "percent_statements_covered": 59.67741935483871, "percent_statements_covered_display": "60"}, "missing_lines": [61, 62, 63, 64, 68, 69, 70, 71, 72, 78, 79, 80, 99, 100, 110, 208, 209, 213, 257, 258, 259, 260, 261, 262, 263, 264, 265, 269, 272, 273, 274, 287, 288, 289, 291, 292, 293, 299, 300, 301, 302, 303, 304, 305, 306, 307, 308, 309, 313, 315], "excluded_lines": [], "start_line": 1}}}, "src/linkage/prompt.py": {"executed_lines": [15, 17, 109, 110, 113, 126, 133, 135, 137, 139], "summary": {"covered_lines": 10, "num_statements": 10, "percent_covered": 100.0, "percent_covered_display": "100", "missing_lines": 0, "excluded_lines": 0, "percent_statements_covered": 100.0, "percent_statements_covered_display": "100"}, "missing_lines": [], "excluded_lines": [], "functions": {"build_system_prompt": {"executed_lines": [110], "summary": {"covered_lines": 1, "num_statements": 1, "percent_covered": 100.0, "percent_covered_display": "100", "missing_lines": 0, "excluded_lines": 0, "percent_statements_covered": 100.0, "percent_statements_covered_display": "100"}, "missing_lines": [], "excluded_lines": [], "start_line": 109}, "build_user_section": {"executed_lines": [126, 133, 135, 137, 139], "summary": {"covered_lines": 5, "num_statements": 5, "percent_covered": 100.0, "percent_covered_display": "100", "missing_lines": 0, "excluded_lines": 0, "percent_statements_covered": 100.0, "percent_statements_covered_display": "100"}, "missing_lines": [], "excluded_lines": [], "start_line": 113}, "": {"executed_lines": [15, 17, 109, 113], "summary": {"covered_lines": 4, "num_statements": 4, "percent_covered": 100.0, "percent_covered_display": "100", "missing_lines": 0, "excluded_lines": 0, "percent_statements_covered": 100.0, "percent_statements_covered_display": "100"}, "missing_lines": [], "excluded_lines": [], "start_line": 1}}, "classes": {"": {"executed_lines": [15, 17, 109, 110, 113, 126, 133, 135, 137, 139], "summary": {"covered_lines": 10, "num_statements": 10, "percent_covered": 100.0, "percent_covered_display": "100", "missing_lines": 0, "excluded_lines": 0, "percent_statements_covered": 100.0, "percent_statements_covered_display": "100"}, "missing_lines": [], "excluded_lines": [], "start_line": 1}}}, "src/payments/__init__.py": {"executed_lines": [], "summary": {"covered_lines": 0, "num_statements": 0, "percent_covered": 100.0, "percent_covered_display": "100", "missing_lines": 0, "excluded_lines": 0, "percent_statements_covered": 100.0, "percent_statements_covered_display": "100"}, "missing_lines": [], "excluded_lines": [], "functions": {"": {"executed_lines": [], "summary": {"covered_lines": 0, "num_statements": 0, "percent_covered": 100.0, "percent_covered_display": "100", "missing_lines": 0, "excluded_lines": 0, "percent_statements_covered": 100.0, "percent_statements_covered_display": "100"}, "missing_lines": [], "excluded_lines": [], "start_line": 1}}, "classes": {"": {"executed_lines": [], "summary": {"covered_lines": 0, "num_statements": 0, "percent_covered": 100.0, "percent_covered_display": "100", "missing_lines": 0, "excluded_lines": 0, "percent_statements_covered": 100.0, "percent_statements_covered_display": "100"}, "missing_lines": [], "excluded_lines": [], "start_line": 1}}}, "src/payments/crosscheck.py": {"executed_lines": [8, 11, 14, 22, 24, 30, 31, 32, 33, 34, 35, 37, 41, 42, 44], "summary": {"covered_lines": 15, "num_statements": 15, "percent_covered": 100.0, "percent_covered_display": "100", "missing_lines": 0, "excluded_lines": 0, "percent_statements_covered": 100.0, "percent_statements_covered_display": "100"}, "missing_lines": [], "excluded_lines": [], "functions": {"find_unlogged_payments": {"executed_lines": [22, 24, 30, 31, 32, 33, 34, 35, 37, 41, 42, 44], "summary": {"covered_lines": 12, "num_statements": 12, "percent_covered": 100.0, "percent_covered_display": "100", "missing_lines": 0, "excluded_lines": 0, "percent_statements_covered": 100.0, "percent_statements_covered_display": "100"}, "missing_lines": [], "excluded_lines": [], "start_line": 14}, "": {"executed_lines": [8, 11, 14], "summary": {"covered_lines": 3, "num_statements": 3, "percent_covered": 100.0, "percent_covered_display": "100", "missing_lines": 0, "excluded_lines": 0, "percent_statements_covered": 100.0, "percent_statements_covered_display": "100"}, "missing_lines": [], "excluded_lines": [], "start_line": 1}}, "classes": {"": {"executed_lines": [8, 11, 14, 22, 24, 30, 31, 32, 33, 34, 35, 37, 41, 42, 44], "summary": {"covered_lines": 15, "num_statements": 15, "percent_covered": 100.0, "percent_covered_display": "100", "missing_lines": 0, "excluded_lines": 0, "percent_statements_covered": 100.0, "percent_statements_covered_display": "100"}, "missing_lines": [], "excluded_lines": [], "start_line": 1}}}, "src/router/__init__.py": {"executed_lines": [], "summary": {"covered_lines": 0, "num_statements": 0, "percent_covered": 100.0, "percent_covered_display": "100", "missing_lines": 0, "excluded_lines": 0, "percent_statements_covered": 100.0, "percent_statements_covered_display": "100"}, "missing_lines": [], "excluded_lines": [], "functions": {"": {"executed_lines": [], "summary": {"covered_lines": 0, "num_statements": 0, "percent_covered": 100.0, "percent_covered_display": "100", "missing_lines": 0, "excluded_lines": 0, "percent_statements_covered": 100.0, "percent_statements_covered_display": "100"}, "missing_lines": [], "excluded_lines": [], "start_line": 1}}, "classes": {"": {"executed_lines": [], "summary": {"covered_lines": 0, "num_statements": 0, "percent_covered": 100.0, "percent_covered_display": "100", "missing_lines": 0, "excluded_lines": 0, "percent_statements_covered": 100.0, "percent_statements_covered_display": "100"}, "missing_lines": [], "excluded_lines": [], "start_line": 1}}}, "src/router/alias_dict.py": {"executed_lines": [7, 8, 9, 11, 14, 15, 16, 19, 22, 23, 24, 25, 26, 27, 28, 29, 30, 33, 34, 37, 40, 41, 44, 46, 47, 48, 51, 53, 56, 63, 64, 66, 67, 68, 70, 71, 74, 75, 77, 79, 80, 81, 83, 84, 85, 86, 88], "summary": {"covered_lines": 47, "num_statements": 49, "percent_covered": 95.91836734693878, "percent_covered_display": "96", "missing_lines": 2, "excluded_lines": 0, "percent_statements_covered": 95.91836734693878, "percent_statements_covered_display": "96"}, "missing_lines": [31, 32], "excluded_lines": [], "functions": {"_load_db_aliases": {"executed_lines": [22, 23, 24, 25, 26, 27, 28, 29, 30, 33, 34], "summary": {"covered_lines": 11, "num_statements": 13, "percent_covered": 84.61538461538461, "percent_covered_display": "85", "missing_lines": 2, "excluded_lines": 0, "percent_statements_covered": 84.61538461538461, "percent_statements_covered_display": "85"}, "missing_lines": [31, 32], "excluded_lines": [], "start_line": 19}, "invalidate_alias_cache": {"executed_lines": [40, 41], "summary": {"covered_lines": 2, "num_statements": 2, "percent_covered": 100.0, "percent_covered_display": "100", "missing_lines": 0, "excluded_lines": 0, "percent_statements_covered": 100.0, "percent_statements_covered_display": "100"}, "missing_lines": [], "excluded_lines": [], "start_line": 37}, "_normalise": {"executed_lines": [46, 47, 48], "summary": {"covered_lines": 3, "num_statements": 3, "percent_covered": 100.0, "percent_covered_display": "100", "missing_lines": 0, "excluded_lines": 0, "percent_statements_covered": 100.0, "percent_statements_covered_display": "100"}, "missing_lines": [], "excluded_lines": [], "start_line": 44}, "get_all_aliases": {"executed_lines": [53], "summary": {"covered_lines": 1, "num_statements": 1, "percent_covered": 100.0, "percent_covered_display": "100", "missing_lines": 0, "excluded_lines": 0, "percent_statements_covered": 100.0, "percent_statements_covered_display": "100"}, "missing_lines": [], "excluded_lines": [], "start_line": 51}, "match_entities": {"executed_lines": [63, 64, 66, 67, 68, 70, 71, 74, 75, 77, 79, 80, 81, 83, 84, 85, 86, 88], "summary": {"covered_lines": 18, "num_statements": 18, "percent_covered": 100.0, "percent_covered_display": "100", "missing_lines": 0, "excluded_lines": 0, "percent_statements_covered": 100.0, "percent_statements_covered_display": "100"}, "missing_lines": [], "excluded_lines": [], "start_line": 56}, "": {"executed_lines": [7, 8, 9, 11, 14, 15, 16, 19, 37, 44, 51, 56], "summary": {"covered_lines": 12, "num_statements": 12, "percent_covered": 100.0, "percent_covered_display": "100", "missing_lines": 0, "excluded_lines": 0, "percent_statements_covered": 100.0, "percent_statements_covered_display": "100"}, "missing_lines": [], "excluded_lines": [], "start_line": 1}}, "classes": {"": {"executed_lines": [7, 8, 9, 11, 14, 15, 16, 19, 22, 23, 24, 25, 26, 27, 28, 29, 30, 33, 34, 37, 40, 41, 44, 46, 47, 48, 51, 53, 56, 63, 64, 66, 67, 68, 70, 71, 74, 75, 77, 79, 80, 81, 83, 84, 85, 86, 88], "summary": {"covered_lines": 47, "num_statements": 49, "percent_covered": 95.91836734693878, "percent_covered_display": "96", "missing_lines": 2, "excluded_lines": 0, "percent_statements_covered": 95.91836734693878, "percent_statements_covered_display": "96"}, "missing_lines": [31, 32], "excluded_lines": [], "start_line": 1}}}, "src/router/router.py": {"executed_lines": [24, 25, 26, 30, 31, 33, 35, 38, 41, 42, 44, 45, 46, 47, 48, 54, 56, 57, 58, 59, 62, 63, 64, 65, 66, 69, 74, 77, 83, 84, 85, 88, 89, 90, 91, 92, 93, 96, 97, 98, 99, 100, 101, 102, 103, 104, 107, 108, 109, 110, 111, 114, 115, 118, 119, 120, 121, 122, 123, 124, 125, 126, 127, 137, 138], "summary": {"covered_lines": 65, "num_statements": 72, "percent_covered": 90.27777777777777, "percent_covered_display": "90", "missing_lines": 7, "excluded_lines": 0, "percent_statements_covered": 90.27777777777777, "percent_statements_covered_display": "90"}, "missing_lines": [49, 50, 51, 67, 68, 70, 71], "excluded_lines": [], "functions": {"_resolve_to_entity": {"executed_lines": [41, 42, 44, 45, 46, 47, 48], "summary": {"covered_lines": 7, "num_statements": 10, "percent_covered": 70.0, "percent_covered_display": "70", "missing_lines": 3, "excluded_lines": 0, "percent_statements_covered": 70.0, "percent_statements_covered_display": "70"}, "missing_lines": [49, 50, 51], "excluded_lines": [], "start_line": 38}, "_get_runtime_entities": {"executed_lines": [56, 57, 58, 59, 62, 63, 64, 65, 66, 69], "summary": {"covered_lines": 10, "num_statements": 14, "percent_covered": 71.42857142857143, "percent_covered_display": "71", "missing_lines": 4, "excluded_lines": 0, "percent_statements_covered": 71.42857142857143, "percent_statements_covered_display": "71"}, "missing_lines": [67, 68, 70, 71], "excluded_lines": [], "start_line": 54}, "route": {"executed_lines": [83, 84, 85, 88, 89, 90, 91, 92, 93, 96, 97, 98, 99, 100, 101, 102, 103, 104, 107, 108, 109, 110, 111, 114, 115, 118, 119, 120, 121, 122, 123, 124, 125, 126, 127, 137, 138], "summary": {"covered_lines": 37, "num_statements": 37, "percent_covered": 100.0, "percent_covered_display": "100", "missing_lines": 0, "excluded_lines": 0, "percent_statements_covered": 100.0, "percent_statements_covered_display": "100"}, "missing_lines": [], "excluded_lines": [], "start_line": 77}, "": {"executed_lines": [24, 25, 26, 30, 31, 33, 35, 38, 54, 74, 77], "summary": {"covered_lines": 11, "num_statements": 11, "percent_covered": 100.0, "percent_covered_display": "100", "missing_lines": 0, "excluded_lines": 0, "percent_statements_covered": 100.0, "percent_statements_covered_display": "100"}, "missing_lines": [], "excluded_lines": [], "start_line": 1}}, "classes": {"": {"executed_lines": [24, 25, 26, 30, 31, 33, 35, 38, 41, 42, 44, 45, 46, 47, 48, 54, 56, 57, 58, 59, 62, 63, 64, 65, 66, 69, 74, 77, 83, 84, 85, 88, 89, 90, 91, 92, 93, 96, 97, 98, 99, 100, 101, 102, 103, 104, 107, 108, 109, 110, 111, 114, 115, 118, 119, 120, 121, 122, 123, 124, 125, 126, 127, 137, 138], "summary": {"covered_lines": 65, "num_statements": 72, "percent_covered": 90.27777777777777, "percent_covered_display": "90", "missing_lines": 7, "excluded_lines": 0, "percent_statements_covered": 90.27777777777777, "percent_statements_covered_display": "90"}, "missing_lines": [49, 50, 51, 67, 68, 70, 71], "excluded_lines": [], "start_line": 1}}}, "src/router/worker.py": {"executed_lines": [6, 7, 8, 9, 10, 12, 14, 22, 23, 24, 30, 32, 35, 38, 39, 40, 41, 42, 44, 49, 53, 54, 55, 56, 59, 60, 61, 64, 65, 68, 69, 72, 73, 76, 77, 78, 83, 86, 90, 103, 104, 112, 114, 116, 117, 118, 120, 121, 122, 124, 126, 128, 129, 130, 132, 133, 135, 136, 137, 140, 141, 191, 194, 195, 198, 199, 202, 204, 206, 207, 209, 210, 211, 213, 214, 217, 218, 219, 220, 221, 224, 232, 233, 234, 235, 236, 238, 239, 240, 241, 242, 243, 244, 246, 247, 248, 249, 250, 251, 270, 291, 303, 318, 389, 390, 391, 392, 393, 396, 399, 401, 402, 403, 410, 411, 414, 416, 417, 418, 419, 420, 421, 425, 426, 429, 436, 437, 440, 441, 445, 446, 448, 451, 458, 459, 462, 465, 466, 468, 471, 472, 473, 497, 499, 502, 503, 526, 527, 535, 538, 544, 554, 555, 556, 558, 559, 562, 567, 568, 570, 571, 572, 577, 583, 584, 590, 592, 593, 604, 605, 608, 610, 611, 612, 613, 629, 635, 638, 639, 640, 641, 642, 644, 645, 646, 649, 650, 651, 654, 655, 668, 669, 672, 675, 676, 692, 694, 696, 699, 714], "summary": {"covered_lines": 200, "num_statements": 322, "percent_covered": 62.11180124223603, "percent_covered_display": "62", "missing_lines": 122, "excluded_lines": 0, "percent_statements_covered": 62.11180124223603, "percent_statements_covered_display": "62"}, "missing_lines": [92, 93, 98, 99, 100, 101, 107, 146, 147, 148, 149, 150, 152, 153, 158, 159, 160, 163, 164, 165, 167, 168, 169, 174, 175, 176, 177, 179, 180, 182, 183, 184, 186, 187, 188, 225, 226, 227, 228, 229, 252, 253, 254, 255, 259, 262, 263, 264, 271, 272, 273, 293, 294, 295, 296, 299, 300, 305, 306, 307, 309, 310, 311, 312, 314, 315, 319, 321, 322, 325, 327, 328, 330, 338, 339, 340, 341, 342, 343, 344, 345, 346, 347, 348, 349, 350, 352, 353, 354, 355, 356, 359, 360, 361, 364, 365, 366, 367, 370, 371, 372, 373, 374, 375, 376, 378, 379, 381, 382, 383, 384, 385, 386, 662, 663, 664, 665, 700, 701, 711, 715, 717], "excluded_lines": [], "functions": {"_apply_output": {"executed_lines": [38, 39, 40, 41, 42, 44, 49, 53, 54, 55, 56, 59, 60, 61, 64, 65, 68, 69, 72, 73, 76, 77, 78, 83], "summary": {"covered_lines": 24, "num_statements": 24, "percent_covered": 100.0, "percent_covered_display": "100", "missing_lines": 0, "excluded_lines": 0, "percent_statements_covered": 100.0, "percent_statements_covered_display": "100"}, "missing_lines": [], "excluded_lines": [], "start_line": 35}, "_resolve_task_for_entity": {"executed_lines": [90, 103, 104], "summary": {"covered_lines": 3, "num_statements": 10, "percent_covered": 30.0, "percent_covered_display": "30", "missing_lines": 7, "excluded_lines": 0, "percent_statements_covered": 30.0, "percent_statements_covered_display": "30"}, "missing_lines": [92, 93, 98, 99, 100, 101, 107], "excluded_lines": [], "start_line": 86}, "process_message": {"executed_lines": [114, 116, 117, 118, 120, 121, 122, 124, 126, 128, 129, 130, 132, 133, 135, 136, 137, 140, 141], "summary": {"covered_lines": 19, "num_statements": 47, "percent_covered": 40.42553191489362, "percent_covered_display": "40", "missing_lines": 28, "excluded_lines": 0, "percent_statements_covered": 40.42553191489362, "percent_statements_covered_display": "40"}, "missing_lines": [146, 147, 148, 149, 150, 152, 153, 158, 159, 160, 163, 164, 165, 167, 168, 169, 174, 175, 176, 177, 179, 180, 182, 183, 184, 186, 187, 188], "excluded_lines": [], "start_line": 112}, "process_message_batch": {"executed_lines": [194, 195, 198, 199, 202, 204, 206, 207, 209, 210, 211, 213, 214], "summary": {"covered_lines": 13, "num_statements": 13, "percent_covered": 100.0, "percent_covered_display": "100", "missing_lines": 0, "excluded_lines": 0, "percent_statements_covered": 100.0, "percent_statements_covered_display": "100"}, "missing_lines": [], "excluded_lines": [], "start_line": 191}, "_ensure_consumer_group": {"executed_lines": [], "summary": {"covered_lines": 0, "num_statements": 5, "percent_covered": 0.0, "percent_covered_display": "0", "missing_lines": 5, "excluded_lines": 0, "percent_statements_covered": 0.0, "percent_statements_covered_display": "0"}, "missing_lines": [225, 226, 227, 228, 229], "excluded_lines": [], "start_line": 224}, "_process_with_retry": {"executed_lines": [233, 234, 235, 236, 238, 239, 240, 241, 242, 243, 244, 246, 247, 248, 249, 250, 251], "summary": {"covered_lines": 17, "num_statements": 25, "percent_covered": 68.0, "percent_covered_display": "68", "missing_lines": 8, "excluded_lines": 0, "percent_statements_covered": 68.0, "percent_statements_covered_display": "68"}, "missing_lines": [252, 253, 254, 255, 259, 262, 263, 264], "excluded_lines": [], "start_line": 232}, "_write_ingest_dead_letter": {"executed_lines": [], "summary": {"covered_lines": 0, "num_statements": 3, "percent_covered": 0.0, "percent_covered_display": "0", "missing_lines": 3, "excluded_lines": 0, "percent_statements_covered": 0.0, "percent_statements_covered_display": "0"}, "missing_lines": [271, 272, 273], "excluded_lines": [], "start_line": 270}, "_flush_batch": {"executed_lines": [], "summary": {"covered_lines": 0, "num_statements": 6, "percent_covered": 0.0, "percent_covered_display": "0", "missing_lines": 6, "excluded_lines": 0, "percent_statements_covered": 0.0, "percent_statements_covered_display": "0"}, "missing_lines": [293, 294, 295, 296, 299, 300], "excluded_lines": [], "start_line": 291}, "_flush_entity_batch": {"executed_lines": [], "summary": {"covered_lines": 0, "num_statements": 9, "percent_covered": 0.0, "percent_covered_display": "0", "missing_lines": 9, "excluded_lines": 0, "percent_statements_covered": 0.0, "percent_statements_covered_display": "0"}, "missing_lines": [305, 306, 307, 309, 310, 311, 312, 314, 315], "excluded_lines": [], "start_line": 303}, "run": {"executed_lines": [], "summary": {"covered_lines": 0, "num_statements": 47, "percent_covered": 0.0, "percent_covered_display": "0", "missing_lines": 47, "excluded_lines": 0, "percent_statements_covered": 0.0, "percent_statements_covered_display": "0"}, "missing_lines": [319, 321, 322, 325, 327, 328, 330, 338, 339, 340, 341, 342, 343, 344, 345, 346, 347, 348, 349, 350, 352, 353, 354, 355, 356, 359, 360, 361, 364, 365, 366, 367, 370, 371, 372, 373, 374, 375, 376, 378, 379, 381, 382, 383, 384, 385, 386], "excluded_lines": [], "start_line": 318}, "_log_unrouted": {"executed_lines": [390, 391, 392, 393], "summary": {"covered_lines": 4, "num_statements": 4, "percent_covered": 100.0, "percent_covered_display": "100", "missing_lines": 0, "excluded_lines": 0, "percent_statements_covered": 100.0, "percent_statements_covered_display": "100"}, "missing_lines": [], "excluded_lines": [], "start_line": 389}, "_is_duplicate_flag": {"executed_lines": [401, 402, 403, 410, 411], "summary": {"covered_lines": 5, "num_statements": 5, "percent_covered": 100.0, "percent_covered_display": "100", "missing_lines": 0, "excluded_lines": 0, "percent_statements_covered": 100.0, "percent_statements_covered_display": "100"}, "missing_lines": [], "excluded_lines": [], "start_line": 399}, "_check_rate_limit": {"executed_lines": [416, 417, 418, 419, 420, 421, 425, 426], "summary": {"covered_lines": 8, "num_statements": 8, "percent_covered": 100.0, "percent_covered_display": "100", "missing_lines": 0, "excluded_lines": 0, "percent_statements_covered": 100.0, "percent_statements_covered_display": "100"}, "missing_lines": [], "excluded_lines": [], "start_line": 414}, "_handle_ambiguity": {"executed_lines": [436, 437, 440, 441, 445, 446, 448, 451, 458, 459, 462, 465, 466, 468, 471, 472, 473, 497, 499, 502, 503, 526, 527, 535, 538], "summary": {"covered_lines": 25, "num_statements": 25, "percent_covered": 100.0, "percent_covered_display": "100", "missing_lines": 0, "excluded_lines": 0, "percent_statements_covered": 100.0, "percent_statements_covered_display": "100"}, "missing_lines": [], "excluded_lines": [], "start_line": 429}, "_check_post_confirmation_item_changes": {"executed_lines": [554, 555, 556, 558, 559, 562, 567, 568, 570, 571, 572, 577, 583, 584], "summary": {"covered_lines": 14, "num_statements": 14, "percent_covered": 100.0, "percent_covered_display": "100", "missing_lines": 0, "excluded_lines": 0, "percent_statements_covered": 100.0, "percent_statements_covered_display": "100"}, "missing_lines": [], "excluded_lines": [], "start_line": 544}, "_publish_task_event": {"executed_lines": [592, 593, 604, 605], "summary": {"covered_lines": 4, "num_statements": 4, "percent_covered": 100.0, "percent_covered_display": "100", "missing_lines": 0, "excluded_lines": 0, "percent_statements_covered": 100.0, "percent_statements_covered_display": "100"}, "missing_lines": [], "excluded_lines": [], "start_line": 590}, "_log_dead_letter": {"executed_lines": [610, 611, 612, 613, 629], "summary": {"covered_lines": 5, "num_statements": 5, "percent_covered": 100.0, "percent_covered_display": "100", "missing_lines": 0, "excluded_lines": 0, "percent_statements_covered": 100.0, "percent_statements_covered_display": "100"}, "missing_lines": [], "excluded_lines": [], "start_line": 608}, "_create_task_from_candidate": {"executed_lines": [638, 639, 640, 641, 642, 644, 645, 646, 649, 650, 651, 654, 655, 668, 669, 672, 675, 676, 692, 694, 696], "summary": {"covered_lines": 21, "num_statements": 25, "percent_covered": 84.0, "percent_covered_display": "84", "missing_lines": 4, "excluded_lines": 0, "percent_statements_covered": 84.0, "percent_statements_covered_display": "84"}, "missing_lines": [662, 663, 664, 665], "excluded_lines": [], "start_line": 635}, "_log_new_task_candidate": {"executed_lines": [], "summary": {"covered_lines": 0, "num_statements": 3, "percent_covered": 0.0, "percent_covered_display": "0", "missing_lines": 3, "excluded_lines": 0, "percent_statements_covered": 0.0, "percent_statements_covered_display": "0"}, "missing_lines": [700, 701, 711], "excluded_lines": [], "start_line": 699}, "": {"executed_lines": [6, 7, 8, 9, 10, 12, 14, 22, 23, 24, 30, 32, 35, 86, 112, 191, 217, 218, 219, 220, 221, 224, 232, 270, 291, 303, 318, 389, 396, 399, 414, 429, 544, 590, 608, 635, 699, 714], "summary": {"covered_lines": 38, "num_statements": 40, "percent_covered": 95.0, "percent_covered_display": "95", "missing_lines": 2, "excluded_lines": 0, "percent_statements_covered": 95.0, "percent_statements_covered_display": "95"}, "missing_lines": [715, 717], "excluded_lines": [], "start_line": 1}}, "classes": {"": {"executed_lines": [6, 7, 8, 9, 10, 12, 14, 22, 23, 24, 30, 32, 35, 38, 39, 40, 41, 42, 44, 49, 53, 54, 55, 56, 59, 60, 61, 64, 65, 68, 69, 72, 73, 76, 77, 78, 83, 86, 90, 103, 104, 112, 114, 116, 117, 118, 120, 121, 122, 124, 126, 128, 129, 130, 132, 133, 135, 136, 137, 140, 141, 191, 194, 195, 198, 199, 202, 204, 206, 207, 209, 210, 211, 213, 214, 217, 218, 219, 220, 221, 224, 232, 233, 234, 235, 236, 238, 239, 240, 241, 242, 243, 244, 246, 247, 248, 249, 250, 251, 270, 291, 303, 318, 389, 390, 391, 392, 393, 396, 399, 401, 402, 403, 410, 411, 414, 416, 417, 418, 419, 420, 421, 425, 426, 429, 436, 437, 440, 441, 445, 446, 448, 451, 458, 459, 462, 465, 466, 468, 471, 472, 473, 497, 499, 502, 503, 526, 527, 535, 538, 544, 554, 555, 556, 558, 559, 562, 567, 568, 570, 571, 572, 577, 583, 584, 590, 592, 593, 604, 605, 608, 610, 611, 612, 613, 629, 635, 638, 639, 640, 641, 642, 644, 645, 646, 649, 650, 651, 654, 655, 668, 669, 672, 675, 676, 692, 694, 696, 699, 714], "summary": {"covered_lines": 200, "num_statements": 322, "percent_covered": 62.11180124223603, "percent_covered_display": "62", "missing_lines": 122, "excluded_lines": 0, "percent_statements_covered": 62.11180124223603, "percent_statements_covered_display": "62"}, "missing_lines": [92, 93, 98, 99, 100, 101, 107, 146, 147, 148, 149, 150, 152, 153, 158, 159, 160, 163, 164, 165, 167, 168, 169, 174, 175, 176, 177, 179, 180, 182, 183, 184, 186, 187, 188, 225, 226, 227, 228, 229, 252, 253, 254, 255, 259, 262, 263, 264, 271, 272, 273, 293, 294, 295, 296, 299, 300, 305, 306, 307, 309, 310, 311, 312, 314, 315, 319, 321, 322, 325, 327, 328, 330, 338, 339, 340, 341, 342, 343, 344, 345, 346, 347, 348, 349, 350, 352, 353, 354, 355, 356, 359, 360, 361, 364, 365, 366, 367, 370, 371, 372, 373, 374, 375, 376, 378, 379, 381, 382, 383, 384, 385, 386, 662, 663, 664, 665, 700, 701, 711, 715, 717], "excluded_lines": [], "start_line": 1}}}, "src/store/__init__.py": {"executed_lines": [], "summary": {"covered_lines": 0, "num_statements": 0, "percent_covered": 100.0, "percent_covered_display": "100", "missing_lines": 0, "excluded_lines": 0, "percent_statements_covered": 100.0, "percent_statements_covered_display": "100"}, "missing_lines": [], "excluded_lines": [], "functions": {"": {"executed_lines": [], "summary": {"covered_lines": 0, "num_statements": 0, "percent_covered": 100.0, "percent_covered_display": "100", "missing_lines": 0, "excluded_lines": 0, "percent_statements_covered": 100.0, "percent_statements_covered_display": "100"}, "missing_lines": [], "excluded_lines": [], "start_line": 1}}, "classes": {"": {"executed_lines": [], "summary": {"covered_lines": 0, "num_statements": 0, "percent_covered": 100.0, "percent_covered_display": "100", "missing_lines": 0, "excluded_lines": 0, "percent_statements_covered": 100.0, "percent_statements_covered_display": "100"}, "missing_lines": [], "excluded_lines": [], "start_line": 1}}}, "src/store/db.py": {"executed_lines": [5, 6, 7, 8, 10, 13, 14, 15, 16, 17, 18, 21, 22, 23, 24, 25, 26, 31, 34, 234, 243, 245, 246, 247, 250, 256, 259, 261, 262, 263, 264, 267, 268, 273, 274, 275, 276, 277, 278, 284, 285, 286, 289, 304, 305, 306, 308, 309, 310, 311, 313, 315, 324, 325, 326, 341, 342, 343, 351, 352, 360, 363, 365, 366, 368, 369, 378, 379, 380, 393, 394, 401, 404], "summary": {"covered_lines": 73, "num_statements": 84, "percent_covered": 86.9047619047619, "percent_covered_display": "87", "missing_lines": 11, "excluded_lines": 0, "percent_statements_covered": 86.9047619047619, "percent_statements_covered_display": "87"}, "missing_lines": [27, 28, 29, 269, 270, 405, 408, 409, 411, 412, 417], "excluded_lines": [], "functions": {"get_connection": {"executed_lines": [14, 15, 16, 17, 18], "summary": {"covered_lines": 5, "num_statements": 5, "percent_covered": 100.0, "percent_covered_display": "100", "missing_lines": 0, "excluded_lines": 0, "percent_statements_covered": 100.0, "percent_statements_covered_display": "100"}, "missing_lines": [], "excluded_lines": [], "start_line": 13}, "transaction": {"executed_lines": [23, 24, 25, 26, 31], "summary": {"covered_lines": 5, "num_statements": 8, "percent_covered": 62.5, "percent_covered_display": "62", "missing_lines": 3, "excluded_lines": 0, "percent_statements_covered": 62.5, "percent_statements_covered_display": "62"}, "missing_lines": [27, 28, 29], "excluded_lines": [], "start_line": 22}, "compute_cost": {"executed_lines": [245, 246, 247, 250, 256], "summary": {"covered_lines": 5, "num_statements": 5, "percent_covered": 100.0, "percent_covered_display": "100", "missing_lines": 0, "excluded_lines": 0, "percent_statements_covered": 100.0, "percent_statements_covered_display": "100"}, "missing_lines": [], "excluded_lines": [], "start_line": 243}, "init_schema": {"executed_lines": [261, 262, 263, 264, 267, 268, 273, 274, 275, 276, 277, 278, 284, 285, 286], "summary": {"covered_lines": 15, "num_statements": 17, "percent_covered": 88.23529411764706, "percent_covered_display": "88", "missing_lines": 2, "excluded_lines": 0, "percent_statements_covered": 88.23529411764706, "percent_statements_covered_display": "88"}, "missing_lines": [269, 270], "excluded_lines": [], "start_line": 259}, "create_task_live": {"executed_lines": [304, 305, 306, 308, 309, 310, 311, 313, 315, 324, 325, 326, 341, 342, 343, 351, 352, 360], "summary": {"covered_lines": 18, "num_statements": 18, "percent_covered": 100.0, "percent_covered_display": "100", "missing_lines": 0, "excluded_lines": 0, "percent_statements_covered": 100.0, "percent_statements_covered_display": "100"}, "missing_lines": [], "excluded_lines": [], "start_line": 289}, "seed_task": {"executed_lines": [365, 366, 368, 369, 378, 379, 380, 393, 394, 401], "summary": {"covered_lines": 10, "num_statements": 10, "percent_covered": 100.0, "percent_covered_display": "100", "missing_lines": 0, "excluded_lines": 0, "percent_statements_covered": 100.0, "percent_statements_covered_display": "100"}, "missing_lines": [], "excluded_lines": [], "start_line": 363}, "": {"executed_lines": [5, 6, 7, 8, 10, 13, 21, 22, 34, 234, 243, 259, 289, 363, 404], "summary": {"covered_lines": 15, "num_statements": 21, "percent_covered": 71.42857142857143, "percent_covered_display": "71", "missing_lines": 6, "excluded_lines": 0, "percent_statements_covered": 71.42857142857143, "percent_statements_covered_display": "71"}, "missing_lines": [405, 408, 409, 411, 412, 417], "excluded_lines": [], "start_line": 1}}, "classes": {"": {"executed_lines": [5, 6, 7, 8, 10, 13, 14, 15, 16, 17, 18, 21, 22, 23, 24, 25, 26, 31, 34, 234, 243, 245, 246, 247, 250, 256, 259, 261, 262, 263, 264, 267, 268, 273, 274, 275, 276, 277, 278, 284, 285, 286, 289, 304, 305, 306, 308, 309, 310, 311, 313, 315, 324, 325, 326, 341, 342, 343, 351, 352, 360, 363, 365, 366, 368, 369, 378, 379, 380, 393, 394, 401, 404], "summary": {"covered_lines": 73, "num_statements": 84, "percent_covered": 86.9047619047619, "percent_covered_display": "87", "missing_lines": 11, "excluded_lines": 0, "percent_statements_covered": 86.9047619047619, "percent_statements_covered_display": "87"}, "missing_lines": [27, 28, 29, 269, 270, 405, 408, 409, 411, 412, 417], "excluded_lines": [], "start_line": 1}}}, "src/store/task_store.py": {"executed_lines": [5, 6, 7, 9, 12, 13, 14, 17, 18, 21, 22, 23, 26, 27, 30, 31, 32, 38, 39, 42, 44, 45, 46, 47, 54, 60, 63, 67, 70, 74, 75, 76, 92, 94, 95, 96, 97, 99, 103, 106, 107, 108, 111, 112, 115, 120, 121, 127, 128, 129, 130, 131, 132, 133, 134, 138, 142, 148, 149, 156, 158, 159, 163, 164, 165, 166, 167, 172, 177, 178, 179, 180, 181, 183, 184, 185, 188, 189, 190, 191, 192, 193, 196, 197, 203, 205, 206, 207, 208, 209, 210, 213, 214, 215, 219, 220, 223, 224, 225, 229, 230, 233, 234, 235, 239, 240, 243, 244, 245, 249, 250, 253, 255, 256, 257, 263, 266, 272, 273, 274, 275, 276, 277, 281, 289, 290, 291, 294, 299, 300, 301, 302, 303, 304, 308, 316, 317, 318, 321, 329, 330, 331, 332, 334, 335, 360, 368, 369, 374, 376, 377, 378, 379, 380, 386, 387, 388, 389, 394, 395, 396, 397, 401, 403, 406, 414, 415, 416, 418, 424, 425, 426, 427, 429, 430, 431, 432, 433, 434, 436, 437, 438, 439, 441, 443, 451, 454, 465, 470, 471, 472, 475, 476, 477, 479, 480, 481, 483, 484, 492, 495, 506, 510, 513, 515, 517, 520, 522, 524, 526, 529], "summary": {"covered_lines": 211, "num_statements": 231, "percent_covered": 91.34199134199135, "percent_covered_display": "91", "missing_lines": 20, "excluded_lines": 0, "percent_statements_covered": 91.34199134199135, "percent_statements_covered_display": "91"}, "missing_lines": [98, 140, 141, 168, 169, 182, 194, 195, 534, 535, 538, 541, 543, 544, 545, 546, 550, 551, 552, 556], "excluded_lines": [], "functions": {"get_task": {"executed_lines": [13, 14, 17, 18], "summary": {"covered_lines": 4, "num_statements": 4, "percent_covered": 100.0, "percent_covered_display": "100", "missing_lines": 0, "excluded_lines": 0, "percent_statements_covered": 100.0, "percent_statements_covered_display": "100"}, "missing_lines": [], "excluded_lines": [], "start_line": 12}, "get_node_states": {"executed_lines": [22, 23, 26, 27], "summary": {"covered_lines": 4, "num_statements": 4, "percent_covered": 100.0, "percent_covered_display": "100", "missing_lines": 0, "excluded_lines": 0, "percent_statements_covered": 100.0, "percent_statements_covered_display": "100"}, "missing_lines": [], "excluded_lines": [], "start_line": 21}, "get_recent_messages": {"executed_lines": [31, 32, 38, 39], "summary": {"covered_lines": 4, "num_statements": 4, "percent_covered": 100.0, "percent_covered_display": "100", "missing_lines": 0, "excluded_lines": 0, "percent_statements_covered": 100.0, "percent_statements_covered_display": "100"}, "missing_lines": [], "excluded_lines": [], "start_line": 30}, "update_node": {"executed_lines": [44, 45, 46, 47, 54], "summary": {"covered_lines": 5, "num_statements": 5, "percent_covered": 100.0, "percent_covered_display": "100", "missing_lines": 0, "excluded_lines": 0, "percent_statements_covered": 100.0, "percent_statements_covered_display": "100"}, "missing_lines": [], "excluded_lines": [], "start_line": 42}, "update_node_as_update_agent": {"executed_lines": [63], "summary": {"covered_lines": 1, "num_statements": 1, "percent_covered": 100.0, "percent_covered_display": "100", "missing_lines": 0, "excluded_lines": 0, "percent_statements_covered": 100.0, "percent_statements_covered_display": "100"}, "missing_lines": [], "excluded_lines": [], "start_line": 60}, "update_node_as_linkage_agent": {"executed_lines": [70], "summary": {"covered_lines": 1, "num_statements": 1, "percent_covered": 100.0, "percent_covered_display": "100", "missing_lines": 0, "excluded_lines": 0, "percent_statements_covered": 100.0, "percent_statements_covered_display": "100"}, "missing_lines": [], "excluded_lines": [], "start_line": 67}, "append_message": {"executed_lines": [75, 76], "summary": {"covered_lines": 2, "num_statements": 2, "percent_covered": 100.0, "percent_covered_display": "100", "missing_lines": 0, "excluded_lines": 0, "percent_statements_covered": 100.0, "percent_statements_covered_display": "100"}, "missing_lines": [], "excluded_lines": [], "start_line": 74}, "is_mature": {"executed_lines": [94, 95, 96, 97, 99, 103], "summary": {"covered_lines": 6, "num_statements": 7, "percent_covered": 85.71428571428571, "percent_covered_display": "86", "missing_lines": 1, "excluded_lines": 0, "percent_statements_covered": 85.71428571428571, "percent_statements_covered_display": "86"}, "missing_lines": [98], "excluded_lines": [], "start_line": 92}, "get_active_tasks": {"executed_lines": [107, 108, 111, 112], "summary": {"covered_lines": 4, "num_statements": 4, "percent_covered": 100.0, "percent_covered_display": "100", "missing_lines": 0, "excluded_lines": 0, "percent_statements_covered": 100.0, "percent_statements_covered_display": "100"}, "missing_lines": [], "excluded_lines": [], "start_line": 106}, "get_tasks_for_entity": {"executed_lines": [120, 121, 127, 128, 129, 130, 131, 132, 133, 134, 138, 142, 148, 149], "summary": {"covered_lines": 14, "num_statements": 16, "percent_covered": 87.5, "percent_covered_display": "88", "missing_lines": 2, "excluded_lines": 0, "percent_statements_covered": 87.5, "percent_statements_covered_display": "88"}, "missing_lines": [140, 141], "excluded_lines": [], "start_line": 115}, "get_node_data": {"executed_lines": [158, 159, 163, 164, 165, 166, 167], "summary": {"covered_lines": 7, "num_statements": 9, "percent_covered": 77.77777777777777, "percent_covered_display": "78", "missing_lines": 2, "excluded_lines": 0, "percent_statements_covered": 77.77777777777777, "percent_statements_covered_display": "78"}, "missing_lines": [168, 169], "excluded_lines": [], "start_line": 156}, "apply_node_data_extractions": {"executed_lines": [177, 178, 179, 180, 181, 183, 184, 185, 188, 189, 190, 191, 192, 193, 196, 197], "summary": {"covered_lines": 16, "num_statements": 19, "percent_covered"
[...]
02, 310, 311, 312, 318], "excluded_lines": [], "start_line": 290}, "_call_judge": {"executed_lines": [], "summary": {"covered_lines": 0, "num_statements": 11, "percent_covered": 0.0, "percent_covered_display": "0", "missing_lines": 11, "excluded_lines": 0, "percent_statements_covered": 0.0, "percent_statements_covered_display": "0"}, "missing_lines": [338, 339, 340, 343, 344, 345, 348, 349, 350, 352, 353], "excluded_lines": [], "start_line": 334}, "_try_gemini": {"executed_lines": [], "summary": {"covered_lines": 0, "num_statements": 18, "percent_covered": 0.0, "percent_covered_display": "0", "missing_lines": 18, "excluded_lines": 0, "percent_statements_covered": 0.0, "percent_statements_covered_display": "0"}, "missing_lines": [358, 359, 360, 362, 367, 368, 370, 371, 372, 377, 378, 379, 380, 382, 383, 384, 385, 386], "excluded_lines": [], "start_line": 356}, "_try_mistral": {"executed_lines": [], "summary": {"covered_lines": 0, "num_statements": 13, "percent_covered": 0.0, "percent_covered_display": "0", "missing_lines": 13, "excluded_lines": 0, "percent_statements_covered": 0.0, "percent_statements_covered_display": "0"}, "missing_lines": [391, 392, 393, 394, 396, 397, 398, 399, 405, 406, 407, 408, 409], "excluded_lines": [], "start_line": 389}, "_try_anthropic_haiku": {"executed_lines": [], "summary": {"covered_lines": 0, "num_statements": 15, "percent_covered": 0.0, "percent_covered_display": "0", "missing_lines": 15, "excluded_lines": 0, "percent_statements_covered": 0.0, "percent_statements_covered_display": "0"}, "missing_lines": [415, 416, 417, 418, 419, 420, 421, 426, 428, 429, 430, 431, 432, 433, 434], "excluded_lines": [], "start_line": 412}, "run_llm_judges": {"executed_lines": [], "summary": {"covered_lines": 0, "num_statements": 32, "percent_covered": 0.0, "percent_covered_display": "0", "missing_lines": 32, "excluded_lines": 0, "percent_statements_covered": 0.0, "percent_statements_covered_display": "0"}, "missing_lines": [449, 450, 452, 453, 454, 457, 458, 459, 460, 463, 464, 465, 468, 470, 472, 473, 474, 475, 477, 478, 481, 482, 483, 484, 486, 489, 490, 491, 492, 493, 495, 497], "excluded_lines": [], "start_line": 437}, "": {"executed_lines": [], "summary": {"covered_lines": 0, "num_statements": 30, "percent_covered": 0.0, "percent_covered_display": "0", "missing_lines": 30, "excluded_lines": 0, "percent_statements_covered": 0.0, "percent_statements_covered_display": "0"}, "missing_lines": [11, 12, 13, 14, 15, 17, 19, 22, 30, 33, 34, 35, 36, 37, 38, 39, 40, 45, 76, 79, 124, 182, 217, 260, 290, 334, 356, 389, 412, 437], "excluded_lines": [], "start_line": 1}}, "classes": {"LLMJudgment": {"executed_lines": [], "summary": {"covered_lines": 0, "num_statements": 0, "percent_covered": 100.0, "percent_covered_display": "100", "missing_lines": 0, "excluded_lines": 0, "percent_statements_covered": 100.0, "percent_statements_covered_display": "100"}, "missing_lines": [], "excluded_lines": [], "start_line": 34}, "": {"executed_lines": [], "summary": {"covered_lines": 0, "num_statements": 170, "percent_covered": 0.0, "percent_covered_display": "0", "missing_lines": 170, "excluded_lines": 0, "percent_statements_covered": 0.0, "percent_statements_covered_display": "0"}, "missing_lines": [11, 12, 13, 14, 15, 17, 19, 22, 24, 25, 26, 27, 30, 33, 34, 35, 36, 37, 38, 39, 40, 45, 76, 79, 86, 88, 89, 91, 92, 93, 94, 96, 97, 98, 99, 101, 105, 106, 107, 109, 110, 111, 113, 121, 124, 129, 130, 137, 138, 139, 140, 149, 151, 158, 159, 161, 162, 170, 182, 217, 223, 224, 230, 240, 241, 242, 248, 260, 290, 295, 296, 302, 310, 311, 312, 318, 334, 338, 339, 340, 343, 344, 345, 348, 349, 350, 352, 353, 356, 358, 359, 360, 362, 367, 368, 370, 371, 372, 377, 378, 379, 380, 382, 383, 384, 385, 386, 389, 391, 392, 393, 394, 396, 397, 398, 399, 405, 406, 407, 408, 409, 412, 415, 416, 417, 418, 419, 420, 421, 426, 428, 429, 430, 431, 432, 433, 434, 437, 449, 450, 452, 453, 454, 457, 458, 459, 460, 463, 464, 465, 468, 470, 472, 473, 474, 475, 477, 478, 481, 482, 483, 484, 486, 489, 490, 491, 492, 493, 495, 497], "excluded_lines": [], "start_line": 1}}}, "src/tracing/scorers.py": {"executed_lines": [], "summary": {"covered_lines": 0, "num_statements": 93, "percent_covered": 0.0, "percent_covered_display": "0", "missing_lines": 93, "excluded_lines": 0, "percent_statements_covered": 0.0, "percent_statements_covered_display": "0"}, "missing_lines": [8, 9, 10, 12, 15, 16, 18, 19, 20, 21, 22, 23, 24, 25, 27, 28, 29, 30, 31, 33, 34, 45, 54, 57, 58, 59, 60, 61, 62, 64, 67, 68, 69, 70, 72, 75, 76, 77, 81, 83, 84, 85, 86, 93, 94, 95, 97, 98, 99, 106, 107, 109, 112, 114, 117, 118, 120, 121, 123, 124, 125, 126, 128, 129, 130, 132, 137, 139, 142, 143, 150, 153, 156, 158, 159, 162, 163, 164, 165, 166, 167, 168, 169, 170, 171, 173, 175, 185, 186, 187, 191, 192, 194], "excluded_lines": [], "functions": {"ScoreCard.model_selection_accuracy": {"executed_lines": [], "summary": {"covered_lines": 0, "num_statements": 3, "percent_covered": 0.0, "percent_covered_display": "0", "missing_lines": 3, "excluded_lines": 0, "percent_statements_covered": 0.0, "percent_statements_covered_display": "0"}, "missing_lines": [29, 30, 31], "excluded_lines": [], "start_line": 28}, "ScoreCard.summary": {"executed_lines": [], "summary": {"covered_lines": 0, "num_statements": 1, "percent_covered": 0.0, "percent_covered_display": "0", "missing_lines": 1, "excluded_lines": 0, "percent_statements_covered": 0.0, "percent_statements_covered_display": "0"}, "missing_lines": [34], "excluded_lines": [], "start_line": 33}, "score_replay": {"executed_lines": [], "summary": {"covered_lines": 0, "num_statements": 30, "percent_covered": 0.0, "percent_covered_display": "0", "missing_lines": 30, "excluded_lines": 0, "percent_statements_covered": 0.0, "percent_statements_covered_display": "0"}, "missing_lines": [54, 57, 58, 59, 60, 61, 62, 64, 67, 68, 69, 70, 72, 75, 76, 77, 81, 83, 84, 85, 86, 93, 94, 95, 97, 98, 99, 106, 107, 109], "excluded_lines": [], "start_line": 45}, "_check_model_selection": {"executed_lines": [], "summary": {"covered_lines": 0, "num_statements": 18, "percent_covered": 0.0, "percent_covered_display": "0", "missing_lines": 18, "excluded_lines": 0, "percent_statements_covered": 0.0, "percent_statements_covered_display": "0"}, "missing_lines": [114, 117, 118, 120, 121, 123, 124, 125, 126, 128, 129, 130, 132, 137, 139, 142, 143, 150], "excluded_lines": [], "start_line": 112}, "push_scores_to_phoenix": {"executed_lines": [], "summary": {"covered_lines": 0, "num_statements": 21, "percent_covered": 0.0, "percent_covered_display": "0", "missing_lines": 21, "excluded_lines": 0, "percent_statements_covered": 0.0, "percent_statements_covered_display": "0"}, "missing_lines": [156, 158, 159, 162, 163, 164, 165, 166, 167, 168, 169, 170, 171, 173, 175, 185, 186, 187, 191, 192, 194], "excluded_lines": [], "start_line": 153}, "": {"executed_lines": [], "summary": {"covered_lines": 0, "num_statements": 20, "percent_covered": 0.0, "percent_covered_display": "0", "missing_lines": 20, "excluded_lines": 0, "percent_statements_covered": 0.0, "percent_statements_covered_display": "0"}, "missing_lines": [8, 9, 10, 12, 15, 16, 18, 19, 20, 21, 22, 23, 24, 25, 27, 28, 33, 45, 112, 153], "excluded_lines": [], "start_line": 1}}, "classes": {"ScoreCard": {"executed_lines": [], "summary": {"covered_lines": 0, "num_statements": 4, "percent_covered": 0.0, "percent_covered_display": "0", "missing_lines": 4, "excluded_lines": 0, "percent_statements_covered": 0.0, "percent_statements_covered_display": "0"}, "missing_lines": [29, 30, 31, 34], "excluded_lines": [], "start_line": 16}, "": {"executed_lines": [], "summary": {"covered_lines": 0, "num_statements": 89, "percent_covered": 0.0, "percent_covered_display": "0", "missing_lines": 89, "excluded_lines": 0, "percent_statements_covered": 0.0, "percent_statements_covered_display": "0"}, "missing_lines": [8, 9, 10, 12, 15, 16, 18, 19, 20, 21, 22, 23, 24, 25, 27, 28, 33, 45, 54, 57, 58, 59, 60, 61, 62, 64, 67, 68, 69, 70, 72, 75, 76, 77, 81, 83, 84, 85, 86, 93, 94, 95, 97, 98, 99, 106, 107, 109, 112, 114, 117, 118, 120, 121, 123, 124, 125, 126, 128, 129, 130, 132, 137, 139, 142, 143, 150, 153, 156, 158, 159, 162, 163, 164, 165, 166, 167, 168, 169, 170, 171, 173, 175, 185, 186, 187, 191, 192, 194], "excluded_lines": [], "start_line": 1}}}, "src/tracing/staleness.py": {"executed_lines": [], "summary": {"covered_lines": 0, "num_statements": 107, "percent_covered": 0.0, "percent_covered_display": "0", "missing_lines": 107, "excluded_lines": 0, "percent_statements_covered": 0.0, "percent_statements_covered_display": "0"}, "missing_lines": [9, 10, 11, 12, 13, 15, 18, 27, 39, 40, 41, 42, 43, 44, 45, 48, 49, 50, 51, 52, 53, 54, 55, 56, 58, 59, 60, 61, 63, 64, 65, 66, 67, 68, 69, 71, 72, 73, 74, 75, 77, 80, 87, 88, 90, 91, 99, 100, 101, 107, 113, 114, 115, 116, 118, 119, 122, 123, 124, 125, 126, 127, 128, 129, 131, 132, 139, 141, 142, 144, 147, 148, 149, 150, 154, 155, 156, 161, 162, 163, 169, 172, 177, 178, 180, 186, 187, 188, 189, 190, 191, 192, 194, 207, 210, 211, 212, 215, 216, 219, 221, 222, 226, 227, 228, 229, 230], "excluded_lines": [], "functions": {"StalenessReport.print_report": {"executed_lines": [], "summary": {"covered_lines": 0, "num_statements": 16, "percent_covered": 0.0, "percent_covered_display": "0", "missing_lines": 16, "excluded_lines": 0, "percent_statements_covered": 0.0, "percent_statements_covered_display": "0"}, "missing_lines": [59, 60, 61, 63, 64, 65, 66, 67, 68, 69, 71, 72, 73, 74, 75, 77], "excluded_lines": [], "start_line": 58}, "check_staleness": {"executed_lines": [], "summary": {"covered_lines": 0, "num_statements": 39, "percent_covered": 0.0, "percent_covered_display": "0", "missing_lines": 39, "excluded_lines": 0, "percent_statements_covered": 0.0, "percent_statements_covered_display": "0"}, "missing_lines": [87, 88, 90, 91, 99, 100, 101, 107, 113, 114, 115, 116, 118, 119, 122, 123, 124, 125, 126, 127, 128, 129, 131, 132, 139, 141, 142, 144, 147, 148, 149, 150, 154, 155, 156, 161, 162, 163, 169], "excluded_lines": [], "start_line": 80}, "build_drift_prompt_section": {"executed_lines": [], "summary": {"covered_lines": 0, "num_statements": 12, "percent_covered": 0.0, "percent_covered_display": "0", "missing_lines": 12, "excluded_lines": 0, "percent_statements_covered": 0.0, "percent_statements_covered_display": "0"}, "missing_lines": [177, 178, 180, 186, 187, 188, 189, 190, 191, 192, 194, 207], "excluded_lines": [], "start_line": 172}, "_get_head": {"executed_lines": [], "summary": {"covered_lines": 0, "num_statements": 4, "percent_covered": 0.0, "percent_covered_display": "0", "missing_lines": 4, "excluded_lines": 0, "percent_statements_covered": 0.0, "percent_statements_covered_display": "0"}, "missing_lines": [211, 212, 215, 216], "excluded_lines": [], "start_line": 210}, "_get_diff": {"executed_lines": [], "summary": {"covered_lines": 0, "num_statements": 7, "percent_covered": 0.0, "percent_covered_display": "0", "missing_lines": 7, "excluded_lines": 0, "percent_statements_covered": 0.0, "percent_statements_covered_display": "0"}, "missing_lines": [221, 222, 226, 227, 228, 229, 230], "excluded_lines": [], "start_line": 219}, "": {"executed_lines": [], "summary": {"covered_lines": 0, "num_statements": 29, "percent_covered": 0.0, "percent_covered_display": "0", "missing_lines": 29, "excluded_lines": 0, "percent_statements_covered": 0.0, "percent_statements_covered_display": "0"}, "missing_lines": [9, 10, 11, 12, 13, 15, 18, 27, 39, 40, 41, 42, 43, 44, 45, 48, 49, 50, 51, 52, 53, 54, 55, 56, 58, 80, 172, 210, 219], "excluded_lines": [], "start_line": 1}}, "classes": {"FileChange": {"executed_lines": [], "summary": {"covered_lines": 0, "num_statements": 0, "percent_covered": 100.0, "percent_covered_display": "100", "missing_lines": 0, "excluded_lines": 0, "percent_statements_covered": 100.0, "percent_statements_covered_display": "100"}, "missing_lines": [], "excluded_lines": [], "start_line": 40}, "StalenessReport": {"executed_lines": [], "summary": {"covered_lines": 0, "num_statements": 16, "percent_covered": 0.0, "percent_covered_display": "0", "missing_lines": 16, "excluded_lines": 0, "percent_statements_covered": 0.0, "percent_statements_covered_display": "0"}, "missing_lines": [59, 60, 61, 63, 64, 65, 66, 67, 68, 69, 71, 72, 73, 74, 75, 77], "excluded_lines": [], "start_line": 49}, "": {"executed_lines": [], "summary": {"covered_lines": 0, "num_statements": 91, "percent_covered": 0.0, "percent_covered_display": "0", "missing_lines": 91, "excluded_lines": 0, "percent_statements_covered": 0.0, "percent_statements_covered_display": "0"}, "missing_lines": [9, 10, 11, 12, 13, 15, 18, 27, 39, 40, 41, 42, 43, 44, 45, 48, 49, 50, 51, 52, 53, 54, 55, 56, 58, 80, 87, 88, 90, 91, 99, 100, 101, 107, 113, 114, 115, 116, 118, 119, 122, 123, 124, 125, 126, 127, 128, 129, 131, 132, 139, 141, 142, 144, 147, 148, 149, 150, 154, 155, 156, 161, 162, 163, 169, 172, 177, 178, 180, 186, 187, 188, 189, 190, 191, 192, 194, 207, 210, 211, 212, 215, 216, 219, 221, 222, 226, 227, 228, 229, 230], "excluded_lines": [], "start_line": 1}}}, "src/tracing/tracer.py": {"executed_lines": [], "summary": {"covered_lines": 0, "num_statements": 110, "percent_covered": 0.0, "percent_covered_display": "0", "missing_lines": 110, "excluded_lines": 0, "percent_statements_covered": 0.0, "percent_statements_covered_display": "0"}, "missing_lines": [18, 19, 20, 21, 22, 23, 24, 25, 27, 28, 29, 30, 32, 35, 38, 39, 41, 42, 43, 44, 45, 46, 49, 52, 54, 55, 56, 57, 58, 59, 60, 62, 64, 65, 67, 72, 73, 74, 75, 76, 79, 91, 94, 97, 99, 100, 101, 102, 103, 104, 106, 107, 108, 109, 111, 112, 114, 115, 116, 118, 119, 131, 132, 133, 134, 135, 136, 137, 138, 139, 141, 142, 143, 144, 146, 147, 150, 151, 153, 154, 155, 157, 160, 165, 166, 168, 179, 180, 182, 186, 187, 189, 196, 207, 208, 210, 219, 220, 222, 238, 239, 241, 242, 243, 245, 252, 253, 255, 269, 270], "excluded_lines": [], "functions": {"ReplayTracer.__init__": {"executed_lines": [], "summary": {"covered_lines": 0, "num_statements": 7, "percent_covered": 0.0, "percent_covered_display": "0", "missing_lines": 7, "excluded_lines": 0, "percent_statements_covered": 0.0, "percent_statements_covered_display": "0"}, "missing_lines": [54, 55, 56, 57, 58, 59, 60], "excluded_lines": [], "start_line": 52}, "ReplayTracer.start": {"executed_lines": [], "summary": {"covered_lines": 0, "num_statements": 11, "percent_covered": 0.0, "percent_covered_display": "0", "missing_lines": 11, "excluded_lines": 0, "percent_statements_covered": 0.0, "percent_statements_covered_display": "0"}, "missing_lines": [64, 65, 67, 72, 73, 74, 75, 76, 79, 91, 94], "excluded_lines": [], "start_line": 62}, "ReplayTracer.stop": {"executed_lines": [], "summary": {"covered_lines": 0, "num_statements": 10, "percent_covered": 0.0, "percent_covered_display": "0", "missing_lines": 10, "excluded_lines": 0, "percent_statements_covered": 0.0, "percent_statements_covered_display": "0"}, "missing_lines": [99, 100, 101, 102, 103, 104, 106, 107, 108, 109], "excluded_lines": [], "start_line": 97}, "ReplayTracer.trace_message": {"executed_lines": [], "summary": {"covered_lines": 0, "num_statements": 18, "percent_covered": 0.0, "percent_covered_display": "0", "missing_lines": 18, "excluded_lines": 0, "percent_statements_covered": 0.0, "percent_statements_covered_display": "0"}, "missing_lines": [114, 115, 116, 118, 119, 131, 132, 133, 134, 135, 136, 137, 138, 139, 141, 142, 143, 144], "excluded_lines": [], "start_line": 112}, "ReplayTracer._hash_prompt": {"executed_lines": [], "summary": {"covered_lines": 0, "num_statements": 1, "percent_covered": 0.0, "percent_covered_display": "0", "missing_lines": 1, "excluded_lines": 0, "percent_statements_covered": 0.0, "percent_statements_covered_display": "0"}, "missing_lines": [147], "excluded_lines": [], "start_line": 146}, "MessageTrace.record_routing": {"executed_lines": [], "summary": {"covered_lines": 0, "num_statements": 6, "percent_covered": 0.0, "percent_covered_display": "0", "missing_lines": 6, "excluded_lines": 0, "percent_statements_covered": 0.0, "percent_statements_covered_display": "0"}, "missing_lines": [160, 165, 166, 168, 179, 180], "excluded_lines": [], "start_line": 157}, "MessageTrace.record_task_resolution": {"executed_lines": [], "summary": {"covered_lines": 0, "num_statements": 6, "percent_covered": 0.0, "percent_covered_display": "0", "missing_lines": 6, "excluded_lines": 0, "percent_statements_covered": 0.0, "percent_statements_covered_display": "0"}, "missing_lines": [186, 187, 189, 196, 207, 208], "excluded_lines": [], "start_line": 182}, "MessageTrace.record_llm_call": {"executed_lines": [], "summary": {"covered_lines": 0, "num_statements": 8, "percent_covered": 0.0, "percent_covered_display": "0", "missing_lines": 8, "excluded_lines": 0, "percent_statements_covered": 0.0, "percent_statements_covered_display": "0"}, "missing_lines": [219, 220, 222, 238, 239, 241, 242, 243], "excluded_lines": [], "start_line": 210}, "MessageTrace.record_post_processing": {"executed_lines": [], "summary": {"covered_lines": 0, "num_statements": 5, "percent_covered": 0.0, "percent_covered_display": "0", "missing_lines": 5, "excluded_lines": 0, "percent_statements_covered": 0.0, "percent_statements_covered_display": "0"}, "missing_lines": [252, 253, 255, 269, 270], "excluded_lines": [], "start_line": 245}, "": {"executed_lines": [], "summary": {"covered_lines": 0, "num_statements": 38, "percent_covered": 0.0, "percent_covered_display": "0", "missing_lines": 38, "excluded_lines": 0, "percent_statements_covered": 0.0, "percent_statements_covered_display": "0"}, "missing_lines": [18, 19, 20, 21, 22, 23, 24, 25, 27, 28, 29, 30, 32, 35, 38, 39, 41, 42, 43, 44, 45, 46, 49, 52, 62, 97, 111, 112, 146, 150, 151, 153, 154, 155, 157, 182, 210, 245], "excluded_lines": [], "start_line": 1}}, "classes": {"RunContext": {"executed_lines": [], "summary": {"covered_lines": 0, "num_statements": 0, "percent_covered": 100.0, "percent_covered_display": "100", "missing_lines": 0, "excluded_lines": 0, "percent_statements_covered": 100.0, "percent_statements_covered_display": "100"}, "missing_lines": [], "excluded_lines": [], "start_line": 39}, "ReplayTracer": {"executed_lines": [], "summary": {"covered_lines": 0, "num_statements": 47, "percent_covered": 0.0, "percent_covered_display": "0", "missing_lines": 47, "excluded_lines": 0, "percent_statements_covered": 0.0, "percent_statements_covered_display": "0"}, "missing_lines": [54, 55, 56, 57, 58, 59, 60, 64, 65, 67, 72, 73, 74, 75, 76, 79, 91, 94, 99, 100, 101, 102, 103, 104, 106, 107, 108, 109, 114, 115, 116, 118, 119, 131, 132, 133, 134, 135, 136, 137, 138, 139, 141, 142, 143, 144, 147], "excluded_lines": [], "start_line": 49}, "MessageTrace": {"executed_lines": [], "summary": {"covered_lines": 0, "num_statements": 25, "percent_covered": 0.0, "percent_covered_display": "0", "missing_lines": 25, "excluded_lines": 0, "percent_statements_covered": 0.0, "percent_statements_covered_display": "0"}, "missing_lines": [160, 165, 166, 168, 179, 180, 186, 187, 189, 196, 207, 208, 219, 220, 222, 238, 239, 241, 242, 243, 252, 253, 255, 269, 270], "excluded_lines": [], "start_line": 151}, "": {"executed_lines": [], "summary": {"covered_lines": 0, "num_statements": 38, "percent_covered": 0.0, "percent_covered_display": "0", "missing_lines": 38, "excluded_lines": 0, "percent_statements_covered": 0.0, "percent_statements_covered_display": "0"}, "missing_lines": [18, 19, 20, 21, 22, 23, 24, 25, 27, 28, 29, 30, 32, 35, 38, 39, 41, 42, 43, 44, 45, 46, 49, 52, 62, 97, 111, 112, 146, 150, 151, 153, 154, 155, 157, 182, 210, 245], "excluded_lines": [], "start_line": 1}}}}, "totals": {"covered_lines": 1216, "num_statements": 2591, "percent_covered": 46.93168660748746, "percent_covered_display": "47", "missing_lines": 1375, "excluded_lines": 0, "percent_statements_covered": 46.93168660748746, "percent_statements_covered_display": "47"}}