{"meta": {"format": 3, "version": "7.13.5", "timestamp": "2026-04-03T16:42:45.528411", "branch_coverage": false, "show_contexts": false}, "files": {"src/__init__.py": {"executed_lines": [], "summary": {"covered_lines": 0, "num_statements": 0, "percent_covered": 100.0, "percent_covered_display": "100", "missing_lines": 0, "excluded_lines": 0, "percent_statements_covered": 100.0, "percent_statements_covered_display": "100"}, "missing_lines": [], "excluded_lines": [], "functions": {"": {"executed_lines": [], "summary": {"covered_lines": 0, "num_statements": 0, "percent_covered": 100.0, "percent_covered_display": "100", "missing_lines": 0, "excluded_lines": 0, "percent_statements_covered": 100.0, "percent_statements_covered_display": "100"}, "missing_lines": [], "excluded_lines": [], "start_line": 1}}, "classes": {"": {"executed_lines": [], "summary": {"covered_lines": 0, "num_statements": 0, "percent_covered": 100.0, "percent_covered_display": "100", "missing_lines": 0, "excluded_lines": 0, "percent_statements_covered": 100.0, "percent_statements_covered_display": "100"}, "missing_lines": [], "excluded_lines": [], "start_line": 1}}}, "src/agent/__init__.py": {"executed_lines": [], "summary": {"covered_lines": 0, "num_statements": 0, "percent_covered": 100.0, "percent_covered_display": "100", "missing_lines": 0, "excluded_lines": 0, "percent_statements_covered": 100.0, "percent_statements_covered_display": "100"}, "missing_lines": [], "excluded_lines": [], "functions": {"": {"executed_lines": [], "summary": {"covered_lines": 0, "num_statements": 0, "percent_covered": 100.0, "percent_covered_display": "100", "missing_lines": 0, "excluded_lines": 0, "percent_statements_covered": 100.0, "percent_statements_covered_display": "100"}, "missing_lines": [], "excluded_lines": [], "start_line": 1}}, "classes": {"": {"executed_lines": [], "summary": {"covered_lines": 0, "num_statements": 0, "percent_covered": 100.0, "percent_covered_display": "100", "missing_lines": 0, "excluded_lines": 0, "percent_statements_covered": 100.0, "percent_statements_covered_display": "100"}, "missing_lines": [], "excluded_lines": [], "start_line": 1}}}, "src/agent/prompt.py": {"executed_lines": [8, 9, 13, 37, 255, 258, 259, 260, 261, 262, 264, 265, 267, 277, 286, 287, 289, 290, 291, 293, 297, 299, 301, 307, 308, 309, 310, 311, 317, 319, 320, 321, 326, 328, 329, 341, 343], "summary": {"covered_lines": 37, "num_statements": 45, "percent_covered": 82.22222222222223, "percent_covered_display": "82", "missing_lines": 8, "excluded_lines": 0, "percent_statements_covered": 82.22222222222223, "percent_statements_covered_display": "82"}, "missing_lines": [292, 298, 330, 331, 332, 333, 334, 336], "excluded_lines": [], "functions": {"build_system_prompt": {"executed_lines": [258, 259, 260, 261, 262, 264, 265, 267], "summary": {"covered_lines": 8, "num_statements": 8, "percent_covered": 100.0, "percent_covered_display": "100", "missing_lines": 0, "excluded_lines": 0, "percent_statements_covered": 100.0, "percent_statements_covered_display": "100"}, "missing_lines": [], "excluded_lines": [], "start_line": 255}, "build_user_section": {"executed_lines": [286, 287, 289, 290, 291, 293, 297, 299, 301, 307, 308, 309, 310, 311, 317, 319, 320, 321, 326, 328, 329, 341, 343], "summary": {"covered_lines": 23, "num_statements": 31, "percent_covered": 74.19354838709677, "percent_covered_display": "74", "missing_lines": 8, "excluded_lines": 0, "percent_statements_covered": 74.19354838709677, "percent_statements_covered_display": "74"}, "missing_lines": [292, 298, 330, 331, 332, 333, 334, 336], "excluded_lines": [], "start_line": 277}, "": {"executed_lines": [8, 9, 13, 37, 255, 277], "summary": {"covered_lines": 6, "num_statements": 6, "percent_covered": 100.0, "percent_covered_display": "100", "missing_lines": 0, "excluded_lines": 0, "percent_statements_covered": 100.0, "percent_statements_covered_display": "100"}, "missing_lines": [], "excluded_lines": [], "start_line": 1}}, "classes": {"": {"executed_lines": [8, 9, 13, 37, 255, 258, 259, 260, 261, 262, 264, 265, 267, 277, 286, 287, 289, 290, 291, 293, 297, 299, 301, 307, 308, 309, 310, 311, 317, 319, 320, 321, 326, 328, 329, 341, 343], "summary": {"covered_lines": 37, "num_statements": 45, "percent_covered": 82.22222222222223, "percent_covered_display": "82", "missing_lines": 8, "excluded_lines": 0, "percent_statements_covered": 82.22222222222223, "percent_statements_covered_display": "82"}, "missing_lines": [292, 298, 330, 331, 332, 333, 334, 336], "excluded_lines": [], "start_line": 1}}}, "src/agent/templates.py": {"executed_lines": [26, 223, 361, 462, 485, 493, 494, 495, 496, 499, 501, 505, 506, 509, 510], "summary": {"covered_lines": 15, "num_statements": 15, "percent_covered": 100.0, "percent_covered_display": "100", "missing_lines": 0, "excluded_lines": 0, "percent_statements_covered": 100.0, "percent_statements_covered_display": "100"}, "missing_lines": [], "excluded_lines": [], "functions": {"get_template": {"executed_lines": [494, 495, 496], "summary": {"covered_lines": 3, "num_statements": 3, "percent_covered": 100.0, "percent_covered_display": "100", "missing_lines": 0, "excluded_lines": 0, "percent_statements_covered": 100.0, "percent_statements_covered_display": "100"}, "missing_lines": [], "excluded_lines": [], "start_line": 493}, "get_trigger_nodes": {"executed_lines": [501], "summary": {"covered_lines": 1, "num_statements": 1, "percent_covered": 100.0, "percent_covered_display": "100", "missing_lines": 0, "excluded_lines": 0, "percent_statements_covered": 100.0, "percent_statements_covered_display": "100"}, "missing_lines": [], "excluded_lines": [], "start_line": 499}, "get_time_trigger_nodes": {"executed_lines": [506], "summary": {"covered_lines": 1, "num_statements": 1, "percent_covered": 100.0, "percent_covered_display": "100", "missing_lines": 0, "excluded_lines": 0, "percent_statements_covered": 100.0, "percent_statements_covered_display": "100"}, "missing_lines": [], "excluded_lines": [], "start_line": 505}, "get_auto_trigger_nodes": {"executed_lines": [510], "summary": {"covered_lines": 1, "num_statements": 1, "percent_covered": 100.0, "percent_covered_display": "100", "missing_lines": 0, "excluded_lines": 0, "percent_statements_covered": 100.0, "percent_statements_covered_display": "100"}, "missing_lines": [], "excluded_lines": [], "start_line": 509}, "": {"executed_lines": [26, 223, 361, 462, 485, 493, 499, 505, 509], "summary": {"covered_lines": 9, "num_statements": 9, "percent_covered": 100.0, "percent_covered_display": "100", "missing_lines": 0, "excluded_lines": 0, "percent_statements_covered": 100.0, "percent_statements_covered_display": "100"}, "missing_lines": [], "excluded_lines": [], "start_line": 1}}, "classes": {"": {"executed_lines": [26, 223, 361, 462, 485, 493, 494, 495, 496, 499, 501, 505, 506, 509, 510], "summary": {"covered_lines": 15, "num_statements": 15, "percent_covered": 100.0, "percent_covered_display": "100", "missing_lines": 0, "excluded_lines": 0, "percent_statements_covered": 100.0, "percent_statements_covered_display": "100"}, "missing_lines": [], "excluded_lines": [], "start_line": 1}}}, "src/agent/update_agent.py": {"executed_lines": [8, 9, 10, 11, 12, 13, 14, 15, 17, 18, 20, 22, 26, 27, 28, 30, 31, 32, 35, 43, 44, 45, 47, 48, 51, 52, 53, 54, 55, 58, 59, 60, 63, 64, 65, 66, 67, 68, 69, 72, 74, 75, 76, 77, 78, 79, 80, 83, 84, 87, 88, 94, 97, 101, 102, 103, 104, 105, 106, 107, 108, 111, 116, 117, 118, 121, 122, 125, 143, 144, 146, 147, 148, 150, 151, 157, 158, 159, 160, 161, 163, 165, 168, 169, 171, 172, 177, 179, 180, 182, 194, 195, 196, 199, 200, 209, 212, 224, 227, 228, 230, 231, 232, 233, 234, 237, 239, 241, 242, 243, 245, 247, 248, 249, 253, 254, 256, 257, 258, 259, 260, 262, 263, 266, 273, 274, 275, 276, 278, 279, 280, 281, 282, 283, 284, 286, 288, 291, 293, 294, 295, 308, 314, 315, 318, 319, 320, 321, 327, 334, 335, 336, 337, 338, 340, 342, 345, 351, 352, 353, 359, 360, 363, 369, 371, 372, 373, 374, 377, 378, 383, 384, 385, 386, 387, 389, 391, 394, 401, 402, 407, 414, 415, 416], "summary": {"covered_lines": 184, "num_statements": 192, "percent_covered": 95.83333333333333, "percent_covered_display": "96", "missing_lines": 8, "excluded_lines": 0, "percent_statements_covered": 95.83333333333333, "percent_statements_covered_display": "96"}, "missing_lines": [37, 38, 39, 40, 210, 250, 251, 364], "excluded_lines": [], "functions": {"_get_gemini_client": {"executed_lines": [], "summary": {"covered_lines": 0, "num_statements": 4, "percent_covered": 0.0, "percent_covered_display": "0", "missing_lines": 4, "excluded_lines": 0, "percent_statements_covered": 0.0, "percent_statements_covered_display": "0"}, "missing_lines": [37, 38, 39, 40], "excluded_lines": [], "start_line": 35}, "_is_complex_message": {"executed_lines": [101, 102, 103, 104, 105, 106, 107, 108], "summary": {"covered_lines": 8, "num_statements": 8, "percent_covered": 100.0, "percent_covered_display": "100", "missing_lines": 0, "excluded_lines": 0, "percent_statements_covered": 100.0, "percent_statements_covered_display": "100"}, "missing_lines": [], "excluded_lines": [], "start_line": 97}, "_select_model": {"executed_lines": [116, 117, 118], "summary": {"covered_lines": 3, "num_statements": 3, "percent_covered": 100.0, "percent_covered_display": "100", "missing_lines": 0, "excluded_lines": 0, "percent_statements_covered": 100.0, "percent_statements_covered_display": "100"}, "missing_lines": [], "excluded_lines": [], "start_line": 111}, "_is_gemini_model": {"executed_lines": [122], "summary": {"covered_lines": 1, "num_statements": 1, "percent_covered": 100.0, "percent_covered_display": "100", "missing_lines": 0, "excluded_lines": 0, "percent_statements_covered": 100.0, "percent_statements_covered_display": "100"}, "missing_lines": [], "excluded_lines": [], "start_line": 121}, "run_update_agent": {"executed_lines": [143, 144, 146, 147, 148, 150, 151, 157, 158, 159, 160, 161, 163, 165, 168, 169, 171, 172, 177, 179, 180, 182, 194, 195, 196, 199, 200, 209, 212, 224], "summary": {"covered_lines": 30, "num_statements": 31, "percent_covered": 96.7741935483871, "percent_covered_display": "97", "missing_lines": 1, "excluded_lines": 0, "percent_statements_covered": 96.7741935483871, "percent_statements_covered_display": "97"}, "missing_lines": [210], "excluded_lines": [], "start_line": 125}, "_parse_raw": {"executed_lines": [239, 241, 242, 243, 245, 247, 248, 249, 253, 254, 256, 257, 258, 259, 260, 262, 263], "summary": {"covered_lines": 17, "num_statements": 19, "percent_covered": 89.47368421052632, "percent_covered_display": "89", "missing_lines": 2, "excluded_lines": 0, "percent_statements_covered": 89.47368421052632, "percent_statements_covered_display": "89"}, "missing_lines": [250, 251], "excluded_lines": [], "start_line": 237}, "_load_image": {"executed_lines": [273, 274, 275, 276, 278, 279, 280, 281, 282, 283, 284, 286, 288], "summary": {"covered_lines": 13, "num_statements": 13, "percent_covered": 100.0, "percent_covered_display": "100", "missing_lines": 0, "excluded_lines": 0, "percent_statements_covered": 100.0, "percent_statements_covered_display": "100"}, "missing_lines": [], "excluded_lines": [], "start_line": 266}, "_build_user_content": {"executed_lines": [293, 294, 295], "summary": {"covered_lines": 3, "num_statements": 3, "percent_covered": 100.0, "percent_covered_display": "100", "missing_lines": 0, "excluded_lines": 0, "percent_statements_covered": 100.0, "percent_statements_covered_display": "100"}, "missing_lines": [], "excluded_lines": [], "start_line": 291}, "_call_anthropic_with_retry": {"executed_lines": [314, 315, 318, 319, 320, 321, 327, 334, 335, 336, 337, 338, 340, 342], "summary": {"covered_lines": 14, "num_statements": 14, "percent_covered": 100.0, "percent_covered_display": "100", "missing_lines": 0, "excluded_lines": 0, "percent_statements_covered": 100.0, "percent_statements_covered_display": "100"}, "missing_lines": [], "excluded_lines": [], "start_line": 308}, "_call_gemini_with_retry": {"executed_lines": [351, 352, 353, 359, 360, 363, 369, 371, 372, 373, 374, 377, 378, 383, 384, 385, 386, 387, 389, 391], "summary": {"covered_lines": 20, "num_statements": 21, "percent_covered": 95.23809523809524, "percent_covered_display": "95", "missing_lines": 1, "excluded_lines": 0, "percent_statements_covered": 95.23809523809524, "percent_statements_covered_display": "95"}, "missing_lines": [364], "excluded_lines": [], "start_line": 345}, "_call_with_retry": {"executed_lines": [401, 402, 407], "summary": {"covered_lines": 3, "num_statements": 3, "percent_covered": 100.0, "percent_covered_display": "100", "missing_lines": 0, "excluded_lines": 0, "percent_statements_covered": 100.0, "percent_statements_covered_display": "100"}, "missing_lines": [], "excluded_lines": [], "start_line": 394}, "_log_error": {"executed_lines": [415, 416], "summary": {"covered_lines": 2, "num_statements": 2, "percent_covered": 100.0, "percent_covered_display": "100", "missing_lines": 0, "excluded_lines": 0, "percent_statements_covered": 100.0, "percent_statements_covered_display": "100"}, "missing_lines": [], "excluded_lines": [], "start_line": 414}, "": {"executed_lines": [8, 9, 10, 11, 12, 13, 14, 15, 17, 18, 20, 22, 26, 27, 28, 30, 31, 32, 35, 43, 44, 45, 47, 48, 51, 52, 53, 54, 55, 58, 59, 60, 63, 64, 65, 66, 67, 68, 69, 72, 74, 75, 76, 77, 78, 79, 80, 83, 84, 87, 88, 94, 97, 111, 121, 125, 227, 228, 230, 231, 232, 233, 234, 237, 266, 291, 308, 345, 394, 414], "summary": {"covered_lines": 70, "num_statements": 70, "percent_covered": 100.0, "percent_covered_display": "100", "missing_lines": 0, "excluded_lines": 0, "percent_statements_covered": 100.0, "percent_statements_covered_display": "100"}, "missing_lines": [], "excluded_lines": [], "start_line": 1}}, "classes": {"NodeUpdate": {"executed_lines": [], "summary": {"covered_lines": 0, "num_statements": 0, "percent_covered": 100.0, "percent_covered_display": "100", "missing_lines": 0, "excluded_lines": 0, "percent_statements_covered": 100.0, "percent_statements_covered_display": "100"}, "missing_lines": [], "excluded_lines": [], "start_line": 43}, "AmbiguityFlag": {"executed_lines": [], "summary": {"covered_lines": 0, "num_statements": 0, "percent_covered": 100.0, "percent_covered_display": "100", "missing_lines": 0, "excluded_lines": 0, "percent_statements_covered": 100.0, "percent_statements_covered_display": "100"}, "missing_lines": [], "excluded_lines": [], "start_line": 51}, "NodeDataExtraction": {"executed_lines": [], "summary": {"covered_lines": 0, "num_statements": 0, "percent_covered": 100.0, "percent_covered_display": "100", "missing_lines": 0, "excluded_lines": 0, "percent_statements_covered": 100.0, "percent_statements_covered_display": "100"}, "missing_lines": [], "excluded_lines": [], "start_line": 58}, "ItemExtraction": {"executed_lines": [], "summary": {"covered_lines": 0, "num_statements": 0, "percent_covered": 100.0, "percent_covered_display": "100", "missing_lines": 0, "excluded_lines": 0, "percent_statements_covered": 100.0, "percent_statements_covered_display": "100"}, "missing_lines": [], "excluded_lines": [], "start_line": 63}, "TaskOutput": {"executed_lines": [], "summary": {"covered_lines": 0, "num_statements": 0, "percent_covered": 100.0, "percent_covered_display": "100", "missing_lines": 0, "excluded_lines": 0, "percent_statements_covered": 100.0, "percent_statements_covered_display": "100"}, "missing_lines": [], "excluded_lines": [], "start_line": 72}, "AgentOutput": {"executed_lines": [], "summary": {"covered_lines": 0, "num_statements": 0, "percent_covered": 100.0, "percent_covered_display": "100", "missing_lines": 0, "excluded_lines": 0, "percent_statements_covered": 100.0, "percent_statements_covered_display": "100"}, "missing_lines": [], "excluded_lines": [], "start_line": 83}, "LLMResponse": {"executed_lines": [], "summary": {"covered_lines": 0, "num_statements": 0, "percent_covered": 100.0, "percent_covered_display": "100", "missing_lines": 0, "excluded_lines": 0, "percent_statements_covered": 100.0, "percent_statements_covered_display": "100"}, "missing_lines": [], "excluded_lines": [], "start_line": 228}, "": {"executed_lines": [8, 9, 10, 11, 12, 13, 14, 15, 17, 18, 20, 22, 26, 27, 28, 30, 31, 32, 35, 43, 44, 45, 47, 48, 51, 52, 53, 54, 55, 58, 59, 60, 63, 64, 65, 66, 67, 68, 69, 72, 74, 75, 76, 77, 78, 79, 80, 83, 84, 87, 88, 94, 97, 101, 102, 103, 104, 105, 106, 107, 108, 111, 116, 117, 118, 121, 122, 125, 143, 144, 146, 147, 148, 150, 151, 157, 158, 159, 160, 161, 163, 165, 168, 169, 171, 172, 177, 179, 180, 182, 194, 195, 196, 199, 200, 209, 212, 224, 227, 228, 230, 231, 232, 233, 234, 237, 239, 241, 242, 243, 245, 247, 248, 249, 253, 254, 256, 257, 258, 259, 260, 262, 263, 266, 273, 274, 275, 276, 278, 279, 280, 281, 282, 283, 284, 286, 288, 291, 293, 294, 295, 308, 314, 315, 318, 319, 320, 321, 327, 334, 335, 336, 337, 338, 340, 342, 345, 351, 352, 353, 359, 360, 363, 369, 371, 372, 373, 374, 377, 378, 383, 384, 385, 386, 387, 389, 391, 394, 401, 402, 407, 414, 415, 416], "summary": {"covered_lines": 184, "num_statements": 192, "percent_covered": 95.83333333333333, "percent_covered_display": "96", "missing_lines": 8, "excluded_lines": 0, "percent_statements_covered": 95.83333333333333, "percent_statements_covered_display": "96"}, "missing_lines": [37, 38, 39, 40, 210, 250, 251, 364], "excluded_lines": [], "start_line": 1}}}, "src/alerts/__init__.py": {"executed_lines": [], "summary": {"covered_lines": 0, "num_statements": 0, "percent_covered": 100.0, "percent_covered_display": "100", "missing_lines": 0, "excluded_lines": 0, "percent_statements_covered": 100.0, "percent_statements_covered_display": "100"}, "missing_lines": [], "excluded_lines": [], "functions": {"": {"executed_lines": [], "summary": {"covered_lines": 0, "num_statements": 0, "percent_covered": 100.0, "percent_covered_display": "100", "missing_lines": 0, "excluded_lines": 0, "percent_statements_covered": 100.0, "percent_statements_covered_display": "100"}, "missing_lines": [], "excluded_lines": [], "start_line": 1}}, "classes": {"": {"executed_lines": [], "summary": {"covered_lines": 0, "num_statements": 0, "percent_covered": 100.0, "percent_covered_display": "100", "missing_lines": 0, "excluded_lines": 0, "percent_statements_covered": 100.0, "percent_statements_covered_display": "100"}, "missing_lines": [], "excluded_lines": [], "start_line": 1}}}, "src/alerts/ambiguity_worker.py": {"executed_lines": [10, 11, 12, 13, 15, 19, 20, 22, 25, 26, 27, 28, 30, 33, 35, 36, 37, 40, 43, 44, 45, 46, 47, 48, 50, 51, 54, 55, 57, 58, 59, 65, 67, 68, 69, 70, 71, 81, 82, 83, 84, 94, 97, 99, 101, 102, 103, 104, 110, 112, 113, 114, 115, 123, 124, 127, 128, 142, 143, 144, 146, 147, 155, 157, 162, 163, 171, 172, 180, 190], "summary": {"covered_lines": 70, "num_statements": 80, "percent_covered": 87.5, "percent_covered_display": "88", "missing_lines": 10, "excluded_lines": 0, "percent_statements_covered": 87.5, "percent_statements_covered_display": "88"}, "missing_lines": [93, 181, 182, 183, 184, 185, 186, 187, 191, 193], "excluded_lines": [], "functions": {"check_ambiguity_queue": {"executed_lines": [26, 27, 28, 30, 33, 35, 36, 37], "summary": {"covered_lines": 8, "num_statements": 8, "percent_covered": 100.0, "percent_covered_display": "100", "missing_lines": 0, "excluded_lines": 0, "percent_statements_covered": 100.0, "percent_statements_covered_display": "100"}, "missing_lines": [], "excluded_lines": [], "start_line": 25}, "_process_entry": {"executed_lines": [44, 45, 46, 47, 48, 50, 51, 54, 55, 57, 58, 59, 65, 67, 68, 69, 70, 71, 81, 82, 83, 84, 94, 97, 99, 101, 102, 103, 104, 110, 112, 113, 114, 115, 123, 124], "summary": {"covered_lines": 36, "num_statements": 37, "percent_covered": 97.29729729729729, "percent_covered_display": "97", "missing_lines": 1, "excluded_lines": 0, "percent_statements_covered": 97.29729729729729, "percent_statements_covered_display": "97"}, "missing_lines": [93], "excluded_lines": [], "start_line": 43}, "_send_escalation": {"executed_lines": [128, 142, 143, 144, 146, 147], "summary": {"covered_lines": 6, "num_statements": 6, "percent_covered": 100.0, "percent_covered_display": "100", "missing_lines": 0, "excluded_lines": 0, "percent_statements_covered": 100.0, "percent_statements_covered_display": "100"}, "missing_lines": [], "excluded_lines": [], "start_line": 127}, "_auto_resolve": {"executed_lines": [157, 162, 163, 171, 172], "summary": {"covered_lines": 5, "num_statements": 5, "percent_covered": 100.0, "percent_covered_display": "100", "missing_lines": 0, "excluded_lines": 0, "percent_statements_covered": 100.0, "percent_statements_covered_display": "100"}, "missing_lines": [], "excluded_lines": [], "start_line": 155}, "run": {"executed_lines": [], "summary": {"covered_lines": 0, "num_statements": 7, "percent_covered": 0.0, "percent_covered_display": "0", "missing_lines": 7, "excluded_lines": 0, "percent_statements_covered": 0.0, "percent_statements_covered_display": "0"}, "missing_lines": [181, 182, 183, 184, 185, 186, 187], "excluded_lines": [], "start_line": 180}, "": {"executed_lines": [10, 11, 12, 13, 15, 19, 20, 22, 25, 40, 43, 127, 155, 180, 190], "summary": {"covered_lines": 15, "num_statements": 17, "percent_covered": 88.23529411764706, "percent_covered_display": "88", "missing_lines": 2, "excluded_lines": 0, "percent_statements_covered": 88.23529411764706, "percent_statements_covered_display": "88"}, "missing_lines": [191, 193], "excluded_lines": [], "start_line": 1}}, "classes": {"": {"executed_lines": [10, 11, 12, 13, 15, 19, 20, 22, 25, 26, 27, 28, 30, 33, 35, 36, 37, 40, 43, 44, 45, 46, 47, 48, 50, 51, 54, 55, 57, 58, 59, 65, 67, 68, 69, 70, 71, 81, 82, 83, 84, 94, 97, 99, 101, 102, 103, 104, 110, 112, 113, 114, 115, 123, 124, 127, 128, 142, 143, 144, 146, 147, 155, 157, 162, 163, 171, 172, 180, 190], "summary": {"covered_lines": 70, "num_statements": 80, "percent_covered": 87.5, "percent_covered_display": "88", "missing_lines": 10, "excluded_lines": 0, "percent_statements_covered": 87.5, "percent_statements_covered_display": "88"}, "missing_lines": [93, 181, 182, 183, 184, 185, 186, 187, 191, 193], "excluded_lines": [], "start_line": 1}}}, "src/alerts/cron_worker.py": {"executed_lines": [7, 8, 9, 10, 11, 13, 14, 15, 16, 18, 21, 23, 24, 25, 26, 29, 30, 31, 32, 33, 36, 48, 56, 61, 62, 63, 66, 67, 68, 70, 71, 72, 73, 74, 75, 76, 79, 80, 81, 82, 85, 86, 87, 89, 90, 91, 92, 93, 94, 95, 96, 97, 98, 102, 105, 106, 107, 109, 110, 111, 113, 114, 115, 116, 118, 119, 120, 121, 122, 123, 124, 126, 127, 129, 132, 133, 143, 144, 145, 146, 150, 160], "summary": {"covered_lines": 82, "num_statements": 100, "percent_covered": 82.0, "percent_covered_display": "82", "missing_lines": 18, "excluded_lines": 0, "percent_statements_covered": 82.0, "percent_statements_covered_display": "82"}, "missing_lines": [38, 39, 40, 44, 45, 49, 50, 99, 100, 151, 152, 153, 154, 155, 156, 157, 161, 163], "excluded_lines": [], "functions": {"_node_completed_at": {"executed_lines": [23, 24, 25, 26], "summary": {"covered_lines": 4, "num_statements": 4, "percent_covered": 100.0, "percent_covered_display": "100", "missing_lines": 0, "excluded_lines": 0, "percent_statements_covered": 100.0, "percent_statements_covered_display": "100"}, "missing_lines": [], "excluded_lines": [], "start_line": 21}, "_node_status": {"executed_lines": [30, 31, 32, 33], "summary": {"covered_lines": 4, "num_statements": 4, "percent_covered": 100.0, "percent_covered_display": "100", "missing_lines": 0, "excluded_lines": 0, "percent_statements_covered": 100.0, "percent_statements_covered_display": "100"}, "missing_lines": [], "excluded_lines": [], "start_line": 29}, "_alert_already_fired": {"executed_lines": [], "summary": {"covered_lines": 0, "num_statements": 5, "percent_covered": 0.0, "percent_covered_display": "0", "missing_lines": 5, "excluded_lines": 0, "percent_statements_covered": 0.0, "percent_statements_covered_display": "0"}, "missing_lines": [38, 39, 40, 44, 45], "excluded_lines": [], "start_line": 36}, "_record_alert_fired": {"executed_lines": [], "summary": {"covered_lines": 0, "num_statements": 2, "percent_covered": 0.0, "percent_covered_display": "0", "missing_lines": 2, "excluded_lines": 0, "percent_statements_covered": 0.0, "percent_statements_covered_display": "0"}, "missing_lines": [49, 50], "excluded_lines": [], "start_line": 48}, "_evaluate_time_trigger": {"executed_lines": [61, 62, 63, 66, 67, 68, 70, 71, 72, 73, 74, 75, 76, 79, 80, 81, 82, 85, 86, 87, 89, 90, 91, 92, 93, 94, 95, 96, 97, 98, 102], "summary": {"covered_lines": 31, "num_statements": 33, "percent_covered": 93.93939393939394, "percent_covered_display": "94", "missing_lines": 2, "excluded_lines": 0, "percent_statements_covered": 93.93939393939394, "percent_statements_covered_display": "94"}, "missing_lines": [99, 100], "excluded_lines": [], "start_line": 56}, "check_time_trigger_alerts": {"executed_lines": [106, 107, 109, 110, 111, 113, 114, 115, 116, 118, 119, 120, 121, 122, 123, 124, 126, 127, 129], "summary": {"covered_lines": 19, "num_statements": 19, "percent_covered": 100.0, "percent_covered_display": "100", "missing_lines": 0, "excluded_lines": 0, "percent_statements_covered": 100.0, "percent_statements_covered_display": "100"}, "missing_lines": [], "excluded_lines": [], "start_line": 105}, "_fire_alert": {"executed_lines": [133, 143, 144, 145, 146], "summary": {"covered_lines": 5, "num_statements": 5, "percent_covered": 100.0, "percent_covered_display": "100", "missing_lines": 0, "excluded_lines": 0, "percent_statements_covered": 100.0, "percent_statements_covered_display": "100"}, "missing_lines": [], "excluded_lines": [], "start_line": 132}, "run": {"executed_lines": [], "summary": {"covered_lines": 0, "num_statements": 7, "percent_covered": 0.0, "percent_covered_display": "0", "missing_lines": 7, "excluded_lines": 0, "percent_statements_covered": 0.0, "percent_statements_covered_display": "0"}, "missing_lines": [151, 152, 153, 154, 155, 156, 157], "excluded_lines": [], "start_line": 150}, "": {"executed_lines": [7, 8, 9, 10, 11, 13, 14, 15, 16, 18, 21, 29, 36, 48, 56, 105, 132, 150, 160], "summary": {"covered_lines": 19, "num_statements": 21, "percent_covered": 90.47619047619048, "percent_covered_display": "90", "missing_lines": 2, "excluded_lines": 0, "percent_statements_covered": 90.47619047619048, "percent_statements_covered_display": "90"}, "missing_lines": [161, 163], "excluded_lines": [], "start_line": 1}}, "classes": {"": {"executed_lines": [7, 8, 9, 10, 11, 13, 14, 15, 16, 18, 21, 23, 24, 25, 26, 29, 30, 31, 32, 33, 36, 48, 56, 61, 62, 63, 66, 67, 68, 70, 71, 72, 73, 74, 75, 76, 79, 80, 81, 82, 85, 86, 87, 89, 90, 91, 92, 93, 94, 95, 96, 97, 98, 102, 105, 106, 107, 109, 110, 111, 113, 114, 115, 116, 118, 119, 120, 121, 122, 123, 124, 126, 127, 129, 132, 133, 143, 144, 145, 146, 150, 160], "summary": {"covered_lines": 82, "num_statements": 100, "percent_covered": 82.0, "percent_covered_display": "82", "missing_lines": 18, "excluded_lines": 0, "percent_statements_covered": 82.0, "percent_statements_covered_display": "82"}, "missing_lines": [38, 39, 40, 44, 45, 49, 50, 99, 100, 151, 152, 153, 154, 155, 156, 157, 161, 163], "excluded_lines": [], "start_line": 1}}}, "src/alerts/escalation_router.py": {"executed_lines": [6, 9, 12, 13, 14, 15, 16, 17, 18, 19, 22, 23, 24, 27, 28, 29, 30, 31, 32, 35, 39, 40, 46, 47, 48, 55, 56, 63, 64, 69], "summary": {"covered_lines": 30, "num_statements": 30, "percent_covered": 100.0, "percent_covered_display": "100", "missing_lines": 0, "excluded_lines": 0, "percent_statements_covered": 100.0, "percent_statements_covered_display": "100"}, "missing_lines": [], "excluded_lines": [], "functions": {"route_ambiguity": {"executed_lines": [39, 40, 46, 47, 48, 55, 56, 63, 64, 69], "summary": {"covered_lines": 10, "num_statements": 10, "percent_covered": 100.0, "percent_covered_display": "100", "missing_lines": 0, "excluded_lines": 0, "percent_statements_covered": 100.0, "percent_statements_covered_display": "100"}, "missing_lines": [], "excluded_lines": [], "start_line": 35}, "": {"executed_lines": [6, 9, 12, 13, 14, 15, 16, 17, 18, 19, 22, 23, 24, 27, 28, 29, 30, 31, 32, 35], "summary": {"covered_lines": 20, "num_statements": 20, "percent_covered": 100.0, "percent_covered_display": "100", "missing_lines": 0, "excluded_lines": 0, "percent_statements_covered": 100.0, "percent_statements_covered_display": "100"}, "missing_lines": [], "excluded_lines": [], "start_line": 1}}, "classes": {"AmbiguityItem": {"executed_lines": [], "summary": {"covered_lines": 0, "num_statements": 0, "percent_covered": 100.0, "percent_covered_display": "100", "missing_lines": 0, "excluded_lines": 0, "percent_statements_covered": 100.0, "percent_statements_covered_display": "100"}, "missing_lines": [], "excluded_lines": [], "start_line": 13}, "RoutingContext": {"executed_lines": [], "summary": {"covered_lines": 0, "num_statements": 0, "percent_covered": 100.0, "percent_covered_display": "100", "missing_lines": 0, "excluded_lines": 0, "percent_statements_covered": 100.0, "percent_statements_covered_display": "100"}, "missing_lines": [], "excluded_lines": [], "start_line": 23}, "EscalationDecision": {"executed_lines": [], "summary": {"covered_lines": 0, "num_statements": 0, "percent_covered": 100.0, "percent_covered_display": "100", "missing_lines": 0, "excluded_lines": 0, "percent_statements_covered": 100.0, "percent_statements_covered_display": "100"}, "missing_lines": [], "excluded_lines": [], "start_line": 28}, "": {"executed_lines": [6, 9, 12, 13, 14, 15, 16, 17, 18, 19, 22, 23, 24, 27, 28, 29, 30, 31, 32, 35, 39, 40, 46, 47, 48, 55, 56, 63, 64, 69], "summary": {"covered_lines": 30, "num_statements": 30, "percent_covered": 100.0, "percent_covered_display": "100", "missing_lines": 0, "excluded_lines": 0, "percent_statements_covered": 100.0, "percent_statements_covered_display": "100"}, "missing_lines": [], "excluded_lines": [], "start_line": 1}}}, "src/api_guard.py": {"executed_lines": [17, 19, 21, 24, 26, 29, 32, 33, 34, 36, 37, 38, 40, 41, 44, 46, 47, 51, 53, 63, 64, 67, 69, 70, 74, 76, 86, 87, 90, 92, 93, 96, 97], "summary": {"covered_lines": 33, "num_statements": 57, "percent_covered": 57.89473684210526, "percent_covered_display": "58", "missing_lines": 24, "excluded_lines": 0, "percent_statements_covered": 57.89473684210526, "percent_statements_covered_display": "58"}, "missing_lines": [48, 49, 54, 55, 56, 57, 61, 71, 72, 77, 78, 79, 80, 84, 95, 99, 101, 102, 103, 104, 105, 109, 111, 112], "excluded_lines": [], "functions": {"activate": {"executed_lines": [32, 33, 34, 36, 37, 38, 40, 41], "summary": {"covered_lines": 8, "num_statements": 8, "percent_covered": 100.0, "percent_covered_display": "100", "missing_lines": 0, "excluded_lines": 0, "percent_statements_covered": 100.0, "percent_statements_covered_display": "100"}, "missing_lines": [], "excluded_lines": [], "start_line": 29}, "_patch_anthropic": {"executed_lines": [46, 47, 51, 53, 63, 64], "summary": {"covered_lines": 6, "num_statements": 8, "percent_covered": 75.0, "percent_covered_display": "75", "missing_lines": 2, "excluded_lines": 0, "percent_statements_covered": 75.0, "percent_statements_covered_display": "75"}, "missing_lines": [48, 49], "excluded_lines": [], "start_line": 44}, "_patch_anthropic._guarded_create": {"executed_lines": [], "summary": {"covered_lines": 0, "num_statements": 5, "percent_covered": 0.0, "percent_covered_display": "0", "missing_lines": 5, "excluded_lines": 0, "percent_statements_covered": 0.0, "percent_statements_covered_display": "0"}, "missing_lines": [54, 55, 56, 57, 61], "excluded_lines": [], "start_line": 53}, "_patch_genai": {"executed_lines": [69, 70, 74, 76, 86, 87], "summary": {"covered_lines": 6, "num_statements": 8, "percent_covered": 75.0, "percent_covered_display": "75", "missing_lines": 2, "excluded_lines": 0, "percent_statements_covered": 75.0, "percent_statements_covered_display": "75"}, "missing_lines": [71, 72], "excluded_lines": [], "start_line": 67}, "_patch_genai._guarded_generate": {"executed_lines": [], "summary": {"covered_lines": 0, "num_statements": 5, "percent_covered": 0.0, "percent_covered_display": "0", "missing_lines": 5, "excluded_lines": 0, "percent_statements_covered": 0.0, "percent_statements_covered_display": "0"}, "missing_lines": [77, 78, 79, 80, 84], "excluded_lines": [], "start_line": 76}, "_patch_mistral": {"executed_lines": [92, 93, 96, 97], "summary": {"covered_lines": 4, "num_statements": 9, "percent_covered": 44.44444444444444, "percent_covered_display": "44", "missing_lines": 5, "excluded_lines": 0, "percent_statements_covered": 44.44444444444444, "percent_statements_covered_display": "44"}, "missing_lines": [95, 99, 101, 111, 112], "excluded_lines": [], "start_line": 90}, "_patch_mistral._guarded_complete": {"executed_lines": [], "summary": {"covered_lines": 0, "num_statements": 5, "percent_covered": 0.0, "percent_covered_display": "0", "missing_lines": 5, "excluded_lines": 0, "percent_statements_covered": 0.0, "percent_statements_covered_display": "0"}, "missing_lines": [102, 103, 104, 105, 109], "excluded_lines": [], "start_line": 101}, "": {"executed_lines": [17, 19, 21, 24, 26, 29, 44, 67, 90], "summary": {"covered_lines": 9, "num_statements": 9, "percent_covered": 100.0, "percent_covered_display": "100", "missing_lines": 0, "excluded_lines": 0, "percent_statements_covered": 100.0, "percent_statements_covered_display": "100"}, "missing_lines": [], "excluded_lines": [], "start_line": 1}}, "classes": {"APICallBlocked": {"executed_lines": [], "summary": {"covered_lines": 0, "num_statements": 0, "percent_covered": 100.0, "percent_covered_display": "100", "missing_lines": 0, "excluded_lines": 0, "percent_statements_covered": 100.0, "percent_statements_covered_display": "100"}, "missing_lines": [], "excluded_lines": [], "start_line": 24}, "": {"executed_lines": [17, 19, 21, 24, 26, 29, 32, 33, 34, 36, 37, 38, 40, 41, 44, 46, 47, 51, 53, 63, 64, 67, 69, 70, 74, 76, 86, 87, 90, 92, 93, 96, 97], "summary": {"covered_lines": 33, "num_statements": 57, "percent_covered": 57.89473684210526, "percent_covered_display": "58", "missing_lines": 24, "excluded_lines": 0, "percent_statements_covered": 57.89473684210526, "percent_statements_covered_display": "58"}, "missing_lines": [48, 49, 54, 55, 56, 57, 61, 71, 72, 77, 78, 79, 80, 84, 95, 99, 101, 102, 103, 104, 105, 109, 111, 112], "excluded_lines": [], "start_line": 1}}}, "src/config.py": {"executed_lines": [15, 25, 39, 54, 60, 61, 62, 63, 86, 126, 130, 136, 151, 152, 157, 158, 164, 165, 166, 167, 168, 174, 175, 176, 177, 178, 184, 185, 186, 187, 193], "summary": {"covered_lines": 31, "num_statements": 31, "percent_covered": 100.0, "percent_covered_display": "100", "missing_lines": 0, "excluded_lines": 0, "percent_statements_covered": 100.0, "percent_statements_covered_display": "100"}, "missing_lines": [], "excluded_lines": [], "functions": {"": {"executed_lines": [15, 25, 39, 54, 60, 61, 62, 63, 86, 126, 130, 136, 151, 152, 157, 158, 164, 165, 166, 167, 168, 174, 175, 176, 177, 178, 184, 185, 186, 187, 193], "summary": {"covered_lines": 31, "num_statements": 31, "percent_covered": 100.0, "percent_covered_display": "100", "missing_lines": 0, "excluded_lines": 0, "percent_statements_covered": 100.0, "percent_statements_covered_display": "100"}, "missing_lines": [], "excluded_lines": [], "start_line": 1}}, "classes": {"": {"executed_lines": [15, 25, 39, 54, 60, 61, 62, 63, 86, 126, 130, 136, 151, 152, 157, 158, 164, 165, 166, 167, 168, 174, 175, 176, 177, 178, 184, 185, 186, 187, 193], "summary": {"covered_lines": 31, "num_statements": 31, "percent_covered": 100.0, "percent_covered_display": "100", "missing_lines": 0, "excluded_lines": 0, "percent_statements_covered": 100.0, "percent_statements_covered_display": "100"}, "missing_lines": [], "excluded_lines": [], "start_line": 1}}}, "src/conversation/__init__.py": {"executed_lines": [3], "summary": {"covered_lines": 1, "num_statements": 1, "percent_covered": 100.0, "percent_covered_display": "100", "missing_lines": 0, "excluded_lines": 0, "percent_statements_covered": 100.0, "percent_statements_covered_display": "100"}, "missing_lines": [], "excluded_lines": [], "functions": {"": {"executed_lines": [3], "summary": {"covered_lines": 1, "num_statements": 1, "percent_covered": 100.0, "percent_covered_display": "100", "missing_lines": 0, "excluded_lines": 0, "percent_statements_covered": 100.0, "percent_statements_covered_display": "100"}, "missing_lines": [], "excluded_lines": [], "start_line": 1}}, "classes": {"": {"executed_lines": [3], "summary": {"covered_lines": 1, "num_statements": 1, "percent_covered": 100.0, "percent_covered_display": "100", "missing_lines": 0, "excluded_lines": 0, "percent_statements_covered": 100.0, "percent_statements_covered_display": "100"}, "missing_lines": [], "excluded_lines": [], "start_line": 1}}}, "src/conversation/conversation_manager.py": {"executed_lines": [12, 13, 14, 15, 17, 18, 20, 23, 24, 26, 27, 28, 29, 30, 31, 32, 33, 35, 36, 37, 40, 41, 43, 44, 45, 48, 51, 72, 73, 75, 76, 77, 80, 82, 83, 84, 85, 86, 90, 91, 94, 97, 98, 99, 101, 103, 104, 107, 110, 111, 112, 115, 121, 122, 123, 124, 125, 126, 127, 128, 129, 130, 134, 135, 136, 137, 138, 139, 140, 143, 146, 148, 150, 179, 183, 184, 185, 188, 189, 190, 192, 193, 196, 197, 198, 201, 204, 348, 352, 353, 361, 362, 363, 366, 368, 369, 370, 371], "summary": {"covered_lines": 98, "num_statements": 183, "percent_covered": 53.55191256830601, "percent_covered_display": "54", "missing_lines": 85, "excluded_lines": 0, "percent_statements_covered": 53.55191256830601, "percent_statements_covered_display": "54"}, "missing_lines": [132, 144, 153, 154, 157, 158, 159, 160, 161, 163, 165, 166, 167, 168, 169, 170, 171, 174, 175, 191, 220, 221, 222, 224, 225, 232, 233, 236, 237, 238, 241, 243, 245, 247, 248, 249, 251, 252, 253, 254, 255, 256, 257, 258, 261, 262, 263, 266, 267, 268, 271, 278, 279, 281, 283, 284, 288, 291, 292, 297, 301, 302, 303, 304, 305, 306, 308, 309, 313, 314, 315, 317, 318, 322, 325, 326, 327, 331, 332, 334, 340, 345, 372, 373, 374], "excluded_lines": [], "functions": {"Conversation.add_scrap": {"executed_lines": [36, 37], "summary": {"covered_lines": 2, "num_statements": 2, "percent_covered": 100.0, "percent_covered_display": "100", "missing_lines": 0, "excluded_lines": 0, "percent_statements_covered": 100.0, "percent_statements_covered_display": "100"}, "missing_lines": [], "excluded_lines": [], "start_line": 35}, "build_conversations": {"executed_lines": [72, 73, 75, 76, 77, 80, 82, 83, 84, 85, 86, 90, 91, 94, 97, 98, 99, 101, 103, 104, 107, 110, 111, 112, 115, 121, 122, 123, 124, 125, 126, 127, 128, 129, 130, 134, 135, 136, 137, 138, 139, 140, 143, 146, 148, 150, 179, 183, 184, 185, 188, 189, 190, 192, 193, 196, 197, 198, 201], "summary": {"covered_lines": 59, "num_statements": 79, "percent_covered": 74.68354430379746, "percent_covered_display": "75", "missing_lines": 20, "excluded_lines": 0, "percent_statements_covered": 74.68354430379746, "percent_statements_covered_display": "75"}, "missing_lines": [132, 144, 153, 154, 157, 158, 159, 160, 161, 163, 165, 166, 167, 168, 169, 170, 171, 174, 175, 191], "excluded_lines": [], "start_line": 51}, "build_conversations_from_threads": {"executed_lines": [], "summary": {"covered_lines": 0, "num_statements": 62, "percent_covered": 0.0, "percent_covered_display": "0", "missing_lines": 62, "excluded_lines": 0, "percent_statements_covered": 0.0, "percent_statements_covered_display": "0"}, "missing_lines": [220, 221, 222, 224, 225, 232, 233, 236, 237, 238, 241, 243, 245, 247, 248, 249, 251, 252, 253, 254, 255, 256, 257, 258, 261, 262, 263, 266, 267, 268, 271, 278, 279, 281, 283, 284, 288, 291, 292, 297, 301, 302, 303, 304, 305, 306, 308, 309, 313, 314, 315, 317, 318, 322, 325, 326, 327, 331, 332, 334, 340, 345], "excluded_lines": [], "start_line": 204}, "_get_or_create_conversation": {"executed_lines": [352, 353, 361, 362, 363], "summary": {"covered_lines": 5, "num_statements": 5, "percent_covered": 100.0, "percent_covered_display": "100", "missing_lines": 0, "excluded_lines": 0, "percent_statements_covered": 100.0, "percent_statements_covered_display": "100"}, "missing_lines": [], "excluded_lines": [], "start_line": 348}, "_infer_conv_type": {"executed_lines": [368, 369, 370, 371], "summary": {"covered_lines": 4, "num_statements": 7, "percent_covered": 57.142857142857146, "percent_covered_display": "57", "missing_lines": 3, "excluded_lines": 0, "percent_statements_covered": 57.142857142857146, "percent_statements_covered_display": "57"}, "missing_lines": [372, 373, 374], "excluded_lines": [], "start_line": 366}, "": {"executed_lines": [12, 13, 14, 15, 17, 18, 20, 23, 24, 26, 27, 28, 29, 30, 31, 32, 33, 35, 40, 41, 43, 44, 45, 48, 51, 204, 348, 366], "summary": {"covered_lines": 28, "num_statements": 28, "percent_covered": 100.0, "percent_covered_display": "100", "missing_lines": 0, "excluded_lines": 0, "percent_statements_covered": 100.0, "percent_statements_covered_display": "100"}, "missing_lines": [], "excluded_lines": [], "start_line": 1}}, "classes": {"Conversation": {"executed_lines": [36, 37], "summary": {"covered_lines": 2, "num_statements": 2, "percent_covered": 100.0, "percent_covered_display": "100", "missing_lines": 0, "excluded_lines": 0, "percent_statements_covered": 100.0, "percent_statements_covered_display": "100"}, "missing_lines": [], "excluded_lines": [], "start_line": 24}, "SenderState": {"executed_lines": [], "summary": {"covered_lines": 0, "num_statements": 0, "percent_covered": 100.0, "percent_covered_display": "100", "missing_lines": 0, "excluded_lines": 0, "percent_statements_covered": 100.0, "percent_statements_covered_display": "100"}, "missing_lines": [], "excluded_lines": [], "start_line": 41}, "": {"executed_lines": [12, 13, 14, 15, 17, 18, 20, 23, 24, 26, 27, 28, 29, 30, 31, 32, 33, 35, 40, 41, 43, 44, 45, 48, 51, 72, 73, 75, 76, 77, 80, 82, 83, 84, 85, 86, 90, 91, 94, 97, 98, 99, 101, 103, 104, 107, 110, 111, 112, 115, 121, 122, 123, 124, 125, 126, 127, 128, 129, 130, 134, 135, 136, 137, 138, 139, 140, 143, 146, 148, 150, 179, 183, 184, 185, 188, 189, 190, 192, 193, 196, 197, 198, 201, 204, 348, 352, 353, 361, 362, 363, 366, 368, 369, 370, 371], "summary": {"covered_lines": 96, "num_statements": 181, "percent_covered": 53.03867403314917, "percent_covered_display": "53", "missing_lines": 85, "excluded_lines": 0, "percent_statements_covered": 53.03867403314917, "percent_statements_covered_display": "53"}, "missing_lines": [132, 144, 153, 154, 157, 158, 159, 160, 161, 163, 165, 166, 167, 168, 169, 170, 171, 174, 175, 191, 220, 221, 222, 224, 225, 232, 233, 236, 237, 238, 241, 243, 245, 247, 248, 249, 251, 252, 253, 254, 255, 256, 257, 258, 261, 262, 263, 266, 267, 268, 271, 278, 279, 281, 283, 284, 288, 291, 292, 297, 301, 302, 303, 304, 305, 306, 308, 309, 313, 314, 315, 317, 318, 322, 325, 326, 327, 331, 332, 334, 340, 345, 372, 373, 374], "excluded_lines": [], "start_line": 1}}}, "src/conversation/conversation_router.py": {"executed_lines": [20, 21, 22, 24, 25, 26, 29, 31, 34, 37, 40, 52, 57, 113, 114, 116, 117, 118, 119, 120, 123, 124, 126, 127, 128, 130, 135, 141, 151, 182, 202, 211, 308, 309, 382, 383, 442, 520, 570], "summary": {"covered_lines": 39, "num_statements": 327, "percent_covered": 11.926605504587156, "percent_covered_display": "12", "missing_lines": 288, "excluded_lines": 0, "percent_statements_covered": 11.926605504587156, "percent_statements_covered_display": "12"}, "missing_lines": [42, 43, 44, 45, 46, 47, 48, 49, 54, 65, 66, 67, 69, 71, 72, 73, 74, 75, 77, 78, 79, 80, 81, 84, 85, 86, 87, 88, 89, 90, 92, 93, 94, 95, 96, 97, 98, 101, 102, 103, 105, 107, 108, 110, 131, 132, 145, 146, 147, 148, 149, 161, 162, 164, 166, 167, 168, 170, 172, 174, 176, 177, 179, 180, 187, 188, 189, 191, 192, 193, 195, 196, 197, 198, 200, 204, 205, 206, 207, 208, 209, 218, 222, 225, 226, 227, 228, 229, 230, 231, 232, 233, 234, 235, 236, 237, 241, 242, 250, 251, 252, 253, 260, 267, 268, 275, 276, 277, 278, 279, 280, 281, 282, 283, 286, 287, 288, 289, 290, 292, 297, 300, 317, 320, 321, 322, 323, 324, 325, 326, 329, 330, 331, 334, 335, 337, 338, 339, 341, 342, 343, 345, 347, 349, 351, 352, 353, 354, 355, 357, 359, 366, 367, 368, 369, 370, 371, 373, 374, 376, 377, 380, 389, 390, 391, 392, 394, 395, 396, 399, 400, 401, 402, 403, 404, 405, 407, 408, 409, 411, 413, 414, 417, 418, 419, 420, 421, 422, 423, 424, 425, 426, 428, 429, 430, 431, 433, 434, 435, 436, 438, 440, 447, 448, 451, 452, 453, 454, 455, 456, 459, 460, 461, 464, 465, 466, 468, 469, 470, 471, 472, 473, 474, 475, 476, 480, 481, 482, 483, 486, 489, 490, 491, 492, 493, 496, 497, 498, 499, 500, 508, 509, 511, 512, 513, 515, 516, 518, 527, 528, 531, 532, 533, 534, 535, 536, 537, 538, 539, 541, 542, 545, 548, 554, 555, 556, 557, 558, 559, 560, 561, 562, 563, 565, 566, 568, 575, 576, 577, 578, 580, 581, 582, 583, 585, 586, 587, 589], "excluded_lines": [], "functions": {"load_ocr_cache": {"executed_lines": [], "summary": {"covered_lines": 0, "num_statements": 8, "percent_covered": 0.0, "percent_covered_display": "0", "missing_lines": 8, "excluded_lines": 0, "percent_statements_covered": 0.0, "percent_statements_covered_display": "0"}, "missing_lines": [42, 43, 44, 45, 46, 47, 48, 49], "excluded_lines": [], "start_line": 40}, "set_ocr_cache": {"executed_lines": [], "summary": {"covered_lines": 0, "num_statements": 1, "percent_covered": 0.0, "percent_covered_display": "0", "missing_lines": 1, "excluded_lines": 0, "percent_statements_covered": 0.0, "percent_statements_covered_display": "0"}, "missing_lines": [54], "excluded_lines": [], "start_line": 52}, "_enrich_with_ocr": {"executed_lines": [], "summary": {"covered_lines": 0, "num_statements": 35, "percent_covered": 0.0, "percent_covered_display": "0", "missing_lines": 35, "excluded_lines": 0, "percent_statements_covered": 0.0, "percent_statements_covered_display": "0"}, "missing_lines": [65, 66, 67, 69, 71, 72, 73, 74, 75, 77, 78, 79, 80, 81, 84, 85, 86, 87, 88, 89, 90, 92, 93, 94, 95, 96, 97, 98, 101, 102, 103, 105, 107, 108, 110], "excluded_lines": [], "start_line": 57}, "GroupBuffer.add": {"executed_lines": [], "summary": {"covered_lines": 0, "num_statements": 2, "percent_covered": 0.0, "percent_covered_display": "0", "missing_lines": 2, "excluded_lines": 0, "percent_statements_covered": 0.0, "percent_statements_covered_display": "0"}, "missing_lines": [131, 132], "excluded_lines": [], "start_line": 130}, "ConversationRouter.__init__": {"executed_lines": [], "summary": {"covered_lines": 0, "num_statements": 5, "percent_covered": 0.0, "percent_covered_display": "0", "missing_lines": 5, "excluded_lines": 0, "percent_statements_covered": 0.0, "percent_statements_covered_display": "0"}, "missing_lines": [145, 146, 147, 148, 149], "excluded_lines": [], "start_line": 141}, "ConversationRouter.feed": {"executed_lines": [], "summary": {"covered_lines": 0, "num_statements": 13, "percent_covered": 0.0, "percent_covered_display": "0", "missing_lines": 13, "excluded_lines": 0, "percent_statements_covered": 0.0, "percent_statements_covered_display": "0"}, "missing_lines": [161, 162, 164, 166, 167, 168, 170, 172, 174, 176, 177, 179, 180], "excluded_lines": [], "start_line": 151}, "ConversationRouter.flush_stale": {"executed_lines": [], "summary": {"covered_lines": 0, "num_statements": 11, "percent_covered": 0.0, "percent_covered_display": "0", "missing_lines": 11, "excluded_lines": 0, "percent_statements_covered": 0.0, "percent_statements_covered_display": "0"}, "missing_lines": [187, 188, 189, 191, 192, 193, 195, 196, 197, 198, 200], "excluded_lines": [], "start_line": 182}, "ConversationRouter.flush_all": {"executed_lines": [], "summary": {"covered_lines": 0, "num_statements": 6, "percent_covered": 0.0, "percent_covered_display": "0", "missing_lines": 6, "excluded_lines": 0, "percent_statements_covered": 0.0, "percent_statements_covered_display": "0"}, "missing_lines": [204, 205, 206, 207, 208, 209], "excluded_lines": [], "start_line": 202}, "ConversationRouter._flush_buffer": {"executed_lines": [], "summary": {"covered_lines": 0, "num_statements": 41, "percent_covered": 0.0, "percent_covered_display": "0", "missing_lines": 41, "excluded_lines": 0, "percent_statements_covered": 0.0, "percent_statements_covered_display": "0"}, "missing_lines": [218, 222, 225, 226, 227, 228, 229, 230, 231, 232, 233, 234, 235, 236, 237, 241, 242, 250, 251, 252, 253, 260, 267, 268, 275, 276, 277, 278, 279, 280, 281, 282, 283, 286, 287, 288, 289, 290, 292, 297, 300], "excluded_lines": [], "start_line": 211}, "ConversationRouter._enhance_with_reply_tree": {"executed_lines": [], "summary": {"covered_lines": 0, "num_statements": 40, "percent_covered": 0.0, "percent_covered_display": "0", "missing_lines": 40, "excluded_lines": 0, "percent_statements_covered": 0.0, "percent_statements_covered_display": "0"}, "missing_lines": [317, 320, 321, 322, 323, 324, 325, 326, 329, 330, 331, 334, 335, 337, 338, 339, 341, 342, 343, 345, 347, 349, 351, 352, 353, 354, 355, 357, 359, 366, 367, 368, 369, 370, 371, 373, 374, 376, 377, 380], "excluded_lines": [], "start_line": 309}, "ConversationRouter._build_order_context": {"executed_lines": [], "summary": {"covered_lines": 0, "num_statements": 40, "percent_covered": 0.0, "percent_covered_display": "0", "missing_lines": 40, "excluded_lines": 0, "percent_statements_covered": 0.0, "percent_statements_covered_display": "0"}, "missing_lines": [389, 390, 391, 392, 394, 395, 396, 399, 400, 401, 402, 403, 404, 405, 407, 408, 409, 411, 413, 414, 417, 418, 419, 420, 421, 422, 423, 424, 425, 426, 428, 429, 430, 431, 433, 434, 435, 436, 438, 440], "excluded_lines": [], "start_line": 383}, "ConversationRouter._enhance_with_date_matching": {"executed_lines": [], "summary": {"covered_lines": 0, "num_statements": 46, "percent_covered": 0.0, "percent_covered_display": "0", "missing_lines": 46, "excluded_lines": 0, "percent_statements_covered": 0.0, "percent_statements_covered_display": "0"}, "missing_lines": [447, 448, 451, 452, 453, 454, 455, 456, 459, 460, 461, 464, 465, 466, 468, 469, 470, 471, 472, 473, 474, 475, 476, 480, 481, 482, 483, 486, 489, 490, 491, 492, 493, 496, 497, 498, 499, 500, 508, 509, 511, 512, 513, 515, 516, 518], "excluded_lines": [], "start_line": 442}, "ConversationRouter._enhance_with_llm_context": {"executed_lines": [], "summary": {"covered_lines": 0, "num_statements": 28, "percent_covered": 0.0, "percent_covered_display": "0", "missing_lines": 28, "excluded_lines": 0, "percent_statements_covered": 0.0, "percent_statements_covered_display": "0"}, "missing_lines": [527, 528, 531, 532, 533, 534, 535, 536, 537, 538, 539, 541, 542, 545, 548, 554, 555, 556, 557, 558, 559, 560, 561, 562, 563, 565, 566, 568], "excluded_lines": [], "start_line": 520}, "ConversationRouter.get_entity_routes": {"executed_lines": [], "summary": {"covered_lines": 0, "num_statements": 12, "percent_covered": 0.0, "percent_covered_display": "0", "missing_lines": 12, "excluded_lines": 0, "percent_statements_covered": 0.0, "percent_statements_covered_display": "0"}, "missing_lines": [575, 576, 577, 578, 580, 581, 582, 583, 585, 586, 587, 589], "excluded_lines": [], "start_line": 570}, "": {"executed_lines": [20, 21, 22, 24, 25, 26, 29, 31, 34, 37, 40, 52, 57, 113, 114, 116, 117, 118, 119, 120, 123, 124, 126, 127, 128, 130, 135, 141, 151, 182, 202, 211, 308, 309, 382, 383, 442, 520, 570], "summary": {"covered_lines": 39, "num_statements": 39, "percent_covered": 100.0, "percent_covered_display": "100", "missing_lines": 0, "excluded_lines": 0, "percent_statements_covered": 100.0, "percent_statements_covered_display": "100"}, "missing_lines": [], "excluded_lines": [], "start_line": 1}}, "classes": {"ConversationResult": {"executed_lines": [], "summary": {"covered_lines": 0, "num_statements": 0, "percent_covered": 100.0, "percent_covered_display": "100", "missing_lines": 0, "excluded_lines": 0, "percent_statements_covered": 100.0, "percent_statements_covered_display": "100"}, "missing_lines": [], "excluded_lines": [], "start_line": 114}, "GroupBuffer": {"executed_lines": [], "summary": {"covered_lines": 0, "num_statements": 2, "percent_covered": 0.0, "percent_covered_display": "0", "missing_lines": 2, "excluded_lines": 0, "percent_statements_covered": 0.0, "percent_statements_covered_display": "0"}, "missing_lines": [131, 132], "excluded_lines": [], "start_line": 124}, "ConversationRouter": {"executed_lines": [], "summary": {"covered_lines": 0, "num_statements": 242, "percent_covered": 0.0, "percent_covered_display": "0", "missing_lines": 242, "excluded_lines": 0, "percent_statements_covered": 0.0, "percent_statements_covered_display": "0"}, "missing_lines": [145, 146, 147, 148, 149, 161, 162, 164, 166, 167, 168, 170, 172, 174, 176, 177, 179, 180, 187, 188, 189, 191, 192, 193, 195, 196, 197, 198, 200, 204, 205, 206, 207, 208, 209, 218, 222, 225, 226, 227, 228, 229, 230, 231, 232, 233, 234, 235, 236, 237, 241, 242, 250, 251, 252, 253, 260, 267, 268, 275, 276, 277, 278, 279, 280, 281, 282, 283, 286, 287, 288, 289, 290, 292, 297, 300, 317, 320, 321, 322, 323, 324, 325, 326, 329, 330, 331, 334, 335, 337, 338, 339, 341, 342, 343, 345, 347, 349, 351, 352, 353, 354, 355, 357, 359, 366, 367, 368, 369, 370, 371, 373, 374, 376, 377, 380, 389, 390, 391, 392, 394, 395, 396, 399, 400, 401, 402, 403, 404, 405, 407, 408, 409, 411, 413, 414, 417, 418, 419, 420, 421, 422, 423, 424, 425, 426, 428, 429, 430, 431, 433, 434, 435, 436, 438, 440, 447, 448, 451, 452, 453, 454, 455, 456, 459, 460, 461, 464, 465, 466, 468, 469, 470, 471, 472, 473, 474, 475, 476, 480, 481, 482, 483, 486, 489, 490, 491, 492, 493, 496, 497, 498, 499, 500, 508, 509, 511, 512, 513, 515, 516, 518, 527, 528, 531, 532, 533, 534, 535, 536, 537, 538, 539, 541, 542, 545, 548, 554, 555, 556, 557, 558, 559, 560, 561, 562, 563, 565, 566, 568, 575, 576, 577, 578, 580, 581, 582, 583, 585, 586, 587, 589], "excluded_lines": [], "start_line": 135}, "": {"executed_lines": [20, 21, 22, 24, 25, 26, 29, 31, 34, 37, 40, 52, 57, 113, 114, 116, 117, 118, 119, 120, 123, 124, 126, 127, 128, 130, 135, 141, 151, 182, 202, 211, 308, 309, 382, 383, 442, 520, 570], "summary": {"covered_lines": 39, "num_statements": 83, "percent_covered": 46.98795180722892, "percent_covered_display": "47", "missing_lines": 44, "excluded_lines": 0, "percent_statements_covered": 46.98795180722892, "percent_statements_covered_display": "47"}, "missing_lines": [42, 43, 44, 45, 46, 47, 48, 49, 54, 65, 66, 67, 69, 71, 72, 73, 74, 75, 77, 78, 79, 80, 81, 84, 85, 86, 87, 88, 89, 90, 92, 93, 94, 95, 96, 97, 98, 101, 102, 103, 105, 107, 108, 110], "excluded_lines": [], "start_line": 1}}}, "src/conversation/date_matcher.py": {"executed_lines": [], "summary": {"covered_lines": 0, "num_statements": 98, "percent_covered": 0.0, "percent_covered_display": "0", "missing_lines": 98, "excluded_lines": 0, "percent_statements_covered": 0.0, "percent_statements_covered_display": "0"}, "missing_lines": [16, 17, 18, 19, 20, 22, 24, 28, 37, 44, 45, 48, 49, 51, 52, 53, 54, 55, 56, 59, 60, 62, 63, 64, 65, 68, 78, 80, 81, 83, 84, 85, 86, 88, 89, 90, 91, 92, 94, 96, 99, 108, 109, 110, 111, 112, 113, 114, 123, 124, 127, 136, 137, 139, 141, 142, 146, 147, 149, 150, 151, 153, 154, 157, 159, 160, 161, 162, 163, 164, 165, 166, 167, 169, 171, 172, 173, 177, 178, 179, 180, 183, 184, 186, 188, 189, 190, 194, 200, 202, 203, 206, 208, 210, 211, 212, 213, 214], "excluded_lines": [], "functions": {"extract_timeline": {"executed_lines": [], "summary": {"covered_lines": 0, "num_statements": 24, "percent_covered": 0.0, "percent_covered_display": "0", "missing_lines": 24, "excluded_lines": 0, "percent_statements_covered": 0.0, "percent_statements_covered_display": "0"}, "missing_lines": [78, 80, 81, 83, 84, 85, 86, 88, 89, 90, 91, 92, 94, 96, 99, 108, 109, 110, 111, 112, 113, 114, 123, 124], "excluded_lines": [], "start_line": 68}, "match_by_date": {"executed_lines": [], "summary": {"covered_lines": 0, "num_statements": 40, "percent_covered": 0.0, "percent_covered_display": "0", "missing_lines": 40, "excluded_lines": 0, "percent_statements_covered": 0.0, "percent_statements_covered_display": "0"}, "missing_lines": [136, 137, 139, 141, 142, 146, 147, 149, 150, 151, 153, 154, 157, 159, 160, 161, 162, 163, 164, 165, 166, 167, 169, 171, 172, 173, 177, 178, 179, 180, 183, 184, 186, 188, 189, 190, 194, 200, 202, 203], "excluded_lines": [], "start_line": 127}, "_parse_date": {"executed_lines": [], "summary": {"covered_lines": 0, "num_statements": 6, "percent_covered": 0.0, "percent_covered_display": "0", "missing_lines": 6, "excluded_lines": 0, "percent_statements_covered": 0.0, "percent_statements_covered_display": "0"}, "missing_lines": [208, 210, 211, 212, 213, 214], "excluded_lines": [], "start_line": 206}, "": {"executed_lines": [], "summary": {"covered_lines": 0, "num_statements": 28, "percent_covered": 0.0, "percent_covered_display": "0", "missing_lines": 28, "excluded_lines": 0, "percent_statements_covered": 0.0, "percent_statements_covered_display": "0"}, "missing_lines": [16, 17, 18, 19, 20, 22, 24, 28, 37, 44, 45, 48, 49, 51, 52, 53, 54, 55, 56, 59, 60, 62, 63, 64, 65, 68, 127, 206], "excluded_lines": [], "start_line": 1}}, "classes": {"TimelineEvent": {"executed_lines": [], "summary": {"covered_lines": 0, "num_statements": 0, "percent_covered": 100.0, "percent_covered_display": "100", "missing_lines": 0, "excluded_lines": 0, "percent_statements_covered": 100.0, "percent_statements_covered_display": "100"}, "missing_lines": [], "excluded_lines": [], "start_line": 49}, "DateMatch": {"executed_lines": [], "summary": {"covered_lines": 0, "num_statements": 0, "percent_covered": 100.0, "percent_covered_display": "100", "missing_lines": 0, "excluded_lines": 0, "percent_statements_covered": 100.0, "percent_statements_covered_display": "100"}, "missing_lines": [], "excluded_lines": [], "start_line": 60}, "": {"executed_lines": [], "summary": {"covered_lines": 0, "num_statements": 98, "percent_covered": 0.0, "percent_covered_display": "0", "missing_lines": 98, "excluded_lines": 0, "percent_statements_covered": 0.0, "percent_statements_covered_display": "0"}, "missing_lines": [16, 17, 18, 19, 20, 22, 24, 28, 37, 44, 45, 48, 49, 51, 52, 53, 54, 55, 56, 59, 60, 62, 63, 64, 65, 68, 78, 80, 81, 83, 84, 85, 86, 88, 89, 90, 91, 92, 94, 96, 99, 108, 109, 110, 111, 112, 113, 114, 123, 124, 127, 136, 137, 139, 141, 142, 146, 147, 149, 150, 151, 153, 154, 157, 159, 160, 161, 162, 163, 164, 165, 166, 167, 169, 171, 172, 173, 177, 178, 179, 180, 183, 184, 186, 188, 189, 190, 194, 200, 202, 203, 206, 208, 210, 211, 212, 213, 214], "excluded_lines": [], "start_line": 1}}}, "src/conversation/entity_learner.py": {"executed_lines": [], "summary": {"covered_lines": 0, "num_statements": 132, "percent_covered": 0.0, "percent_covered_display": "0", "missing_lines": 132, "excluded_lines": 0, "percent_statements_covered": 0.0, "percent_statements_covered_display": "0"}, "missing_lines": [13, 14, 15, 16, 17, 18, 20, 23, 26, 27, 30, 36, 37, 39, 40, 41, 42, 43, 44, 45, 46, 47, 48, 49, 52, 63, 64, 65, 67, 68, 69, 70, 72, 73, 74, 78, 79, 80, 81, 82, 84, 85, 86, 88, 103, 104, 105, 106, 108, 109, 111, 114, 115, 117, 118, 119, 121, 136, 140, 141, 142, 143, 145, 146, 147, 148, 150, 152, 165, 166, 169, 171, 172, 173, 174, 175, 176, 177, 178, 179, 181, 182, 183, 184, 187, 189, 190, 193, 195, 196, 197, 198, 201, 202, 203, 206, 208, 211, 212, 213, 214, 216, 219, 221, 222, 225, 227, 228, 231, 233, 234, 236, 237, 240, 241, 242, 243, 245, 248, 250, 251, 253, 254, 255, 257, 258, 259, 278, 279, 289, 290, 291], "excluded_lines": [], "functions": {"discover_entities": {"executed_lines": [], "summary": {"covered_lines": 0, "num_statements": 45, "percent_covered": 0.0, "percent_covered_display": "0", "missing_lines": 45, "excluded_lines": 0, "percent_statements_covered": 0.0, "percent_statements_covered_display": "0"}, "missing_lines": [63, 64, 65, 67, 68, 69, 70, 72, 73, 74, 78, 79, 80, 81, 82, 84, 85, 86, 88, 103, 104, 105, 106, 108, 109, 111, 114, 115, 117, 118, 119, 121, 136, 140, 141, 142, 143, 145, 146, 147, 148, 150, 152, 165, 166], "excluded_lines": [], "start_line": 52}, "_should_skip": {"executed_lines": [], "summary": {"covered_lines": 0, "num_statements": 13, "percent_covered": 0.0, "percent_covered_display": "0", "missing_lines": 13, "excluded_lines": 0, "percent_statements_covered": 0.0, "percent_statements_covered_display": "0"}, "missing_lines": [171, 172, 173, 174, 175, 176, 177, 178, 179, 181, 182, 183, 184], "excluded_lines": [], "start_line": 169}, "_classify_entity": {"executed_lines": [], "summary": {"covered_lines": 0, "num_statements": 17, "percent_covered": 0.0, "percent_covered_display": "0", "missing_lines": 17, "excluded_lines": 0, "percent_statements_covered": 0.0, "percent_statements_covered_display": "0"}, "missing_lines": [189, 190, 193, 195, 196, 197, 198, 201, 202, 203, 206, 208, 211, 212, 213, 214, 216], "excluded_lines": [], "start_line": 187}, "_extract_phone": {"executed_lines": [], "summary": {"covered_lines": 0, "num_statements": 2, "percent_covered": 0.0, "percent_covered_display": "0", "missing_lines": 2, "excluded_lines": 0, "percent_statements_covered": 0.0, "percent_statements_covered_display": "0"}, "missing_lines": [221, 222], "excluded_lines": [], "start_line": 219}, "_generate_aliases": {"executed_lines": [], "summary": {"covered_lines": 0, "num_statements": 12, "percent_covered": 0.0, "percent_covered_display": "0", "missing_lines": 12, "excluded_lines": 0, "percent_statements_covered": 0.0, "percent_statements_covered_display": "0"}, "missing_lines": [227, 228, 231, 233, 234, 236, 237, 240, 241, 242, 243, 245], "excluded_lines": [], "start_line": 225}, "store_discovered_entities": {"executed_lines": [], "summary": {"covered_lines": 0, "num_statements": 13, "percent_covered": 0.0, "percent_covered_display": "0", "missing_lines": 13, "excluded_lines": 0, "percent_statements_covered": 0.0, "percent_statements_covered_display": "0"}, "missing_lines": [250, 251, 253, 254, 255, 257, 258, 259, 278, 279, 289, 290, 291], "excluded_lines": [], "start_line": 248}, "": {"executed_lines": [], "summary": {"covered_lines": 0, "num_statements": 30, "percent_covered": 0.0, "percent_covered_display": "0", "missing_lines": 30, "excluded_lines": 0, "percent_statements_covered": 0.0, "percent_statements_covered_display": "0"}, "missing_lines": [13, 14, 15, 16, 17, 18, 20, 23, 26, 27, 30, 36, 37, 39, 40, 41, 42, 43, 44, 45, 46, 47, 48, 49, 52, 169, 187, 219, 225, 248], "excluded_lines": [], "start_line": 1}}, "classes": {"DiscoveredEntity": {"executed_lines": [], "summary": {"covered_lines": 0, "num_statements": 0, "percent_covered": 100.0, "percent_covered_display": "100", "missing_lines": 0, "excluded_lines": 0, "percent_statements_covered": 100.0, "percent_statements_covered_display": "100"}, "missing_lines": [], "excluded_lines": [], "start_line": 37}, "": {"executed_lines": [], "summary": {"covered_lines": 0, "num_statements": 132, "percent_covered": 0.0, "percent_covered_display": "0", "missing_lines": 132, "excluded_lines": 0, "percent_statements_covered": 0.0, "percent_statements_covered_display": "0"}, "missing_lines": [13, 14, 15, 16, 17, 18, 20, 23, 26, 27, 30, 36, 37, 39, 40, 41, 42, 43, 44, 45, 46, 47, 48, 49, 52, 63, 64, 65, 67, 68, 69, 70, 72, 73, 74, 78, 79, 80, 81, 82, 84, 85, 86, 88, 103, 104, 105, 106, 108, 109, 111, 114, 115, 117, 118, 119, 121, 136, 140, 141, 142, 143, 145, 146, 147, 148, 150, 152, 165, 166, 169, 171, 172, 173, 174, 175, 176, 177, 178, 179, 181, 182, 183, 184, 187, 189, 190, 193, 195, 196, 197, 198, 201, 202, 203, 206, 208, 211, 212, 213, 214, 216, 219, 221, 222, 225, 227, 228, 231, 233, 234, 236, 237, 240, 241, 242, 243, 245, 248, 250, 251, 253, 254, 255, 257, 258, 259, 278, 279, 289, 290, 291], "excluded_lines": [], "start_line": 1}}}, "src/conversation/item_matcher.py": {"executed_lines": [12, 13, 14, 15, 17, 20, 23, 26, 44, 45, 47, 48, 49, 50, 51, 54, 68, 69, 72, 74, 75, 77, 78, 79, 83, 85, 89, 92, 93, 95, 96, 97, 104, 107, 108, 109, 110, 117, 120, 121, 122, 123, 124, 126, 129, 138, 140, 141, 144, 145, 146, 150, 154, 155, 156, 158, 175, 178, 179], "summary": {"covered_lines": 59, "num_statements": 70, "percent_covered": 84.28571428571429, "percent_covered_display": "84", "missing_lines": 11, "excluded_lines": 0, "percent_statements_covered": 84.28571428571429, "percent_statements_covered_display": "84"}, "missing_lines": [70, 80, 151, 161, 162, 163, 165, 166, 168, 171, 172], "excluded_lines": [], "functions": {"match_scrap_to_items": {"executed_lines": [68, 69, 72, 74, 75, 77, 78, 79, 83, 85, 89, 92, 93, 95, 96, 97, 104, 107, 108, 109, 110, 117, 120, 121, 122, 123, 124, 126], "summary": {"covered_lines": 28, "num_statements": 30, "percent_covered": 93.33333333333333, "percent_covered_display": "93", "missing_lines": 2, "excluded_lines": 0, "percent_statements_covered": 93.33333333333333, "percent_statements_covered_display": "93"}, "missing_lines": [70, 80], "excluded_lines": [], "start_line": 54}, "resolve_scrap_entity_by_items": {"executed_lines": [138, 140, 141, 144, 145, 146, 150, 154, 155, 156, 158], "summary": {"covered_lines": 11, "num_statements": 20, "percent_covered": 55.0, "percent_covered_display": "55", "missing_lines": 9, "excluded_lines": 0, "percent_statements_covered": 55.0, "percent_statements_covered_display": "55"}, "missing_lines": [151, 161, 162, 163, 165, 166, 168, 171, 172], "excluded_lines": [], "start_line": 129}, "_extract_candidate_words": {"executed_lines": [178, 179], "summary": {"covered_lines": 2, "num_statements": 2, "percent_covered": 100.0, "percent_covered_display": "100", "missing_lines": 0, "excluded_lines": 0, "percent_statements_covered": 100.0, "percent_statements_covered_display": "100"}, "missing_lines": [], "excluded_lines": [], "start_line": 175}, "": {"executed_lines": [12, 13, 14, 15, 17, 20, 23, 26, 44, 45, 47, 48, 49, 50, 51, 54, 129, 175], "summary": {"covered_lines": 18, "num_statements": 18, "percent_covered": 100.0, "percent_covered_display": "100", "missing_lines": 0, "excluded_lines": 0, "percent_statements_covered": 100.0, "percent_statements_covered_display": "100"}, "missing_lines": [], "excluded_lines": [], "start_line": 1}}, "classes": {"ItemMatch": {"executed_lines": [], "summary": {"covered_lines": 0, "num_statements": 0, "percent_covered": 100.0, "percent_covered_display": "100", "missing_lines": 0, "excluded_lines": 0, "percent_statements_covered": 100.0, "percent_statements_covered_display": "100"}, "missing_lines": [], "excluded_lines": [], "start_line": 45}, "": {"executed_lines": [12, 13, 14, 15, 17, 20, 23, 26, 44, 45, 47, 48, 49, 50, 51, 54, 68, 69, 72, 74, 75, 77, 78, 79, 83, 85, 89, 92, 93, 95, 96, 97, 104, 107, 108, 109, 110, 117, 120, 121, 122, 123, 124, 126, 129, 138, 140, 141, 144, 145, 146, 150, 154, 155, 156, 158, 175, 178, 179], "summary": {"covered_lines": 59, "num_statements": 70, "percent_covered": 84.28571428571429, "percent_covered_display": "84", "missing_lines": 11, "excluded_lines": 0, "percent_statements_covered": 84.28571428571429, "percent_statements_covered_display": "84"}, "missing_lines": [70, 80, 151, 161, 162, 163, 165, 166, 168, 171, 172], "excluded_lines": [], "start_line": 1}}}, "src/conversation/llm_context_matcher.py": {"executed_lines": [], "summary": {"covered_lines": 0, "num_statements": 99, "percent_covered": 0.0, "percent_covered_display": "0", "missing_lines": 99, "excluded_lines": 0, "percent_statements_covered": 0.0, "percent_statements_covered_display": "0"}, "missing_lines": [12, 13, 14, 15, 16, 18, 19, 21, 23, 24, 26, 44, 47, 48, 49, 50, 51, 54, 72, 73, 74, 76, 77, 78, 80, 81, 82, 83, 86, 87, 88, 89, 90, 91, 92, 93, 94, 95, 97, 102, 103, 104, 112, 113, 116, 123, 124, 125, 128, 129, 131, 132, 133, 134, 135, 136, 137, 138, 140, 141, 142, 143, 146, 149, 152, 156, 161, 168, 169, 170, 172, 173, 174, 175, 180, 183, 185, 186, 187, 189, 190, 191, 192, 194, 195, 200, 201, 203, 204, 205, 210, 211, 212, 213, 215, 216, 217, 218, 219], "excluded_lines": [], "functions": {"match_backward_context": {"executed_lines": [], "summary": {"covered_lines": 0, "num_statements": 46, "percent_covered": 0.0, "percent_covered_display": "0", "missing_lines": 46, "excluded_lines": 0, "percent_statements_covered": 0.0, "percent_statements_covered_display": "0"}, "missing_lines": [72, 73, 74, 76, 77, 78, 80, 81, 82, 83, 86, 87, 88, 89, 90, 91, 92, 93, 94, 95, 97, 102, 103, 104, 112, 113, 116, 123, 124, 125, 128, 129, 131, 132, 133, 134, 135, 136, 137, 138, 140, 141, 142, 143, 146, 149], "excluded_lines": [], "start_line": 54}, "_call_llm_judge": {"executed_lines": [], "summary": {"covered_lines": 0, "num_statements": 10, "percent_covered": 0.0, "percent_covered_display": "0", "missing_lines": 10, "excluded_lines": 0, "percent_statements_covered": 0.0, "percent_statements_covered_display": "0"}, "missing_lines": [156, 161, 168, 169, 170, 172, 173, 174, 175, 180], "excluded_lines": [], "start_line": 152}, "_try_gemini": {"executed_lines": [], "summary": {"covered_lines": 0, "num_statements": 23, "percent_covered": 0.0, "percent_covered_display": "0", "missing_lines": 23, "excluded_lines": 0, "percent_statements_covered": 0.0, "percent_statements_covered_display": "0"}, "missing_lines": [185, 186, 187, 189, 190, 191, 192, 194, 195, 200, 201, 203, 204, 205, 210, 211, 212, 213, 215, 216, 217, 218, 219], "excluded_lines": [], "start_line": 183}, "": {"executed_lines": [], "summary": {"covered_lines": 0, "num_statements": 20, "percent_covered": 0.0, "percent_covered_display": "0", "missing_lines": 20, "excluded_lines": 0, "percent_statements_covered": 0.0, "percent_statements_covered_display": "0"}, "missing_lines": [12, 13, 14, 15, 16, 18, 19, 21, 23, 24, 26, 44, 47, 48, 49, 50, 51, 54, 152, 183], "excluded_lines": [], "start_line": 1}}, "classes": {"MatchResult": {"executed_lines": [], "summary": {"covered_lines": 0, "num_statements": 0, "percent_covered": 100.0, "percent_covered_display": "100", "missing_lines": 0, "excluded_lines": 0, "percent_statements_covered": 100.0, "percent_statements_covered_display": "100"}, "missing_lines": [], "excluded_lines": [], "start_line": 48}, "": {"executed_lines": [], "summary": {"covered_lines": 0, "num_statements": 99, "percent_covered": 0.0, "percent_covered_display": "0", "missing_lines": 99, "excluded_lines": 0, "percent_statements_covered": 0.0, "percent_statements_covered_display": "0"}, "missing_lines": [12, 13, 14, 15, 16, 18, 19, 21, 23, 24, 26, 44, 47, 48, 49, 50, 51, 54, 72, 73, 74, 76, 77, 78, 80, 81, 82, 83, 86, 87, 88, 89, 90, 91, 92, 93, 94, 95, 97, 102, 103, 104, 112, 113, 116, 123, 124, 125, 128, 129, 131, 132, 133, 134, 135, 136, 137, 138, 140, 141, 142, 143, 146, 149, 152, 156, 161, 168, 169, 170, 172, 173, 174, 175, 180, 183, 185, 186, 187, 189, 190, 191, 192, 194, 195, 200, 201, 203, 204, 205, 210, 211, 212, 213, 215, 216, 217, 218, 219], "excluded_lines": [], "start_line": 1}}}, "src/conversation/reply_tree.py": {"executed_lines": [13, 14, 15, 17, 20, 21, 22, 23, 24, 25, 26, 27, 30, 33, 36, 39, 47, 54, 57, 64, 65, 67, 68, 69, 70, 71, 72, 73, 74, 75, 76, 79, 93, 95, 96, 97, 98, 100, 110, 111, 112, 114, 115, 116, 117, 119, 120, 122, 124, 125, 126, 127, 129, 130, 131, 132, 134, 137, 139, 142, 148, 149, 150, 153, 154, 155, 156, 158, 159, 160, 169, 170, 171, 174, 175, 176, 177, 182, 188, 189, 190, 191, 194, 195, 196, 198, 201, 203, 204, 207, 213, 214, 215, 216, 219, 220, 223, 224, 226, 227, 229, 230, 231, 232, 233, 235, 236, 238, 239, 242, 243, 248], "summary": {"covered_lines": 112, "num_statements": 141, "percent_covered": 79.43262411347517, "percent_covered_display": "79", "missing_lines": 29, "excluded_lines": 0, "percent_statements_covered": 79.43262411347517, "percent_statements_covered_display": "79"}, "missing_lines": [161, 162, 163, 164, 165, 166, 178, 179, 183, 184, 185, 192, 193, 228, 234, 244, 245, 253, 254, 255, 257, 258, 259, 260, 261, 262, 265, 267, 279], "excluded_lines": [], "functions": {"build_reply_tree": {"executed_lines": [93, 95, 96, 97, 98, 100, 110, 111, 112, 114, 115, 116, 117, 119, 120, 122, 124, 125, 126, 127, 129, 130, 131, 132, 134, 137, 139], "summary": {"covered_lines": 27, "num_statements": 27, "percent_covered": 100.0, "percent_covered_display": "100", "missing_lines": 0, "excluded_lines": 0, "percent_statements_covered": 100.0, "percent_statements_covered_display": "100"}, "missing_lines": [], "excluded_lines": [], "start_line": 79}, "_score_reply": {"executed_lines": [148, 149, 150, 153, 154, 155, 156, 158, 159, 160, 169, 170, 171, 174, 175, 176, 177, 182, 188, 189, 190, 191, 194, 195, 196, 198], "summary": {"covered_lines": 26, "num_statements": 39, "percent_covered": 66.66666666666667, "percent_covered_display": "67", "missing_lines": 13, "excluded_lines": 0, "percent_statements_covered": 66.66666666666667, "percent_statements_covered_display": "67"}, "missing_lines": [161, 162, 163, 164, 165, 166, 178, 179, 183, 184, 185, 192, 193], "excluded_lines": [], "start_line": 142}, "_extract_keywords": {"executed_lines": [203, 204], "summary": {"covered_lines": 2, "num_statements": 2, "percent_covered": 100.0, "percent_covered_display": "100", "missing_lines": 0, "excluded_lines": 0, "percent_statements_covered": 100.0, "percent_statements_covered_display": "100"}, "missing_lines": [], "excluded_lines": [], "start_line": 201}, "_assign_thread_ids": {"executed_lines": [213, 214, 215, 216, 219, 220, 223, 224, 226, 227, 229, 230, 231, 232, 233, 235, 236, 238, 239, 242, 243], "summary": {"covered_lines": 21, "num_statements": 25, "percent_covered": 84.0, "percent_covered_display": "84", "missing_lines": 4, "excluded_lines": 0, "percent_statements_covered": 84.0, "percent_statements_covered_display": "84"}, "missing_lines": [228, 234, 244, 245], "excluded_lines": [], "start_line": 207}, "summarize_threads": {"executed_lines": [], "summary": {"covered_lines": 0, "num_statements": 12, "percent_covered": 0.0, "percent_covered_display": "0", "missing_lines": 12, "excluded_lines": 0, "percent_statements_covered": 0.0, "percent_statements_covered_display": "0"}, "missing_lines": [253, 254, 255, 257, 258, 259, 260, 261, 262, 265, 267, 279], "excluded_lines": [], "start_line": 248}, "": {"executed_lines": [13, 14, 15, 17, 20, 21, 22, 23, 24, 25, 26, 27, 30, 33, 36, 39, 47, 54, 57, 64, 65, 67, 68, 69, 70, 71, 72, 73, 74, 75, 76, 79, 142, 201, 207, 248], "summary": {"covered_lines": 36, "num_statements": 36, "percent_covered": 100.0, "percent_covered_display": "100", "missing_lines": 0, "excluded_lines": 0, "percent_statements_covered": 100.0, "percent_statements_covered_display": "100"}, "missing_lines": [], "excluded_lines": [], "start_line": 1}}, "classes": {"ThreadedMessage": {"executed_lines": [], "summary": {"covered_lines": 0, "num_statements": 0, "percent_covered": 100.0, "percent_covered_display": "100", "missing_lines": 0, "excluded_lines": 0, "percent_statements_covered": 100.0, "percent_statements_covered_display": "100"}, "missing_lines": [], "excluded_lines": [], "start_line": 65}, "": {"executed_lines": [13, 14, 15, 17, 20, 21, 22, 23, 24, 25, 26, 27, 30, 33, 36, 39, 47, 54, 57, 64, 65, 67, 68, 69, 70, 71, 72, 73, 74, 75, 76, 79, 93, 95, 96, 97, 98, 100, 110, 111, 112, 114, 115, 116, 117, 119, 120, 122, 124, 125, 126, 127, 129, 130, 131, 132, 134, 137, 139, 142, 148, 149, 150, 153, 154, 155, 156, 158, 159, 160, 169, 170, 171, 174, 175, 176, 177, 182, 188, 189, 190, 191, 194, 195, 196, 198, 201, 203, 204, 207, 213, 214, 215, 216, 219, 220, 223, 224, 226, 227, 229, 230, 231, 232, 233, 235, 236, 238, 239, 242, 243, 248], "summary": {"covered_lines": 112, "num_statements": 141, "percent_covered": 79.43262411347517, "percent_covered_display": "79", "missing_lines": 29, "excluded_lines": 0, "percent_statements_covered": 79.43262411347517, "percent_statements_covered_display": "79"}, "missing_lines": [161, 162, 163, 164, 165, 166, 178, 179, 183, 184, 185, 192, 193, 228, 234, 244, 245, 253, 254, 255, 257, 258, 259, 260, 261, 262, 265, 267, 279], "excluded_lines": [], "start_line": 1}}}, "src/conversation/scrap_detector.py": {"executed_lines": [20, 21, 22, 23, 24, 25, 26, 28, 30, 34, 37, 44, 58, 62, 68, 70, 71, 74, 85, 94, 101, 105, 126, 128, 129, 131, 132, 133, 134, 136, 137, 138, 139, 140, 143, 146, 149, 153, 155, 156, 157, 162, 166, 168, 169, 171, 172, 174, 175, 176, 178, 179, 181, 185, 188, 190, 191, 194, 208, 210, 212, 213, 215, 216, 217, 220, 221, 222, 223, 226, 231, 232, 234, 235, 236, 237, 241, 242, 244, 246, 247, 248, 253, 254, 255, 256, 263, 276, 277, 278, 279, 281, 283, 285, 289, 292, 297, 300, 301, 303, 304, 305, 306, 307, 308, 309, 310, 312, 313, 314, 315, 316, 317, 320, 330, 331, 332, 333, 334, 335, 337, 339, 340, 341, 344, 346, 349, 352, 355, 356, 357, 359, 360, 361, 365, 366, 367, 371, 372, 377, 379, 380, 383, 384, 385, 388, 389, 391, 392, 393, 394, 399, 401, 404, 405, 406, 410, 414, 415, 417, 420], "summary": {"covered_lines": 161, "num_statements": 211, "percent_covered": 76.30331753554502, "percent_covered_display": "76", "missing_lines": 50, "excluded_lines": 0, "percent_statements_covered": 76.30331753554502, "percent_statements_covered_display": "76"}, "missing_lines": [147, 158, 159, 160, 170, 257, 258, 259, 264, 265, 266, 267, 268, 269, 270, 271, 273, 280, 282, 284, 286, 287, 373, 374, 411, 432, 433, 434, 435, 436, 437, 438, 440, 441, 442, 444, 445, 446, 447, 449, 450, 451, 452, 454, 456, 457, 458, 460, 462, 465], "excluded_lines": [], "functions": {"_is_military_unit_type": {"executed_lines": [70, 71], "summary": {"covered_lines": 2, "num_statements": 2, "percent_covered": 100.0, "percent_covered_display": "100", "missing_lines": 0, "excluded_lines": 0, "percent_statements_covered": 100.0, "percent_statements_covered_display": "100"}, "missing_lines": [], "excluded_lines": [], "start_line": 68}, "_expand_abbreviations": {"executed_lines": [128, 129, 131, 132, 133, 134, 136, 137, 138, 139, 140], "summary": {"covered_lines": 11, "num_statements": 11, "percent_covered": 100.0, "percent_covered_display": "100", "missing_lines": 0, "excluded_lines": 0, "percent_statements_covered": 100.0, "percent_statements_covered_display": "100"}, "missing_lines": [], "excluded_lines": [], "start_line": 126}, "_load_orbat_lookup": {"executed_lines": [146, 149, 153, 155, 156, 157, 162, 166, 168, 169, 171, 172, 174, 175, 176, 178, 179, 181], "summary": {"covered_lines": 18, "num_statements": 23, "percent_covered": 78.26086956521739, "percent_covered_display": "78", "missing_lines": 5, "excluded_lines": 0, "percent_statements_covered": 78.26086956521739, "percent_statements_covered_display": "78"}, "missing_lines": [147, 158, 159, 160, 170], "excluded_lines": [], "start_line": 143}, "is_payment_message": {"executed_lines": [190, 191], "summary": {"covered_lines": 2, "num_statements": 2, "percent_covered": 100.0, "percent_covered_display": "100", "missing_lines": 0, "excluded_lines": 0, "percent_statements_covered": 100.0, "percent_statements_covered_display": "100"}, "missing_lines": [], "excluded_lines": [], "start_line": 188}, "extract_entity_refs": {"executed_lines": [208, 210, 215, 220, 221, 222, 223, 226, 231, 232, 234, 235, 236, 237, 241, 242, 244, 246, 247, 248, 253, 254, 255, 256, 263, 276, 277, 278, 279, 281, 283, 285, 289, 292, 297], "summary": {"covered_lines": 35, "num_statements": 52, "percent_covered": 67.3076923076923, "percent_covered_display": "67", "missing_lines": 17, "excluded_lines": 0, "percent_statements_covered": 67.3076923076923, "percent_statements_covered_display": "67"}, "missing_lines": [257, 258, 259, 264, 265, 266, 267, 268, 269, 270, 271, 273, 280, 282, 284, 286, 287], "excluded_lines": [], "start_line": 194}, "extract_entity_refs._is_principal": {"executed_lines": [212, 213], "summary": {"covered_lines": 2, "n
[...]
 450, 452, 453, 454, 457, 458, 459, 460, 463, 464, 465, 468, 470, 472, 473, 474, 475, 477, 478, 481, 482, 483, 484, 486, 489, 490, 491, 492, 493, 495, 497], "excluded_lines": [], "start_line": 1}}}, "src/tracing/push_eval.py": {"executed_lines": [], "summary": {"covered_lines": 0, "num_statements": 97, "percent_covered": 0.0, "percent_covered_display": "0", "missing_lines": 97, "excluded_lines": 0, "percent_statements_covered": 0.0, "percent_statements_covered_display": "0"}, "missing_lines": [8, 9, 10, 12, 14, 17, 33, 34, 35, 36, 37, 38, 39, 41, 42, 44, 45, 46, 48, 49, 50, 52, 53, 55, 56, 57, 59, 62, 63, 64, 65, 67, 68, 69, 70, 71, 72, 73, 74, 75, 77, 79, 80, 81, 84, 85, 86, 87, 88, 89, 90, 92, 93, 96, 97, 99, 100, 101, 107, 108, 109, 113, 116, 117, 119, 120, 121, 122, 123, 124, 132, 133, 134, 138, 141, 142, 145, 146, 147, 148, 149, 150, 151, 157, 158, 159, 163, 166, 169, 170, 171, 177, 178, 179, 183, 185, 188], "excluded_lines": [], "functions": {"push_eval_to_phoenix": {"executed_lines": [], "summary": {"covered_lines": 0, "num_statements": 91, "percent_covered": 0.0, "percent_covered_display": "0", "missing_lines": 91, "excluded_lines": 0, "percent_statements_covered": 0.0, "percent_statements_covered_display": "0"}, "missing_lines": [33, 34, 35, 36, 37, 38, 39, 41, 42, 44, 45, 46, 48, 49, 50, 52, 53, 55, 56, 57, 59, 62, 63, 64, 65, 67, 68, 69, 70, 71, 72, 73, 74, 75, 77, 79, 80, 81, 84, 85, 86, 87, 88, 89, 90, 92, 93, 96, 97, 99, 100, 101, 107, 108, 109, 113, 116, 117, 119, 120, 121, 122, 123, 124, 132, 133, 134, 138, 141, 142, 145, 146, 147, 148, 149, 150, 151, 157, 158, 159, 163, 166, 169, 170, 171, 177, 178, 179, 183, 185, 188], "excluded_lines": [], "start_line": 17}, "": {"executed_lines": [], "summary": {"covered_lines": 0, "num_statements": 6, "percent_covered": 0.0, "percent_covered_display": "0", "missing_lines": 6, "excluded_lines": 0, "percent_statements_covered": 0.0, "percent_statements_covered_display": "0"}, "missing_lines": [8, 9, 10, 12, 14, 17], "excluded_lines": [], "start_line": 1}}, "classes": {"": {"executed_lines": [], "summary": {"covered_lines": 0, "num_statements": 97, "percent_covered": 0.0, "percent_covered_display": "0", "missing_lines": 97, "excluded_lines": 0, "percent_statements_covered": 0.0, "percent_statements_covered_display": "0"}, "missing_lines": [8, 9, 10, 12, 14, 17, 33, 34, 35, 36, 37, 38, 39, 41, 42, 44, 45, 46, 48, 49, 50, 52, 53, 55, 56, 57, 59, 62, 63, 64, 65, 67, 68, 69, 70, 71, 72, 73, 74, 75, 77, 79, 80, 81, 84, 85, 86, 87, 88, 89, 90, 92, 93, 96, 97, 99, 100, 101, 107, 108, 109, 113, 116, 117, 119, 120, 121, 122, 123, 124, 132, 133, 134, 138, 141, 142, 145, 146, 147, 148, 149, 150, 151, 157, 158, 159, 163, 166, 169, 170, 171, 177, 178, 179, 183, 185, 188], "excluded_lines": [], "start_line": 1}}}, "src/tracing/scorers.py": {"executed_lines": [], "summary": {"covered_lines": 0, "num_statements": 93, "percent_covered": 0.0, "percent_covered_display": "0", "missing_lines": 93, "excluded_lines": 0, "percent_statements_covered": 0.0, "percent_statements_covered_display": "0"}, "missing_lines": [8, 9, 10, 12, 15, 16, 18, 19, 20, 21, 22, 23, 24, 25, 27, 28, 29, 30, 31, 33, 34, 45, 54, 57, 58, 59, 60, 61, 62, 64, 67, 68, 69, 70, 72, 75, 76, 77, 81, 83, 84, 85, 86, 93, 94, 95, 97, 98, 99, 106, 107, 109, 112, 114, 117, 118, 120, 121, 123, 124, 125, 126, 128, 129, 130, 132, 137, 139, 142, 143, 150, 153, 156, 158, 159, 162, 163, 164, 165, 166, 167, 168, 169, 170, 171, 173, 175, 185, 186, 187, 191, 192, 194], "excluded_lines": [], "functions": {"ScoreCard.model_selection_accuracy": {"executed_lines": [], "summary": {"covered_lines": 0, "num_statements": 3, "percent_covered": 0.0, "percent_covered_display": "0", "missing_lines": 3, "excluded_lines": 0, "percent_statements_covered": 0.0, "percent_statements_covered_display": "0"}, "missing_lines": [29, 30, 31], "excluded_lines": [], "start_line": 28}, "ScoreCard.summary": {"executed_lines": [], "summary": {"covered_lines": 0, "num_statements": 1, "percent_covered": 0.0, "percent_covered_display": "0", "missing_lines": 1, "excluded_lines": 0, "percent_statements_covered": 0.0, "percent_statements_covered_display": "0"}, "missing_lines": [34], "excluded_lines": [], "start_line": 33}, "score_replay": {"executed_lines": [], "summary": {"covered_lines": 0, "num_statements": 30, "percent_covered": 0.0, "percent_covered_display": "0", "missing_lines": 30, "excluded_lines": 0, "percent_statements_covered": 0.0, "percent_statements_covered_display": "0"}, "missing_lines": [54, 57, 58, 59, 60, 61, 62, 64, 67, 68, 69, 70, 72, 75, 76, 77, 81, 83, 84, 85, 86, 93, 94, 95, 97, 98, 99, 106, 107, 109], "excluded_lines": [], "start_line": 45}, "_check_model_selection": {"executed_lines": [], "summary": {"covered_lines": 0, "num_statements": 18, "percent_covered": 0.0, "percent_covered_display": "0", "missing_lines": 18, "excluded_lines": 0, "percent_statements_covered": 0.0, "percent_statements_covered_display": "0"}, "missing_lines": [114, 117, 118, 120, 121, 123, 124, 125, 126, 128, 129, 130, 132, 137, 139, 142, 143, 150], "excluded_lines": [], "start_line": 112}, "push_scores_to_phoenix": {"executed_lines": [], "summary": {"covered_lines": 0, "num_statements": 21, "percent_covered": 0.0, "percent_covered_display": "0", "missing_lines": 21, "excluded_lines": 0, "percent_statements_covered": 0.0, "percent_statements_covered_display": "0"}, "missing_lines": [156, 158, 159, 162, 163, 164, 165, 166, 167, 168, 169, 170, 171, 173, 175, 185, 186, 187, 191, 192, 194], "excluded_lines": [], "start_line": 153}, "": {"executed_lines": [], "summary": {"covered_lines": 0, "num_statements": 20, "percent_covered": 0.0, "percent_covered_display": "0", "missing_lines": 20, "excluded_lines": 0, "percent_statements_covered": 0.0, "percent_statements_covered_display": "0"}, "missing_lines": [8, 9, 10, 12, 15, 16, 18, 19, 20, 21, 22, 23, 24, 25, 27, 28, 33, 45, 112, 153], "excluded_lines": [], "start_line": 1}}, "classes": {"ScoreCard": {"executed_lines": [], "summary": {"covered_lines": 0, "num_statements": 4, "percent_covered": 0.0, "percent_covered_display": "0", "missing_lines": 4, "excluded_lines": 0, "percent_statements_covered": 0.0, "percent_statements_covered_display": "0"}, "missing_lines": [29, 30, 31, 34], "excluded_lines": [], "start_line": 16}, "": {"executed_lines": [], "summary": {"covered_lines": 0, "num_statements": 89, "percent_covered": 0.0, "percent_covered_display": "0", "missing_lines": 89, "excluded_lines": 0, "percent_statements_covered": 0.0, "percent_statements_covered_display": "0"}, "missing_lines": [8, 9, 10, 12, 15, 16, 18, 19, 20, 21, 22, 23, 24, 25, 27, 28, 33, 45, 54, 57, 58, 59, 60, 61, 62, 64, 67, 68, 69, 70, 72, 75, 76, 77, 81, 83, 84, 85, 86, 93, 94, 95, 97, 98, 99, 106, 107, 109, 112, 114, 117, 118, 120, 121, 123, 124, 125, 126, 128, 129, 130, 132, 137, 139, 142, 143, 150, 153, 156, 158, 159, 162, 163, 164, 165, 166, 167, 168, 169, 170, 171, 173, 175, 185, 186, 187, 191, 192, 194], "excluded_lines": [], "start_line": 1}}}, "src/tracing/staleness.py": {"executed_lines": [], "summary": {"covered_lines": 0, "num_statements": 107, "percent_covered": 0.0, "percent_covered_display": "0", "missing_lines": 107, "excluded_lines": 0, "percent_statements_covered": 0.0, "percent_statements_covered_display": "0"}, "missing_lines": [9, 10, 11, 12, 13, 15, 18, 27, 39, 40, 41, 42, 43, 44, 45, 48, 49, 50, 51, 52, 53, 54, 55, 56, 58, 59, 60, 61, 63, 64, 65, 66, 67, 68, 69, 71, 72, 73, 74, 75, 77, 80, 87, 88, 90, 91, 99, 100, 101, 107, 113, 114, 115, 116, 118, 119, 122, 123, 124, 125, 126, 127, 128, 129, 131, 132, 139, 141, 142, 144, 147, 148, 149, 150, 154, 155, 156, 161, 162, 163, 169, 172, 177, 178, 180, 186, 187, 188, 189, 190, 191, 192, 194, 207, 210, 211, 212, 215, 216, 219, 221, 222, 226, 227, 228, 229, 230], "excluded_lines": [], "functions": {"StalenessReport.print_report": {"executed_lines": [], "summary": {"covered_lines": 0, "num_statements": 16, "percent_covered": 0.0, "percent_covered_display": "0", "missing_lines": 16, "excluded_lines": 0, "percent_statements_covered": 0.0, "percent_statements_covered_display": "0"}, "missing_lines": [59, 60, 61, 63, 64, 65, 66, 67, 68, 69, 71, 72, 73, 74, 75, 77], "excluded_lines": [], "start_line": 58}, "check_staleness": {"executed_lines": [], "summary": {"covered_lines": 0, "num_statements": 39, "percent_covered": 0.0, "percent_covered_display": "0", "missing_lines": 39, "excluded_lines": 0, "percent_statements_covered": 0.0, "percent_statements_covered_display": "0"}, "missing_lines": [87, 88, 90, 91, 99, 100, 101, 107, 113, 114, 115, 116, 118, 119, 122, 123, 124, 125, 126, 127, 128, 129, 131, 132, 139, 141, 142, 144, 147, 148, 149, 150, 154, 155, 156, 161, 162, 163, 169], "excluded_lines": [], "start_line": 80}, "build_drift_prompt_section": {"executed_lines": [], "summary": {"covered_lines": 0, "num_statements": 12, "percent_covered": 0.0, "percent_covered_display": "0", "missing_lines": 12, "excluded_lines": 0, "percent_statements_covered": 0.0, "percent_statements_covered_display": "0"}, "missing_lines": [177, 178, 180, 186, 187, 188, 189, 190, 191, 192, 194, 207], "excluded_lines": [], "start_line": 172}, "_get_head": {"executed_lines": [], "summary": {"covered_lines": 0, "num_statements": 4, "percent_covered": 0.0, "percent_covered_display": "0", "missing_lines": 4, "excluded_lines": 0, "percent_statements_covered": 0.0, "percent_statements_covered_display": "0"}, "missing_lines": [211, 212, 215, 216], "excluded_lines": [], "start_line": 210}, "_get_diff": {"executed_lines": [], "summary": {"covered_lines": 0, "num_statements": 7, "percent_covered": 0.0, "percent_covered_display": "0", "missing_lines": 7, "excluded_lines": 0, "percent_statements_covered": 0.0, "percent_statements_covered_display": "0"}, "missing_lines": [221, 222, 226, 227, 228, 229, 230], "excluded_lines": [], "start_line": 219}, "": {"executed_lines": [], "summary": {"covered_lines": 0, "num_statements": 29, "percent_covered": 0.0, "percent_covered_display": "0", "missing_lines": 29, "excluded_lines": 0, "percent_statements_covered": 0.0, "percent_statements_covered_display": "0"}, "missing_lines": [9, 10, 11, 12, 13, 15, 18, 27, 39, 40, 41, 42, 43, 44, 45, 48, 49, 50, 51, 52, 53, 54, 55, 56, 58, 80, 172, 210, 219], "excluded_lines": [], "start_line": 1}}, "classes": {"FileChange": {"executed_lines": [], "summary": {"covered_lines": 0, "num_statements": 0, "percent_covered": 100.0, "percent_covered_display": "100", "missing_lines": 0, "excluded_lines": 0, "percent_statements_covered": 100.0, "percent_statements_covered_display": "100"}, "missing_lines": [], "excluded_lines": [], "start_line": 40}, "StalenessReport": {"executed_lines": [], "summary": {"covered_lines": 0, "num_statements": 16, "percent_covered": 0.0, "percent_covered_display": "0", "missing_lines": 16, "excluded_lines": 0, "percent_statements_covered": 0.0, "percent_statements_covered_display": "0"}, "missing_lines": [59, 60, 61, 63, 64, 65, 66, 67, 68, 69, 71, 72, 73, 74, 75, 77], "excluded_lines": [], "start_line": 49}, "": {"executed_lines": [], "summary": {"covered_lines": 0, "num_statements": 91, "percent_covered": 0.0, "percent_covered_display": "0", "missing_lines": 91, "excluded_lines": 0, "percent_statements_covered": 0.0, "percent_statements_covered_display": "0"}, "missing_lines": [9, 10, 11, 12, 13, 15, 18, 27, 39, 40, 41, 42, 43, 44, 45, 48, 49, 50, 51, 52, 53, 54, 55, 56, 58, 80, 87, 88, 90, 91, 99, 100, 101, 107, 113, 114, 115, 116, 118, 119, 122, 123, 124, 125, 126, 127, 128, 129, 131, 132, 139, 141, 142, 144, 147, 148, 149, 150, 154, 155, 156, 161, 162, 163, 169, 172, 177, 178, 180, 186, 187, 188, 189, 190, 191, 192, 194, 207, 210, 211, 212, 215, 216, 219, 221, 222, 226, 227, 228, 229, 230], "excluded_lines": [], "start_line": 1}}}, "src/tracing/tracer.py": {"executed_lines": [], "summary": {"covered_lines": 0, "num_statements": 152, "percent_covered": 0.0, "percent_covered_display": "0", "missing_lines": 152, "excluded_lines": 0, "percent_statements_covered": 0.0, "percent_statements_covered_display": "0"}, "missing_lines": [28, 29, 30, 31, 32, 33, 35, 37, 38, 39, 40, 41, 43, 46, 49, 56, 57, 58, 61, 62, 65, 69, 70, 71, 72, 73, 74, 75, 78, 79, 80, 81, 82, 83, 84, 85, 88, 94, 104, 105, 106, 107, 108, 109, 110, 111, 112, 113, 115, 124, 125, 128, 129, 130, 131, 132, 134, 136, 137, 144, 151, 152, 155, 156, 157, 158, 159, 160, 162, 163, 165, 169, 171, 172, 173, 174, 178, 179, 185, 186, 187, 189, 190, 191, 194, 196, 215, 216, 218, 219, 220, 221, 222, 223, 224, 226, 232, 233, 234, 235, 237, 238, 241, 242, 244, 245, 246, 247, 248, 249, 251, 253, 258, 259, 261, 262, 266, 279, 280, 282, 285, 286, 288, 295, 310, 311, 313, 321, 322, 324, 325, 326, 327, 328, 329, 330, 331, 333, 334, 336, 358, 359, 361, 362, 364, 370, 371, 373, 379, 387, 403, 404], "excluded_lines": [], "functions": {"_estimate_cost": {"executed_lines": [], "summary": {"covered_lines": 0, "num_statements": 2, "percent_covered": 0.0, "percent_covered_display": "0", "missing_lines": 2, "excluded_lines": 0, "percent_statements_covered": 0.0, "percent_statements_covered_display": "0"}, "missing_lines": [57, 58], "excluded_lines": [], "start_line": 56}, "_now_ns": {"executed_lines": [], "summary": {"covered_lines": 0, "num_statements": 1, "percent_covered": 0.0, "percent_covered_display": "0", "missing_lines": 1, "excluded_lines": 0, "percent_statements_covered": 0.0, "percent_statements_covered_display": "0"}, "missing_lines": [62], "excluded_lines": [], "start_line": 61}, "check_phoenix_connectivity": {"executed_lines": [], "summary": {"covered_lines": 0, "num_statements": 7, "percent_covered": 0.0, "percent_covered_display": "0", "missing_lines": 7, "excluded_lines": 0, "percent_statements_covered": 0.0, "percent_statements_covered_display": "0"}, "missing_lines": [69, 70, 71, 72, 73, 74, 75], "excluded_lines": [], "start_line": 65}, "ReplayTracer.__init__": {"executed_lines": [], "summary": {"covered_lines": 0, "num_statements": 10, "percent_covered": 0.0, "percent_covered_display": "0", "missing_lines": 10, "excluded_lines": 0, "percent_statements_covered": 0.0, "percent_statements_covered_display": "0"}, "missing_lines": [104, 105, 106, 107, 108, 109, 110, 111, 112, 113], "excluded_lines": [], "start_line": 94}, "ReplayTracer.start": {"executed_lines": [], "summary": {"covered_lines": 0, "num_statements": 22, "percent_covered": 0.0, "percent_covered_display": "0", "missing_lines": 22, "excluded_lines": 0, "percent_statements_covered": 0.0, "percent_statements_covered_display": "0"}, "missing_lines": [124, 125, 128, 129, 130, 131, 132, 134, 136, 137, 144, 151, 152, 155, 156, 157, 158, 159, 160, 162, 163, 165], "excluded_lines": [], "start_line": 115}, "ReplayTracer.stop": {"executed_lines": [], "summary": {"covered_lines": 0, "num_statements": 4, "percent_covered": 0.0, "percent_covered_display": "0", "missing_lines": 4, "excluded_lines": 0, "percent_statements_covered": 0.0, "percent_statements_covered_display": "0"}, "missing_lines": [171, 172, 173, 174], "excluded_lines": [], "start_line": 169}, "ReplayTracer.trace_message": {"executed_lines": [], "summary": {"covered_lines": 0, "num_statements": 24, "percent_covered": 0.0, "percent_covered_display": "0", "missing_lines": 24, "excluded_lines": 0, "percent_statements_covered": 0.0, "percent_statements_covered_display": "0"}, "missing_lines": [185, 186, 187, 189, 190, 191, 194, 196, 215, 216, 218, 219, 220, 221, 222, 223, 224, 226, 232, 233, 234, 235, 237, 238], "excluded_lines": [], "start_line": 179}, "MessageTrace.record_routing": {"executed_lines": [], "summary": {"covered_lines": 0, "num_statements": 8, "percent_covered": 0.0, "percent_covered_display": "0", "missing_lines": 8, "excluded_lines": 0, "percent_statements_covered": 0.0, "percent_statements_covered_display": "0"}, "missing_lines": [253, 258, 259, 261, 262, 266, 279, 280], "excluded_lines": [], "start_line": 251}, "MessageTrace.record_task_resolution": {"executed_lines": [], "summary": {"covered_lines": 0, "num_statements": 6, "percent_covered": 0.0, "percent_covered_display": "0", "missing_lines": 6, "excluded_lines": 0, "percent_statements_covered": 0.0, "percent_statements_covered_display": "0"}, "missing_lines": [285, 286, 288, 295, 310, 311], "excluded_lines": [], "start_line": 282}, "MessageTrace.record_llm_call": {"executed_lines": [], "summary": {"covered_lines": 0, "num_statements": 17, "percent_covered": 0.0, "percent_covered_display": "0", "missing_lines": 17, "excluded_lines": 0, "percent_statements_covered": 0.0, "percent_statements_covered_display": "0"}, "missing_lines": [321, 322, 324, 325, 326, 327, 328, 329, 330, 331, 333, 334, 336, 358, 359, 361, 362], "excluded_lines": [], "start_line": 313}, "MessageTrace.record_post_processing": {"executed_lines": [], "summary": {"covered_lines": 0, "num_statements": 7, "percent_covered": 0.0, "percent_covered_display": "0", "missing_lines": 7, "excluded_lines": 0, "percent_statements_covered": 0.0, "percent_statements_covered_display": "0"}, "missing_lines": [370, 371, 373, 379, 387, 403, 404], "excluded_lines": [], "start_line": 364}, "": {"executed_lines": [], "summary": {"covered_lines": 0, "num_statements": 44, "percent_covered": 0.0, "percent_covered_display": "0", "missing_lines": 44, "excluded_lines": 0, "percent_statements_covered": 0.0, "percent_statements_covered_display": "0"}, "missing_lines": [28, 29, 30, 31, 32, 33, 35, 37, 38, 39, 40, 41, 43, 46, 49, 56, 61, 65, 78, 79, 80, 81, 82, 83, 84, 85, 88, 94, 115, 169, 178, 179, 241, 242, 244, 245, 246, 247, 248, 249, 251, 282, 313, 364], "excluded_lines": [], "start_line": 1}}, "classes": {"RunContext": {"executed_lines": [], "summary": {"covered_lines": 0, "num_statements": 0, "percent_covered": 100.0, "percent_covered_display": "100", "missing_lines": 0, "excluded_lines": 0, "percent_statements_covered": 100.0, "percent_statements_covered_display": "100"}, "missing_lines": [], "excluded_lines": [], "start_line": 79}, "ReplayTracer": {"executed_lines": [], "summary": {"covered_lines": 0, "num_statements": 60, "percent_covered": 0.0, "percent_covered_display": "0", "missing_lines": 60, "excluded_lines": 0, "percent_statements_covered": 0.0, "percent_statements_covered_display": "0"}, "missing_lines": [104, 105, 106, 107, 108, 109, 110, 111, 112, 113, 124, 125, 128, 129, 130, 131, 132, 134, 136, 137, 144, 151, 152, 155, 156, 157, 158, 159, 160, 162, 163, 165, 171, 172, 173, 174, 185, 186, 187, 189, 190, 191, 194, 196, 215, 216, 218, 219, 220, 221, 222, 223, 224, 226, 232, 233, 234, 235, 237, 238], "excluded_lines": [], "start_line": 88}, "MessageTrace": {"executed_lines": [], "summary": {"covered_lines": 0, "num_statements": 38, "percent_covered": 0.0, "percent_covered_display": "0", "missing_lines": 38, "excluded_lines": 0, "percent_statements_covered": 0.0, "percent_statements_covered_display": "0"}, "missing_lines": [253, 258, 259, 261, 262, 266, 279, 280, 285, 286, 288, 295, 310, 311, 321, 322, 324, 325, 326, 327, 328, 329, 330, 331, 333, 334, 336, 358, 359, 361, 362, 370, 371, 373, 379, 387, 403, 404], "excluded_lines": [], "start_line": 242}, "": {"executed_lines": [], "summary": {"covered_lines": 0, "num_statements": 54, "percent_covered": 0.0, "percent_covered_display": "0", "missing_lines": 54, "excluded_lines": 0, "percent_statements_covered": 0.0, "percent_statements_covered_display": "0"}, "missing_lines": [28, 29, 30, 31, 32, 33, 35, 37, 38, 39, 40, 41, 43, 46, 49, 56, 57, 58, 61, 62, 65, 69, 70, 71, 72, 73, 74, 75, 78, 79, 80, 81, 82, 83, 84, 85, 88, 94, 115, 169, 178, 179, 241, 242, 244, 245, 246, 247, 248, 249, 251, 282, 313, 364], "excluded_lines": [], "start_line": 1}}}}, "totals": {"covered_lines": 1745, "num_statements": 4533, "percent_covered": 38.4954776086477, "percent_covered_display": "38", "missing_lines": 2788, "excluded_lines": 0, "percent_statements_covered": 38.4954776086477, "percent_statements_covered_display": "38"}}